[22.03.2016 | 13:20:26] Talorin.Goldberry ist wieder gekommen.
[22.03.2016 | 13:56:25] Talorin.Goldberry ist wieder gekommen.
[23.03.2016 | 19:52:32] Matze.Gamingtv ist wieder gekommen.
[23.03.2016 | 20:50:21] Matze.Gamingtv ist wieder gekommen.
[05.04.2016 | 18:36:37] Matze.Gamingtv ist wieder gekommen.
[05.04.2016 | 18:59:31] Matze.Gamingtv ist afk gegangen.
[05.04.2016 | 19:01:59] Matze.Gamingtv ist wieder gekommen.
[07.04.2016 | 21:20:44] Matze.Gamingtv ist wieder gekommen.
[08.04.2016 | 02:03:02] Matze.Gamingtv ist wieder gekommen.
[08.04.2016 | 03:03:43] Matze.Gamingtv ist wieder gekommen.
[08.04.2016 | 21:36:56] Ben.Akaisda ist wieder gekommen.
[08.04.2016 | 21:52:03] Ben.Akaisda ist afk gegangen.
[08.04.2016 | 22:44:20] Florian.Mrpacman ist wieder gekommen.
[08.04.2016 | 22:44:57] Florian.Mrpacman ist afk gegangen.
[08.04.2016 | 22:49:51] Florian.Mrpacman ist wieder gekommen.
[08.04.2016 | 22:50:12] Florian.Mrpacman ist afk gegangen.
[08.04.2016 | 22:50:15] Florian.Mrpacman ist wieder gekommen.
[09.04.2016 | 13:36:06] Ben.Akaisda ist wieder gekommen.
[09.04.2016 | 18:09:26] Matze.Gamingtv ist wieder gekommen.
[09.04.2016 | 18:20:32] Ben.Akaisda ist wieder gekommen.
[09.04.2016 | 19:33:40] Prince.Boateng ist wieder gekommen.
[10.04.2016 | 13:32:33] Prince.Boateng ist wieder gekommen.
[10.04.2016 | 13:33:09] Prince.Boateng ist afk gegangen.
[10.04.2016 | 13:58:41] Sebastian.Layer ist wieder gekommen.
[10.04.2016 | 15:06:08] Sebastian.Layer ist afk gegangen.
[10.04.2016 | 15:07:20] Sebastian.Layer ist wieder gekommen.
[10.04.2016 | 16:11:40] Ben.Akaisda ist wieder gekommen.
[10.04.2016 | 16:41:13] Ben.Akaisda ist afk gegangen.
[10.04.2016 | 16:46:37] Ben.Akaisda ist wieder gekommen.
[10.04.2016 | 17:05:29] Marcel.Gamer ist wieder gekommen.
[10.04.2016 | 17:06:09] Marcel.Gamer ist afk gegangen.
[10.04.2016 | 17:06:13] Marcel.Gamer ist wieder gekommen.
[10.04.2016 | 20:22:11] Jay.Mcmillen ist wieder gekommen.
[10.04.2016 | 21:08:27] Dennis.Wagner ist wieder gekommen.
[10.04.2016 | 21:09:44] Sebastian.Layer ist wieder gekommen.
[11.04.2016 | 19:26:46] Webi.Profi ist wieder gekommen.
[11.04.2016 | 19:37:12] Sebastian.Layer ist wieder gekommen.
[11.04.2016 | 19:58:09] Sebastian.Layer ist afk gegangen.
[11.04.2016 | 20:20:24] Matze.Gamingtv ist wieder gekommen.
[11.04.2016 | 21:25:00] Matze.Gamingtv ist afk gegangen.
[11.04.2016 | 21:25:42] Matze.Gamingtv ist wieder gekommen.
[12.04.2016 | 19:02:13] Dennis.Wagner ist wieder gekommen.
[12.04.2016 | 20:05:39] Webi.Profi ist wieder gekommen.
[12.04.2016 | 20:22:19] Matze.Gamingtv ist wieder gekommen.
[13.04.2016 | 12:08:03] Sebastian.Layer ist wieder gekommen.
[13.04.2016 | 15:11:26] Webi.Profi ist wieder gekommen.
[14.04.2016 | 18:26:38] Sebastian.Wolters ist wieder gekommen.
[14.04.2016 | 18:40:31] Talorin.Goldberry ist wieder gekommen.
[14.04.2016 | 19:35:17] Matze.Gamingtv ist wieder gekommen.
[29.04.2016 | 10:55:50] Matze.Gamingtv ist wieder gekommen.
[29.04.2016 | 12:11:31] Matze.Gamingtv ist wieder gekommen.
[05.05.2016 | 00:38:35] Matze.Gamingtv ist wieder gekommen.
[06.05.2016 | 21:42:51] Florian.Pacman ist wieder gekommen.
[06.05.2016 | 22:07:43] Ben.Akaisda ist wieder gekommen.
[06.05.2016 | 23:20:05] Ben.Akaisda ist afk gegangen.
[07.05.2016 | 14:29:55] Ben.Akaisda ist wieder gekommen.
[09.05.2016 | 18:13:07] Marcel.Zockerhd ist wieder gekommen.
[13.06.2016 | 11:23:08] Matze.Gamingtv ist wieder gekommen.
[13.06.2016 | 17:33:14] Matze.Gamingtv ist wieder gekommen.
[13.06.2016 | 19:32:01] Matze.Gamingtv ist wieder gekommen.
[14.06.2016 | 17:14:42] Matze.Gamingtv ist wieder gekommen.
[15.06.2016 | 16:51:21] Matze.Gamingtv ist wieder gekommen.
[18.06.2016 | 23:27:03] Gamer.Ladynicky ist wieder gekommen.
[18.06.2016 | 23:45:24] Matze.Gamingtv ist wieder gekommen.
[20.06.2016 | 14:32:27] Gamer.Ladynicky ist wieder gekommen.
[20.06.2016 | 14:53:42] Gamer.Ladynicky ist afk gegangen.
[20.06.2016 | 14:54:03] Gamer.Ladynicky ist wieder gekommen.
[20.06.2016 | 15:33:33] Gamer.Ladynicky ist wieder gekommen.
[20.06.2016 | 16:09:12] Gamer.Ladynicky ist afk gegangen.
[20.06.2016 | 16:13:58] Gamer.Ladynicky ist wieder gekommen.
[20.06.2016 | 16:54:30] Gamer.Ladynicky ist afk gegangen.
[20.06.2016 | 16:54:39] Gamer.Ladynicky ist wieder gekommen.
[20.06.2016 | 17:26:48] Gamer.Ladynicky ist afk gegangen.
[20.06.2016 | 17:26:53] Gamer.Ladynicky ist wieder gekommen.
[20.06.2016 | 17:55:04] Gamer.Ladynicky ist afk gegangen.
[20.06.2016 | 18:00:10] Gamer.Ladynicky ist wieder gekommen.
[20.06.2016 | 18:25:59] Gamer.Ladynicky ist afk gegangen.
[20.06.2016 | 19:08:47] Gamer.Ladynicky ist wieder gekommen.
[20.06.2016 | 19:24:46] Gamer.Ladynicky ist afk gegangen.
[20.06.2016 | 19:24:49] Gamer.Ladynicky ist wieder gekommen.
[20.06.2016 | 20:24:11] Gamer.Ladynicky ist afk gegangen.
[20.06.2016 | 20:30:23] Gamer.Ladynicky ist wieder gekommen.
[20.06.2016 | 20:39:13] Gamer.Ladynicky ist afk gegangen.
[20.06.2016 | 20:40:15] Gamer.Ladynicky ist wieder gekommen.
[20.06.2016 | 22:37:45] Florian.Mrpacman ist wieder gekommen.
[22.06.2016 | 18:51:31] Florian.Mrpacman ist wieder gekommen.
[22.06.2016 | 19:11:14] Florian.Mrpacman ist afk gegangen.
[22.06.2016 | 19:18:40] Matze.Gamingtv ist wieder gekommen.
[22.06.2016 | 19:24:36] Florian.Mrpacman ist wieder gekommen.
[22.06.2016 | 19:33:48] Matze.Gamingtv ist afk gegangen.
[22.06.2016 | 20:05:17] Matze.Gamingtv ist wieder gekommen.
[22.06.2016 | 20:45:41] Matze.Gamingtv ist afk gegangen.
[25.06.2016 | 20:03:45] Florian.Mrpacman ist wieder gekommen.
[26.06.2016 | 19:33:22] Florian.Mrpacman ist wieder gekommen.
[26.06.2016 | 19:58:50] Florian.Mrpacman ist afk gegangen.
[26.06.2016 | 20:06:37] Florian.Mrpacman ist wieder gekommen.
[28.06.2016 | 16:29:06] Matze.Gamingtv ist wieder gekommen.
[28.06.2016 | 17:31:31] Matze.Gamingtv ist afk gegangen.
[28.06.2016 | 17:59:43] Matze.Gamingtv ist wieder gekommen.
[29.06.2016 | 17:14:18] Marcel.Redhead ist wieder gekommen.
[29.06.2016 | 18:20:36] Florian.Mrpacman ist wieder gekommen.
[29.06.2016 | 18:26:21] Marcel.Redhead ist wieder gekommen.
[29.06.2016 | 19:17:35] Florian.Mrpacman ist afk gegangen.
[29.06.2016 | 19:21:28] Florian.Mrpacman ist wieder gekommen.
[29.06.2016 | 20:03:22] Florian.Mrpacman ist afk gegangen.
[29.06.2016 | 20:10:39] Florian.Mrpacman ist wieder gekommen.
[29.06.2016 | 22:13:50] Florian.Mrpacman ist wieder gekommen.
[30.06.2016 | 15:26:52] Marcel.Redhead ist wieder gekommen.
[30.06.2016 | 18:39:01] Florian.Mrpacman ist wieder gekommen.
[30.06.2016 | 20:46:30] Marcel.Redhead ist wieder gekommen.
[01.07.2016 | 20:20:09] Florian.Mrpacman ist wieder gekommen.
[01.07.2016 | 21:36:57] Florian.Mrpacman ist afk gegangen.
[01.07.2016 | 21:40:05] Florian.Mrpacman ist wieder gekommen.
[01.07.2016 | 21:42:27] Matze.Gamingtv ist wieder gekommen.
