[21.03.2016 | 23:37:55] Matze.Gamingtv hat einen Infernus bestellt.
[21.03.2016 | 23:38:24] Matze.Gamingtv hat einen Infernus bestellt.
[21.03.2016 | 23:38:31] Matze.Gamingtv hat einen Tornado bestellt.
[21.03.2016 | 23:38:33] Matze.Gamingtv hat einen Tornado bestellt.
[21.03.2016 | 23:38:39] Matze.Gamingtv hat einen Huntley bestellt.
[21.03.2016 | 23:38:42] Matze.Gamingtv hat einen Huntley bestellt.
[21.03.2016 | 23:38:46] Matze.Gamingtv hat einen Tampa bestellt.
[21.03.2016 | 23:38:46] Matze.Gamingtv hat einen Tampa bestellt.
[21.03.2016 | 23:38:47] Matze.Gamingtv hat einen Tampa bestellt.
[21.03.2016 | 23:38:47] Matze.Gamingtv hat einen Tampa bestellt.
[22.03.2016 | 01:06:39] Matze.Gamingtv hat einen Linerunner bestellt.
[22.03.2016 | 01:06:40] Matze.Gamingtv hat einen Linerunner bestellt.
[22.03.2016 | 12:42:17] Matze.Gamingtv hat einen Towtruck bestellt.
[22.03.2016 | 12:42:19] Matze.Gamingtv hat einen Towtruck bestellt.
[22.03.2016 | 12:42:20] Matze.Gamingtv hat einen Towtruck bestellt.
[22.03.2016 | 12:42:20] Matze.Gamingtv hat einen Towtruck bestellt.
[22.03.2016 | 12:42:21] Matze.Gamingtv hat einen Towtruck bestellt.
[22.03.2016 | 12:42:21] Matze.Gamingtv hat einen Towtruck bestellt.
[22.03.2016 | 13:34:04] Matze.Gamingtv hat einen Police LS bestellt.
[22.03.2016 | 13:34:08] Matze.Gamingtv hat einen Police LS bestellt.
[22.03.2016 | 13:34:10] Matze.Gamingtv hat einen Police LS bestellt.
[22.03.2016 | 13:34:11] Matze.Gamingtv hat einen Police LS bestellt.
[22.03.2016 | 13:34:12] Matze.Gamingtv hat einen Police LS bestellt.
[22.03.2016 | 13:34:13] Matze.Gamingtv hat einen Police LS bestellt.
[22.03.2016 | 13:50:02] Matze.Gamingtv hat einen Police LS bestellt.
[22.03.2016 | 13:50:03] Matze.Gamingtv hat einen Police LS bestellt.
[22.03.2016 | 13:50:16] Matze.Gamingtv hat einen Police LS bestellt.
[22.03.2016 | 13:50:17] Matze.Gamingtv hat einen Police LS bestellt.
[22.03.2016 | 13:56:04] Matze.Gamingtv hat einen Police Ranger bestellt.
[22.03.2016 | 13:56:05] Matze.Gamingtv hat einen Police Ranger bestellt.
[22.03.2016 | 13:56:05] Matze.Gamingtv hat einen Police Ranger bestellt.
[22.03.2016 | 14:02:16] Matze.Gamingtv hat einen Police LS bestellt.
[22.03.2016 | 14:04:02] Matze.Gamingtv hat einen Police LS bestellt.
[22.03.2016 | 14:05:46] Matze.Gamingtv hat einen HPV1000 bestellt.
[22.03.2016 | 14:05:47] Matze.Gamingtv hat einen HPV1000 bestellt.
[22.03.2016 | 14:07:17] Matze.Gamingtv hat einen HPV1000 bestellt.
[22.03.2016 | 14:07:19] Matze.Gamingtv hat einen HPV1000 bestellt.
[22.03.2016 | 14:07:21] Matze.Gamingtv hat einen HPV1000 bestellt.
[22.03.2016 | 14:10:13] Matze.Gamingtv hat einen Police Ranger bestellt.
[22.03.2016 | 14:10:14] Matze.Gamingtv hat einen Police Ranger bestellt.
[22.03.2016 | 14:12:02] Matze.Gamingtv hat einen Enforcer bestellt.
[22.03.2016 | 14:12:03] Matze.Gamingtv hat einen Enforcer bestellt.
[22.03.2016 | 14:56:32] Matze.Gamingtv hat einen Cheetah bestellt.
[22.03.2016 | 14:56:39] Matze.Gamingtv hat einen Buffalo bestellt.
[22.03.2016 | 14:56:48] Matze.Gamingtv hat einen Burrito bestellt.
[22.03.2016 | 14:57:13] Matze.Gamingtv hat einen Sentinel bestellt.
[22.03.2016 | 14:57:17] Matze.Gamingtv hat einen Sultan bestellt.
[22.03.2016 | 14:57:21] Matze.Gamingtv hat einen Primo bestellt.
[22.03.2016 | 14:57:37] Matze.Gamingtv hat einen Merit bestellt.
[23.03.2016 | 01:57:53] Matze.Gamingtv hat einen Pony bestellt.
[23.03.2016 | 01:57:54] Matze.Gamingtv hat einen Pony bestellt.
[23.03.2016 | 01:57:59] Matze.Gamingtv hat einen DFT-30 bestellt.
[23.03.2016 | 01:58:00] Matze.Gamingtv hat einen DFT-30 bestellt.
[23.03.2016 | 02:41:57] Matze.Gamingtv hat einen Elegy bestellt.
[23.03.2016 | 02:41:58] Matze.Gamingtv hat einen Elegy bestellt.
[23.03.2016 | 02:42:29] Matze.Gamingtv hat einen Stratum bestellt.
[23.03.2016 | 02:42:30] Matze.Gamingtv hat einen Stratum bestellt.
[23.03.2016 | 21:24:52] Matze.Gamingtv hat einen Towtruck bestellt.
[23.03.2016 | 21:24:53] Matze.Gamingtv hat einen Towtruck bestellt.
[23.03.2016 | 21:31:51] Matze.Gamingtv hat einen Faggio bestellt.
[23.03.2016 | 21:31:52] Matze.Gamingtv hat einen Faggio bestellt.
[23.03.2016 | 21:31:53] Matze.Gamingtv hat einen Faggio bestellt.
[23.03.2016 | 21:31:53] Matze.Gamingtv hat einen Faggio bestellt.
[23.03.2016 | 22:03:31] Matze.Gamingtv hat einen Faggio bestellt.
[23.03.2016 | 22:11:00] Matze.Gamingtv hat einen Ambulance bestellt.
[23.03.2016 | 22:11:01] Matze.Gamingtv hat einen Ambulance bestellt.
[23.03.2016 | 22:11:01] Matze.Gamingtv hat einen Ambulance bestellt.
[23.03.2016 | 22:11:02] Matze.Gamingtv hat einen Ambulance bestellt.
[23.03.2016 | 22:40:13] Matze.Gamingtv hat einen Leviathan bestellt.
[23.03.2016 | 22:40:15] Matze.Gamingtv hat einen Leviathan bestellt.
[05.04.2016 | 19:04:44] Matze.Gamingtv hat einen Sultan bestellt.
[05.04.2016 | 19:04:45] Matze.Gamingtv hat einen Sultan bestellt.
[05.04.2016 | 19:04:46] Matze.Gamingtv hat einen Sultan bestellt.
[05.04.2016 | 19:04:49] Matze.Gamingtv hat einen Elegy bestellt.
[05.04.2016 | 19:05:14] Matze.Gamingtv hat einen Turismo bestellt.
[05.04.2016 | 19:05:15] Matze.Gamingtv hat einen Turismo bestellt.
[05.04.2016 | 19:05:43] Matze.Gamingtv hat einen Landstalker bestellt.
[05.04.2016 | 19:05:53] Matze.Gamingtv hat einen Buffalo bestellt.
[05.04.2016 | 19:05:56] Matze.Gamingtv hat einen Bullet bestellt.
[05.04.2016 | 19:06:04] Matze.Gamingtv hat einen Infernus bestellt.
[05.04.2016 | 19:06:08] Matze.Gamingtv hat einen Turismo bestellt.
[05.04.2016 | 19:06:21] Matze.Gamingtv hat einen Banshee bestellt.
[05.04.2016 | 19:06:22] Matze.Gamingtv hat einen Banshee bestellt.
[06.04.2016 | 00:05:38] Matze.Gamingtv hat einen Sentinel bestellt.
[06.04.2016 | 00:05:41] Matze.Gamingtv hat einen Sentinel bestellt.
[06.04.2016 | 00:05:41] Matze.Gamingtv hat einen Sentinel bestellt.
[06.04.2016 | 00:05:42] Matze.Gamingtv hat einen Sentinel bestellt.
[06.04.2016 | 00:05:42] Matze.Gamingtv hat einen Sentinel bestellt.
[06.04.2016 | 00:10:42] Matze.Gamingtv hat einen Sentinel bestellt.
[06.04.2016 | 00:10:43] Matze.Gamingtv hat einen Sentinel bestellt.
[06.04.2016 | 00:10:44] Matze.Gamingtv hat einen Sentinel bestellt.
[06.04.2016 | 00:43:25] Matze.Gamingtv hat einen Infernus bestellt.
[06.04.2016 | 00:51:25] Matze.Gamingtv hat einen Dodo bestellt.
[06.04.2016 | 00:51:57] Matze.Gamingtv hat einen Dodo bestellt.
[07.04.2016 | 23:15:05] Matze.Gamingtv hat einen Bravura bestellt.
[07.04.2016 | 23:15:06] Matze.Gamingtv hat einen Bravura bestellt.
[07.04.2016 | 23:15:18] Matze.Gamingtv hat einen Stretch bestellt.
[07.04.2016 | 23:15:22] Matze.Gamingtv hat einen Stretch bestellt.
[07.04.2016 | 23:15:33] Matze.Gamingtv hat einen Moonbeam bestellt.
[07.04.2016 | 23:15:34] Matze.Gamingtv hat einen Moonbeam bestellt.
[07.04.2016 | 23:15:56] Matze.Gamingtv hat einen Esperanto bestellt.
[07.04.2016 | 23:15:58] Matze.Gamingtv hat einen Esperanto bestellt.
[07.04.2016 | 23:16:23] Matze.Gamingtv hat einen Bobcat bestellt.
[07.04.2016 | 23:16:23] Matze.Gamingtv hat einen Bobcat bestellt.
[07.04.2016 | 23:16:40] Matze.Gamingtv hat einen Hunter bestellt.
[07.04.2016 | 23:16:42] Matze.Gamingtv hat einen Hunter bestellt.
[07.04.2016 | 23:17:25] Matze.Gamingtv hat einen Romero bestellt.
[07.04.2016 | 23:17:27] Matze.Gamingtv hat einen Romero bestellt.
[07.04.2016 | 23:17:38] Matze.Gamingtv hat einen Packer bestellt.
[07.04.2016 | 23:17:39] Matze.Gamingtv hat einen Packer bestellt.
[07.04.2016 | 23:17:53] Matze.Gamingtv hat einen Flatbed bestellt.
[07.04.2016 | 23:17:54] Matze.Gamingtv hat einen Flatbed bestellt.
[07.04.2016 | 23:18:05] Matze.Gamingtv hat einen Solair bestellt.
[08.04.2016 | 17:55:38] Matze.Gamingtv hat einen Hydra bestellt.
[08.04.2016 | 17:55:39] Matze.Gamingtv hat einen Hydra bestellt.
[08.04.2016 | 18:11:47] Matze.Gamingtv hat einen Solair bestellt.
[08.04.2016 | 18:12:01] Matze.Gamingtv hat einen Patriot bestellt.
[08.04.2016 | 18:12:02] Matze.Gamingtv hat einen Patriot bestellt.
[08.04.2016 | 18:12:16] Matze.Gamingtv hat einen ZR-350 bestellt.
[08.04.2016 | 18:18:44] Matze.Gamingtv hat einen ZR-350 bestellt.
[08.04.2016 | 18:19:24] Matze.Gamingtv hat einen Comet bestellt.
[08.04.2016 | 18:19:25] Matze.Gamingtv hat einen Comet bestellt.
[08.04.2016 | 18:44:47] Matze.Gamingtv hat einen Camper bestellt.
[08.04.2016 | 18:44:48] Matze.Gamingtv hat einen Camper bestellt.
[08.04.2016 | 18:44:59] Matze.Gamingtv hat einen Maverick bestellt.
[08.04.2016 | 18:44:59] Matze.Gamingtv hat einen Maverick bestellt.
[08.04.2016 | 18:45:11] Matze.Gamingtv hat einen Sandking bestellt.
[08.04.2016 | 18:45:12] Matze.Gamingtv hat einen Sandking bestellt.
[08.04.2016 | 18:45:55] Matze.Gamingtv hat einen Blista Compact bestellt.
[08.04.2016 | 18:45:56] Matze.Gamingtv hat einen Blista Compact bestellt.
[08.04.2016 | 18:46:11] Matze.Gamingtv hat einen Super GT bestellt.
[08.04.2016 | 18:46:12] Matze.Gamingtv hat einen Super GT bestellt.
[08.04.2016 | 18:54:14] Matze.Gamingtv hat einen Tampa bestellt.
[08.04.2016 | 18:54:47] Matze.Gamingtv hat einen Stuntplane bestellt.
[08.04.2016 | 18:54:47] Matze.Gamingtv hat einen Stuntplane bestellt.
[08.04.2016 | 18:56:48] Matze.Gamingtv hat einen Roadtrain bestellt.
[08.04.2016 | 18:56:49] Matze.Gamingtv hat einen Roadtrain bestellt.
[08.04.2016 | 18:57:56] Matze.Gamingtv hat einen Roadtrain bestellt.
[08.04.2016 | 18:59:24] Matze.Gamingtv hat einen Shamal bestellt.
[08.04.2016 | 18:59:25] Matze.Gamingtv hat einen Shamal bestellt.
[09.04.2016 | 16:43:05] Matze.Gamingtv hat einen Caddy bestellt.
[09.04.2016 | 16:43:07] Matze.Gamingtv hat einen Caddy bestellt.
[09.04.2016 | 16:43:19] Matze.Gamingtv hat einen Caddy bestellt.
[09.04.2016 | 16:43:19] Matze.Gamingtv hat einen Caddy bestellt.
[09.04.2016 | 16:43:20] Matze.Gamingtv hat einen Caddy bestellt.
[09.04.2016 | 16:43:20] Matze.Gamingtv hat einen Caddy bestellt.
[09.04.2016 | 16:43:20] Matze.Gamingtv hat einen Caddy bestellt.
[09.04.2016 | 16:43:20] Matze.Gamingtv hat einen Caddy bestellt.
[09.04.2016 | 16:43:20] Matze.Gamingtv hat einen Caddy bestellt.
[09.04.2016 | 16:43:21] Matze.Gamingtv hat einen Caddy bestellt.
[09.04.2016 | 16:43:21] Matze.Gamingtv hat einen Caddy bestellt.
[09.04.2016 | 16:43:21] Matze.Gamingtv hat einen Caddy bestellt.
[09.04.2016 | 16:43:21] Matze.Gamingtv hat einen Caddy bestellt.
[09.04.2016 | 16:43:21] Matze.Gamingtv hat einen Caddy bestellt.
[09.04.2016 | 16:43:22] Matze.Gamingtv hat einen Caddy bestellt.
[09.04.2016 | 19:16:57] Matze.Gamingtv hat einen Slamvan bestellt.
[09.04.2016 | 19:16:59] Matze.Gamingtv hat einen Slamvan bestellt.
[09.04.2016 | 19:17:07] Matze.Gamingtv hat einen Tampa bestellt.
[09.04.2016 | 19:17:08] Matze.Gamingtv hat einen Tampa bestellt.
[09.04.2016 | 19:18:10] Matze.Gamingtv hat einen Hustler bestellt.
[09.04.2016 | 19:18:11] Matze.Gamingtv hat einen Hustler bestellt.
[09.04.2016 | 19:18:27] Matze.Gamingtv hat einen Utility Van bestellt.
[09.04.2016 | 19:18:28] Matze.Gamingtv hat einen Utility Van bestellt.
[09.04.2016 | 19:18:48] Matze.Gamingtv hat einen Yosemite bestellt.
[09.04.2016 | 19:18:49] Matze.Gamingtv hat einen Yosemite bestellt.
[09.04.2016 | 19:19:07] Matze.Gamingtv hat einen Windsor bestellt.
[09.04.2016 | 19:19:07] Matze.Gamingtv hat einen Windsor bestellt.
[09.04.2016 | 19:19:43] Matze.Gamingtv hat einen Remington bestellt.
[09.04.2016 | 19:19:44] Matze.Gamingtv hat einen Remington bestellt.
[09.04.2016 | 19:19:55] Matze.Gamingtv hat einen Dune bestellt.
[09.04.2016 | 19:19:57] Matze.Gamingtv hat einen Dune bestellt.
[09.04.2016 | 19:20:07] Matze.Gamingtv hat einen Tornado bestellt.
[09.04.2016 | 19:20:41] Matze.Gamingtv hat einen Stafford bestellt.
[09.04.2016 | 19:20:42] Matze.Gamingtv hat einen Stafford bestellt.
[09.04.2016 | 19:21:16] Matze.Gamingtv hat einen Newsvan bestellt.
[09.04.2016 | 19:21:17] Matze.Gamingtv hat einen Newsvan bestellt.
[10.04.2016 | 13:47:37] Matze.Gamingtv hat einen Tornado bestellt.
[10.04.2016 | 13:47:59] Matze.Gamingtv hat einen Newsvan bestellt.
[10.04.2016 | 13:48:00] Matze.Gamingtv hat einen Newsvan bestellt.
[10.04.2016 | 13:48:01] Matze.Gamingtv hat einen Newsvan bestellt.
[10.04.2016 | 13:48:01] Matze.Gamingtv hat einen Newsvan bestellt.
[10.04.2016 | 14:10:28] Matze.Gamingtv hat einen Infernus bestellt.
[10.04.2016 | 14:10:29] Matze.Gamingtv hat einen Infernus bestellt.
[10.04.2016 | 14:10:30] Matze.Gamingtv hat einen Infernus bestellt.
[10.04.2016 | 14:10:30] Matze.Gamingtv hat einen Infernus bestellt.
[10.04.2016 | 14:35:47] Matze.Gamingtv hat einen Jester bestellt.
[10.04.2016 | 14:35:49] Matze.Gamingtv hat einen Jester bestellt.
[10.04.2016 | 15:52:31] Matze.Gamingtv hat einen Uranus bestellt.
[10.04.2016 | 15:52:34] Matze.Gamingtv hat einen Uranus bestellt.
[10.04.2016 | 22:26:30] Matze.Gamingtv hat einen Towtruck bestellt.
[10.04.2016 | 22:26:31] Matze.Gamingtv hat einen Towtruck bestellt.
[10.04.2016 | 22:26:31] Matze.Gamingtv hat einen Towtruck bestellt.
[10.04.2016 | 22:26:32] Matze.Gamingtv hat einen Towtruck bestellt.
[11.04.2016 | 17:27:08] Matze.Gamingtv hat einen Tampa bestellt.
[11.04.2016 | 17:30:49] Matze.Gamingtv hat einen Tractor bestellt.
[11.04.2016 | 17:31:46] Matze.Gamingtv hat einen Tractor bestellt.
[11.04.2016 | 17:53:44] Matze.Gamingtv hat einen Tampa bestellt.
[11.04.2016 | 17:53:46] Matze.Gamingtv hat einen Tampa bestellt.
[11.04.2016 | 17:53:50] Matze.Gamingtv hat einen Tractor bestellt.
[11.04.2016 | 17:53:51] Matze.Gamingtv hat einen Tractor bestellt.
[11.04.2016 | 17:53:59] Matze.Gamingtv hat einen Sultan bestellt.
[11.04.2016 | 17:54:00] Matze.Gamingtv hat einen Sultan bestellt.
[11.04.2016 | 22:41:15] Matze.Gamingtv hat einen Sandking bestellt.
[11.04.2016 | 22:41:16] Matze.Gamingtv hat einen Sandking bestellt.
[11.04.2016 | 22:41:16] Matze.Gamingtv hat einen Sandking bestellt.
[11.04.2016 | 22:41:17] Matze.Gamingtv hat einen Sandking bestellt.
[14.04.2016 | 13:13:01] Sebastian.Wolters hat einen Tampa bestellt.
[14.04.2016 | 13:13:12] Sebastian.Wolters hat einen Clover bestellt.
[14.04.2016 | 13:15:15] Sebastian.Wolters hat einen Bike bestellt.
[14.04.2016 | 13:15:45] Sebastian.Wolters hat einen BMX bestellt.
[14.04.2016 | 15:35:48] Sebastian.Wolters hat einen Sultan bestellt.
[14.04.2016 | 15:35:53] Sebastian.Wolters hat einen Sultan bestellt.
[14.04.2016 | 15:36:32] Sebastian.Wolters hat einen Stratum bestellt.
[14.04.2016 | 15:36:39] Sebastian.Wolters hat einen Stratum bestellt.
[14.04.2016 | 15:36:57] Sebastian.Wolters hat einen Sentinel bestellt.
[14.04.2016 | 15:37:03] Sebastian.Wolters hat einen Sentinel bestellt.
[14.04.2016 | 15:38:04] Sebastian.Wolters hat einen FCR-900 bestellt.
[14.04.2016 | 15:38:14] Sebastian.Wolters hat einen FCR-900 bestellt.
[14.04.2016 | 15:41:09] Sebastian.Wolters hat einen Sultan bestellt.
[14.04.2016 | 15:44:21] Sebastian.Wolters hat einen Sultan bestellt.
[14.04.2016 | 15:44:46] Sebastian.Wolters hat einen Turismo bestellt.
[14.04.2016 | 15:45:47] Sebastian.Wolters hat einen Newsvan bestellt.
[14.04.2016 | 15:45:55] Sebastian.Wolters hat einen Newsvan bestellt.
[14.04.2016 | 15:46:22] Sebastian.Wolters hat einen Towtruck bestellt.
[14.04.2016 | 15:46:28] Sebastian.Wolters hat einen Towtruck bestellt.
[14.04.2016 | 15:46:34] Sebastian.Wolters hat einen Towtruck bestellt.
[14.04.2016 | 15:46:48] Sebastian.Wolters hat einen Towtruck bestellt.
[14.04.2016 | 15:51:53] Sebastian.Wolters hat einen Utility Van bestellt.
[14.04.2016 | 15:52:06] Sebastian.Wolters hat einen Utility Van bestellt.
[14.04.2016 | 15:53:27] Sebastian.Wolters hat einen Sandking bestellt.
[14.04.2016 | 15:53:34] Sebastian.Wolters hat einen Sandking bestellt.
[05.05.2016 | 23:14:14] Florian.Pacman hat einen Tampa bestellt.
[05.05.2016 | 23:14:39] Florian.Pacman hat einen Landstalker bestellt.
[05.05.2016 | 23:15:21] Florian.Pacman hat einen Sultan bestellt.
[05.05.2016 | 23:40:41] Florian.Pacman hat einen NRG-500 bestellt.
[05.05.2016 | 23:47:42] Florian.Pacman hat einen Elegy bestellt.
[05.05.2016 | 23:47:48] Florian.Pacman hat einen Elegy bestellt.
[05.05.2016 | 23:47:50] Florian.Pacman hat einen Elegy bestellt.
[05.05.2016 | 23:47:56] Florian.Pacman hat einen Infernus bestellt.
[06.05.2016 | 00:08:14] Florian.Pacman hat einen Clover bestellt.
[06.05.2016 | 00:08:26] Florian.Pacman hat einen Clover bestellt.
[06.05.2016 | 00:08:27] Florian.Pacman hat einen Clover bestellt.
[06.05.2016 | 00:08:28] Florian.Pacman hat einen Clover bestellt.
[06.05.2016 | 00:08:34] Florian.Pacman hat einen Tampa bestellt.
[06.05.2016 | 00:08:35] Florian.Pacman hat einen Tampa bestellt.
[06.05.2016 | 00:08:36] Florian.Pacman hat einen Tampa bestellt.
[06.05.2016 | 00:08:36] Florian.Pacman hat einen Tampa bestellt.
[06.05.2016 | 00:19:41] Florian.Pacman hat einen NRG-500 bestellt.
[06.05.2016 | 00:19:49] Florian.Pacman hat einen Sultan bestellt.
[06.05.2016 | 00:19:51] Florian.Pacman hat einen Sultan bestellt.
[06.05.2016 | 00:19:52] Florian.Pacman hat einen Sultan bestellt.
[06.05.2016 | 00:51:21] Florian.Pacman hat einen Tampa bestellt.
[06.05.2016 | 00:51:22] Florian.Pacman hat einen Tampa bestellt.
[06.05.2016 | 00:51:23] Florian.Pacman hat einen Tampa bestellt.
[06.05.2016 | 00:51:23] Florian.Pacman hat einen Tampa bestellt.
[06.05.2016 | 00:51:24] Florian.Pacman hat einen Tampa bestellt.
[06.05.2016 | 00:51:35] Florian.Pacman hat einen Clover bestellt.
[06.05.2016 | 00:51:36] Florian.Pacman hat einen Clover bestellt.
[06.05.2016 | 00:51:37] Florian.Pacman hat einen Clover bestellt.
[06.05.2016 | 00:51:38] Florian.Pacman hat einen Clover bestellt.
[06.05.2016 | 00:51:39] Florian.Pacman hat einen Clover bestellt.
[06.05.2016 | 00:53:08] Florian.Pacman hat einen Newsvan bestellt.
[06.05.2016 | 00:53:09] Florian.Pacman hat einen Newsvan bestellt.
[06.05.2016 | 00:53:10] Florian.Pacman hat einen Newsvan bestellt.
[06.05.2016 | 13:55:05] Florian.Pacman hat einen Shamal bestellt.
[06.05.2016 | 13:55:15] Florian.Pacman hat einen Dodo bestellt.
[06.05.2016 | 13:55:34] Florian.Pacman hat einen Nevada bestellt.
[06.05.2016 | 13:55:43] Florian.Pacman hat einen Beagle bestellt.
[06.05.2016 | 13:56:06] Florian.Pacman hat einen Skimmer bestellt.
[06.05.2016 | 14:00:14] Florian.Pacman hat einen Sparrow bestellt.
[06.05.2016 | 15:21:15] Florian.Pacman hat einen Remington bestellt.
[06.05.2016 | 15:43:40] Florian.Pacman hat einen Bullet bestellt.
[09.05.2016 | 17:40:52] Florian.Pacman hat einen Infernus bestellt.
[13.06.2016 | 11:52:34] Matze.Gamingtv hat einen Sultan bestellt.
[14.06.2016 | 21:44:32] Florian.Mrpacman hat einen Clover bestellt.
[14.06.2016 | 21:44:40] Florian.Mrpacman hat einen Sultan bestellt.
[14.06.2016 | 21:44:48] Florian.Mrpacman hat einen Sultan bestellt.
[14.06.2016 | 21:44:55] Florian.Mrpacman hat einen Clover bestellt.
[14.06.2016 | 21:45:05] Florian.Mrpacman hat einen Clover bestellt.
[14.06.2016 | 21:45:06] Florian.Mrpacman hat einen Clover bestellt.
[14.06.2016 | 21:45:14] Florian.Mrpacman hat einen Clover bestellt.
[14.06.2016 | 21:45:19] Florian.Mrpacman hat einen Tampa bestellt.
[14.06.2016 | 21:45:20] Florian.Mrpacman hat einen Tampa bestellt.
[14.06.2016 | 21:45:21] Florian.Mrpacman hat einen Tampa bestellt.
[14.06.2016 | 21:45:22] Florian.Mrpacman hat einen Tampa bestellt.
[14.06.2016 | 21:45:22] Florian.Mrpacman hat einen Tampa bestellt.
[14.06.2016 | 21:45:47] Florian.Mrpacman hat einen NRG-500 bestellt.
[14.06.2016 | 21:45:48] Florian.Mrpacman hat einen NRG-500 bestellt.
[14.06.2016 | 21:45:59] Florian.Mrpacman hat einen Elegy bestellt.
[14.06.2016 | 21:46:00] Florian.Mrpacman hat einen Elegy bestellt.
[14.06.2016 | 21:47:11] Florian.Mrpacman hat einen Stratum bestellt.
[14.06.2016 | 21:47:12] Florian.Mrpacman hat einen Stratum bestellt.
[14.06.2016 | 21:47:13] Florian.Mrpacman hat einen Stratum bestellt.
[14.06.2016 | 21:47:14] Florian.Mrpacman hat einen Stratum bestellt.
[15.06.2016 | 15:59:36] Florian.Mrpacman hat einen Towtruck bestellt.
[23.06.2016 | 18:48:47] Florian.Mrpacman hat einen Towtruck bestellt.
[23.06.2016 | 18:48:48] Florian.Mrpacman hat einen Towtruck bestellt.
[23.06.2016 | 18:48:50] Florian.Mrpacman hat einen Towtruck bestellt.
[23.06.2016 | 18:49:02] Florian.Mrpacman hat einen DFT-30 bestellt.
[23.06.2016 | 18:49:09] Florian.Mrpacman hat einen Pony bestellt.
[23.06.2016 | 19:01:48] Matze.Gamingtv hat einen Sandking bestellt.
[23.06.2016 | 19:01:49] Matze.Gamingtv hat einen Sandking bestellt.
[23.06.2016 | 19:03:13] Matze.Gamingtv hat einen Stafford bestellt.
[23.06.2016 | 19:04:35] Florian.Mrpacman hat einen Yosemite bestellt.
[23.06.2016 | 19:04:51] Matze.Gamingtv hat einen Phoenix bestellt.
[23.06.2016 | 19:05:03] Florian.Mrpacman hat einen Elegy bestellt.
[23.06.2016 | 19:05:50] Florian.Mrpacman hat einen Towtruck bestellt.
[23.06.2016 | 20:03:33] Florian.Mrpacman hat einen Dune bestellt.
[23.06.2016 | 20:04:29] Florian.Mrpacman hat einen Slamvan bestellt.
[23.06.2016 | 20:04:54] Florian.Mrpacman hat einen Dumper bestellt.
[23.06.2016 | 20:05:58] Florian.Mrpacman hat einen Packer bestellt.
[23.06.2016 | 20:10:18] Matze.Gamingtv hat einen Leviathan bestellt.
[23.06.2016 | 20:33:27] Florian.Mrpacman hat einen Infernus bestellt.
[24.06.2016 | 19:06:14] Florian.Mrpacman hat einen Newsvan bestellt.
[24.06.2016 | 19:41:49] Florian.Mrpacman hat einen Leviathan bestellt.
[25.06.2016 | 19:37:16] Florian.Mrpacman hat einen Ambulance bestellt.
[25.06.2016 | 19:40:17] Florian.Mrpacman hat einen Tahoma bestellt.
[25.06.2016 | 19:41:04] Florian.Mrpacman hat einen Majestic bestellt.
[25.06.2016 | 21:09:38] Florian.Mrpacman hat einen Police LS bestellt.
[25.06.2016 | 21:16:29] Florian.Mrpacman hat einen Monster 1 bestellt.
[25.06.2016 | 21:20:04] Marcel.Paul hat einen Police LS bestellt.
[29.06.2016 | 22:02:51] Matze.Gamingtv hat einen Burrito bestellt.
[29.06.2016 | 22:03:36] Matze.Gamingtv hat einen Sentinel bestellt.
[29.06.2016 | 22:03:41] Matze.Gamingtv hat einen Turismo bestellt.
[29.06.2016 | 22:03:44] Matze.Gamingtv hat einen Infernus bestellt.
[29.06.2016 | 22:03:51] Matze.Gamingtv hat einen Buffalo bestellt.
[29.06.2016 | 22:03:56] Matze.Gamingtv hat einen Bullet bestellt.
[29.06.2016 | 22:04:01] Matze.Gamingtv hat einen Cheetah bestellt.
[29.06.2016 | 22:04:13] Matze.Gamingtv hat einen Super GT bestellt.
[29.06.2016 | 22:04:19] Matze.Gamingtv hat einen Sultan bestellt.
[29.06.2016 | 22:04:23] Matze.Gamingtv hat einen Elegy bestellt.
[29.06.2016 | 22:04:27] Matze.Gamingtv hat einen Stratum bestellt.
[29.06.2016 | 22:04:36] Matze.Gamingtv hat einen Towtruck bestellt.
[29.06.2016 | 22:04:55] Matze.Gamingtv hat einen Caddy bestellt.
[29.06.2016 | 22:05:06] Matze.Gamingtv hat einen Premier bestellt.
[29.06.2016 | 22:06:08] Matze.Gamingtv hat einen Esperanto bestellt.
[29.06.2016 | 22:06:12] Matze.Gamingtv hat einen Moonbeam bestellt.
[29.06.2016 | 22:06:38] Matze.Gamingtv hat einen Landstalker bestellt.
[29.06.2016 | 22:07:00] Matze.Gamingtv hat einen Manana bestellt.
