[22.03.2016 | 00:03:24] Matze.Gamingtv hat einen Infernus für 275000 zum Verkauf gestellt
[22.03.2016 | 01:03:14] Matze.Gamingtv hat einen Infernus für 275000 zum Verkauf gestellt
[22.03.2016 | 01:04:38] Matze.Gamingtv hat einen Tornado für 20000 zum Verkauf gestellt
[22.03.2016 | 01:05:19] Matze.Gamingtv hat einen Tornado für 20000 zum Verkauf gestellt
[22.03.2016 | 01:19:34] Matze.Gamingtv hat einen Linerunner für 42000 zum Verkauf gestellt
[22.03.2016 | 01:21:38] Matze.Gamingtv hat einen Linerunner für 42000 zum Verkauf gestellt
[22.03.2016 | 01:22:15] Matze.Gamingtv hat einen Huntley für 42000 zum Verkauf gestellt
[22.03.2016 | 01:22:22] Matze.Gamingtv hat einen Huntley für 45000 zum Verkauf gestellt
[22.03.2016 | 01:29:43] Matze.Gamingtv hat einen Tampa für 13000 zum Verkauf gestellt
[22.03.2016 | 01:30:19] Matze.Gamingtv hat einen Tampa für 13000 zum Verkauf gestellt
[22.03.2016 | 01:30:54] Matze.Gamingtv hat einen Huntley für 45000 zum Verkauf gestellt
[22.03.2016 | 12:36:39] Matze.Gamingtv hat einen Tampa für 3000 zum Verkauf gestellt
[22.03.2016 | 12:36:50] Matze.Gamingtv hat einen Tampa für 1250 zum Verkauf gestellt
[22.03.2016 | 12:37:25] Matze.Gamingtv hat einen Tampa für 1250 zum Verkauf gestellt
[22.03.2016 | 12:37:46] Matze.Gamingtv hat einen Tornado für 17500 zum Verkauf gestellt
[22.03.2016 | 12:37:55] Matze.Gamingtv hat einen Tornado für 17500 zum Verkauf gestellt
[22.03.2016 | 12:39:37] Matze.Gamingtv hat einen Linerunner für 10000000 zum Verkauf gestellt
[22.03.2016 | 12:39:46] Matze.Gamingtv hat einen Linerunner für 10000000 zum Verkauf gestellt
[22.03.2016 | 12:40:35] Matze.Gamingtv hat einen Huntley für 22500 zum Verkauf gestellt
[22.03.2016 | 12:40:41] Matze.Gamingtv hat einen Huntley für 22500 zum Verkauf gestellt
[22.03.2016 | 13:27:53] Matze.Gamingtv hat einen Tampa für 1250 zum Verkauf gestellt
[22.03.2016 | 13:28:44] Matze.Gamingtv hat einen Tampa für 1250 zum Verkauf gestellt
[22.03.2016 | 14:18:47] Matze.Gamingtv hat einen Police SF für 1000 zum Verkauf gestellt
[22.03.2016 | 14:19:11] Matze.Gamingtv hat einen Police SF für 10000 zum Verkauf gestellt
[22.03.2016 | 14:19:21] Matze.Gamingtv hat einen Police LV für 10000 zum Verkauf gestellt
[22.03.2016 | 14:19:41] Matze.Gamingtv hat einen Police LV für 10000 zum Verkauf gestellt
[22.03.2016 | 14:20:45] Matze.Gamingtv hat einen Police Ranger für 10000 zum Verkauf gestellt
[22.03.2016 | 14:22:27] Matze.Gamingtv hat einen Enforcer für 10000 zum Verkauf gestellt
[22.03.2016 | 14:22:32] Matze.Gamingtv hat einen Enforcer für 10000 zum Verkauf gestellt
[22.03.2016 | 14:22:41] Matze.Gamingtv hat einen Police Ranger für 10000 zum Verkauf gestellt
[22.03.2016 | 14:22:48] Matze.Gamingtv hat einen Police Ranger für 10000 zum Verkauf gestellt
[22.03.2016 | 14:22:53] Matze.Gamingtv hat einen Police Ranger für 10000 zum Verkauf gestellt
[22.03.2016 | 14:23:25] Matze.Gamingtv hat einen Police Ranger für 10000 zum Verkauf gestellt
[22.03.2016 | 14:23:42] Matze.Gamingtv hat einen Police Ranger für 10000 zum Verkauf gestellt
[22.03.2016 | 14:23:45] Matze.Gamingtv hat einen Police Ranger für 10000 zum Verkauf gestellt
[22.03.2016 | 14:40:09] Matze.Gamingtv hat einen HPV1000 für 10000 zum Verkauf gestellt
[22.03.2016 | 14:40:21] Matze.Gamingtv hat einen HPV1000 für 10000 zum Verkauf gestellt
[22.03.2016 | 14:40:31] Matze.Gamingtv hat einen HPV1000 für 10000 zum Verkauf gestellt
[22.03.2016 | 14:40:44] Matze.Gamingtv hat einen HPV1000 für 10000 zum Verkauf gestellt
[22.03.2016 | 14:41:00] Matze.Gamingtv hat einen HPV1000 für 10000 zum Verkauf gestellt
[22.03.2016 | 15:21:49] Matze.Gamingtv hat einen Huntley für 25000 zum Verkauf gestellt
[22.03.2016 | 15:22:18] Matze.Gamingtv hat einen Huntley für 25000 zum Verkauf gestellt
[22.03.2016 | 15:22:48] Matze.Gamingtv hat einen Huntley für 25000 zum Verkauf gestellt
[22.03.2016 | 15:23:47] Matze.Gamingtv hat einen Bobcat für 4750 zum Verkauf gestellt
[22.03.2016 | 15:24:19] Matze.Gamingtv hat einen Bobcat für 4750 zum Verkauf gestellt
[22.03.2016 | 15:28:31] Matze.Gamingtv hat einen Bobcat für 4750 zum Verkauf gestellt
[22.03.2016 | 15:29:28] Matze.Gamingtv hat einen Bobcat für 4750 zum Verkauf gestellt
[22.03.2016 | 15:30:14] Matze.Gamingtv hat einen Landstalker für 12750 zum Verkauf gestellt
[22.03.2016 | 15:30:44] Matze.Gamingtv hat einen Landstalker für 12750 zum Verkauf gestellt
[22.03.2016 | 15:31:19] Matze.Gamingtv hat einen Landstalker für 12750 zum Verkauf gestellt
[22.03.2016 | 15:32:03] Matze.Gamingtv hat einen Voodoo für 17750 zum Verkauf gestellt
[22.03.2016 | 15:32:37] Matze.Gamingtv hat einen Voodoo für 17750 zum Verkauf gestellt
[22.03.2016 | 15:33:04] Matze.Gamingtv hat einen Voodoo für 17750 zum Verkauf gestellt
[22.03.2016 | 15:33:20] Florian.Mrpacman hat einen Tampa für 1400 zum Gebrauchtwagenerkauf gestellt
[22.03.2016 | 15:34:48] Matze.Gamingtv hat einen Buffalo für 75000 zum Verkauf gestellt
[22.03.2016 | 15:35:00] Matze.Gamingtv hat einen Infernus für 175000 zum Verkauf gestellt
[22.03.2016 | 15:35:08] Matze.Gamingtv hat einen Infernus für 175000 zum Verkauf gestellt
[22.03.2016 | 15:35:48] Matze.Gamingtv hat einen Buffalo für 75000 zum Verkauf gestellt
[22.03.2016 | 15:37:05] Matze.Gamingtv hat einen Cheetah für 99999 zum Verkauf gestellt
[22.03.2016 | 15:37:12] Matze.Gamingtv hat einen Cheetah für 100000 zum Verkauf gestellt
[22.03.2016 | 15:37:53] Matze.Gamingtv hat einen Cheetah für 100000 zum Verkauf gestellt
[22.03.2016 | 15:38:49] Matze.Gamingtv hat einen Bullet für 75000 zum Verkauf gestellt
[22.03.2016 | 15:39:01] Matze.Gamingtv hat einen Buffalo für 100000 zum Verkauf gestellt
[22.03.2016 | 15:39:10] Matze.Gamingtv hat einen Cheetah für 130000 zum Verkauf gestellt
[22.03.2016 | 15:39:16] Matze.Gamingtv hat einen Cheetah für 130000 zum Verkauf gestellt
[22.03.2016 | 15:39:28] Matze.Gamingtv hat einen Buffalo für 100000 zum Verkauf gestellt
[22.03.2016 | 15:39:57] Matze.Gamingtv hat einen Bullet für 100000 zum Verkauf gestellt
[22.03.2016 | 15:40:01] Matze.Gamingtv hat einen Bullet für 75000 zum Verkauf gestellt
[22.03.2016 | 15:40:41] Matze.Gamingtv hat einen Towtruck für 800000 zum Verkauf gestellt
[22.03.2016 | 15:40:43] Matze.Gamingtv hat einen Towtruck für 80000 zum Verkauf gestellt
[22.03.2016 | 15:48:36] Florian.Mrpacman hat einen Tampa für 1150 zum Gebrauchtwagenerkauf gestellt
[22.03.2016 | 15:51:06] Matze.Gamingtv hat einen NRG-500 für 25500 zum Verkauf gestellt
[22.03.2016 | 15:51:31] Matze.Gamingtv hat einen NRG-500 für 25500 zum Verkauf gestellt
[22.03.2016 | 15:51:49] Florian.Mrpacman hat einen Tampa für 1150 zum Gebrauchtwagenerkauf gestellt
[22.03.2016 | 15:52:02] Matze.Gamingtv hat einen NRG-500 für 50000 zum Verkauf gestellt
[22.03.2016 | 15:52:13] Matze.Gamingtv hat einen NRG-500 für 50000 zum Verkauf gestellt
[22.03.2016 | 15:52:28] Matze.Gamingtv hat einen NRG-500 für 50000 zum Verkauf gestellt
[22.03.2016 | 15:53:35] Matze.Gamingtv hat einen NRG-500 für 50000 zum Verkauf gestellt
[22.03.2016 | 15:54:27] Matze.Gamingtv hat einen FCR-900 für 30000 zum Verkauf gestellt
[22.03.2016 | 15:54:44] Matze.Gamingtv hat einen FCR-900 für 30000 zum Verkauf gestellt
[22.03.2016 | 15:55:13] Matze.Gamingtv hat einen FCR-900 für 30000 zum Verkauf gestellt
[22.03.2016 | 15:55:26] Matze.Gamingtv hat einen FCR-900 für 30000 zum Verkauf gestellt
[22.03.2016 | 15:58:33] Matze.Gamingtv hat einen Linerunner für 30000 zum Verkauf gestellt
[22.03.2016 | 15:58:40] Matze.Gamingtv hat einen Linerunner für 30000 zum Verkauf gestellt
[22.03.2016 | 15:59:36] Matze.Gamingtv hat einen Cheetah für 800 zum Verkauf gestellt
[22.03.2016 | 16:13:21] Matze.Gamingtv hat einen Police LV für 10000 zum Verkauf gestellt
[22.03.2016 | 16:16:28] Matze.Gamingtv hat einen Linerunner für 10000 zum Verkauf gestellt
[22.03.2016 | 16:16:31] Matze.Gamingtv hat einen Linerunner für 10000 zum Verkauf gestellt
[22.03.2016 | 16:16:35] Matze.Gamingtv hat einen Linerunner für 10000 zum Verkauf gestellt
[22.03.2016 | 16:16:55] Matze.Gamingtv hat einen Linerunner für 10000 zum Verkauf gestellt
[22.03.2016 | 16:33:24] Matze.Gamingtv hat einen Police LS für 10000 zum Verkauf gestellt
[22.03.2016 | 16:33:37] Matze.Gamingtv hat einen Police LS für 10000 zum Verkauf gestellt
[22.03.2016 | 16:34:00] Matze.Gamingtv hat einen Police LS für 10000 zum Verkauf gestellt
[22.03.2016 | 16:34:16] Matze.Gamingtv hat einen Police LS für 10000 zum Verkauf gestellt
[22.03.2016 | 16:34:28] Matze.Gamingtv hat einen Police LS für 10000 zum Verkauf gestellt
[22.03.2016 | 16:34:42] Matze.Gamingtv hat einen Police LS für 10000 zum Verkauf gestellt
[22.03.2016 | 19:49:42] Florian.Mrpacman hat einen Huntley für 20000 zum Gebrauchtwagenerkauf gestellt
[22.03.2016 | 20:09:16] Florian.Mrpacman hat einen Tampa für 1000 zum Gebrauchtwagenerkauf gestellt
[22.03.2016 | 20:09:27] Florian.Mrpacman hat einen Tampa für 1000 zum Gebrauchtwagenerkauf gestellt
[23.03.2016 | 01:50:20] Matze.Gamingtv hat einen Towtruck für 10000 zum Verkauf gestellt
[23.03.2016 | 01:50:27] Matze.Gamingtv hat einen Towtruck für 10000 zum Verkauf gestellt
[23.03.2016 | 01:50:37] Matze.Gamingtv hat einen Towtruck für 10000 zum Verkauf gestellt
[23.03.2016 | 01:50:44] Matze.Gamingtv hat einen Towtruck für 10000 zum Verkauf gestellt
[23.03.2016 | 01:50:52] Matze.Gamingtv hat einen Towtruck für 10000 zum Verkauf gestellt
[23.03.2016 | 02:43:17] Matze.Gamingtv hat einen Cheetah für 130000 zum Verkauf gestellt
[23.03.2016 | 16:09:45] Matze.Gamingtv hat einen Police LS für 10000 zum Verkauf gestellt
[23.03.2016 | 16:12:26] Matze.Gamingtv hat einen Club für 22500 zum Verkauf gestellt
[23.03.2016 | 21:24:27] Matze.Gamingtv hat einen Club für 100 zum Verkauf gestellt
[23.03.2016 | 21:29:53] Matze.Gamingtv hat einen Tampa für 100 zum Verkauf gestellt
[23.03.2016 | 21:30:05] Matze.Gamingtv hat einen Tampa für 100 zum Verkauf gestellt
[23.03.2016 | 21:30:16] Matze.Gamingtv hat einen Bobcat für 100 zum Verkauf gestellt
[23.03.2016 | 21:30:19] Matze.Gamingtv hat einen Bobcat für 100 zum Verkauf gestellt
[23.03.2016 | 21:30:40] Matze.Gamingtv hat einen Bobcat für 100 zum Verkauf gestellt
[23.03.2016 | 21:30:49] Matze.Gamingtv hat einen Bobcat für 100 zum Verkauf gestellt
[23.03.2016 | 21:52:03] Florian.Mrpacman hat einen Bobcat für 900 zum Gebrauchtwagenerkauf gestellt
[23.03.2016 | 21:52:46] Florian.Mrpacman hat einen Bobcat für 900 zum Gebrauchtwagenerkauf gestellt
[23.03.2016 | 21:53:29] Florian.Mrpacman hat einen Bobcat für 900d zum Gebrauchtwagenerkauf gestellt
[23.03.2016 | 21:53:31] Florian.Mrpacman hat einen Bobcat für 900 zum Gebrauchtwagenerkauf gestellt
[23.03.2016 | 21:54:13] Florian.Mrpacman hat einen Bobcat für 900 zum Gebrauchtwagenerkauf gestellt
[23.03.2016 | 21:54:49] Florian.Mrpacman hat einen Tampa für 1000 zum Gebrauchtwagenerkauf gestellt
[23.03.2016 | 21:55:21] Florian.Mrpacman hat einen Tampa für 1000 zum Gebrauchtwagenerkauf gestellt
[23.03.2016 | 22:14:20] Matze.Gamingtv hat einen Stratum für 42500 zum Verkauf gestellt
[23.03.2016 | 22:15:03] Matze.Gamingtv hat einen Stratum für 42500 zum Verkauf gestellt
[23.03.2016 | 22:15:36] Matze.Gamingtv hat einen Ambulance für 5000 zum Verkauf gestellt
[23.03.2016 | 22:15:43] Matze.Gamingtv hat einen Ambulance für 5000 zum Verkauf gestellt
[23.03.2016 | 22:16:08] Matze.Gamingtv hat einen Ambulance für 5000 zum Verkauf gestellt
[23.03.2016 | 22:16:12] Matze.Gamingtv hat einen Ambulance für 5000 zum Verkauf gestellt
[23.03.2016 | 22:16:25] Matze.Gamingtv hat einen Elegy für 42500 zum Verkauf gestellt
[23.03.2016 | 22:16:37] Matze.Gamingtv hat einen Elegy für 55000 zum Verkauf gestellt
[23.03.2016 | 22:17:35] Matze.Gamingtv hat einen Elegy für 55000 zum Verkauf gestellt
[23.03.2016 | 22:17:56] Matze.Gamingtv hat einen Sultan für 62000 zum Verkauf gestellt
[23.03.2016 | 22:19:00] Matze.Gamingtv hat einen Sentinel für 27500 zum Verkauf gestellt
[23.03.2016 | 22:19:07] Matze.Gamingtv hat einen Sentinel für 19500 zum Verkauf gestellt
[23.03.2016 | 22:23:10] Matze.Gamingtv hat einen Primo für 15500 zum Verkauf gestellt
[23.03.2016 | 22:24:16] Matze.Gamingtv hat einen Burrito für 60000 zum Verkauf gestellt
[23.03.2016 | 22:26:04] Matze.Gamingtv hat einen Merit für 33500 zum Verkauf gestellt
[23.03.2016 | 22:37:38] Matze.Gamingtv hat einen DFT-30 für 5000 zum Verkauf gestellt
[23.03.2016 | 22:37:45] Matze.Gamingtv hat einen DFT-30 für 5000 zum Verkauf gestellt
[23.03.2016 | 22:38:01] Matze.Gamingtv hat einen Pony für 5000 zum Verkauf gestellt
[23.03.2016 | 22:38:08] Matze.Gamingtv hat einen Pony für 5000 zum Verkauf gestellt
[23.03.2016 | 22:45:51] Matze.Gamingtv hat einen Leviathan für 5000 zum Verkauf gestellt
[23.03.2016 | 22:45:59] Matze.Gamingtv hat einen Leviathan für 5000 zum Verkauf gestellt
[23.03.2016 | 22:48:11] Matze.Gamingtv hat einen Leviathan für 100 zum Verkauf gestellt
[23.03.2016 | 22:48:31] Matze.Gamingtv hat einen Leviathan für 100 zum Verkauf gestellt
[24.03.2016 | 21:47:42] Matze.Gamingtv hat einen Police LS für 100 zum Verkauf gestellt
[24.03.2016 | 21:47:49] Matze.Gamingtv hat einen Police LS für 100 zum Verkauf gestellt
[24.03.2016 | 21:47:54] Matze.Gamingtv hat einen Police LS für 100 zum Verkauf gestellt
[24.03.2016 | 21:48:01] Matze.Gamingtv hat einen Police LS für 100 zum Verkauf gestellt
[24.03.2016 | 21:48:08] Matze.Gamingtv hat einen Police LS für 100 zum Verkauf gestellt
[24.03.2016 | 21:48:18] Matze.Gamingtv hat einen Police LS für 100 zum Verkauf gestellt
[01.04.2016 | 20:16:20] Florian.Mrpacman hat einen Landstalker für 12000 zum Gebrauchtwagenerkauf gestellt
[05.04.2016 | 19:03:43] Matze.Gamingtv hat einen Buffalo für 100000 zum Verkauf gestellt
[06.04.2016 | 00:48:57] Matze.Gamingtv hat einen Sentinel für 1000 zum Verkauf gestellt
[06.04.2016 | 00:49:01] Matze.Gamingtv hat einen Sentinel für 1000 zum Verkauf gestellt
[06.04.2016 | 00:50:03] Matze.Gamingtv hat einen Linerunner für 1000 zum Verkauf gestellt
[06.04.2016 | 00:50:10] Matze.Gamingtv hat einen Linerunner für 1000 zum Verkauf gestellt
[07.04.2016 | 17:53:39] Matze.Gamingtv hat einen Linerunner für 120000 zum Verkauf gestellt
[07.04.2016 | 17:54:38] Matze.Gamingtv hat einen Linerunner für 120000 zum Verkauf gestellt
[07.04.2016 | 17:56:11] Matze.Gamingtv hat einen Landstalker für 12750 zum Verkauf gestellt
[07.04.2016 | 17:58:38] Matze.Gamingtv hat einen Bullet für 75000 zum Verkauf gestellt
[07.04.2016 | 18:10:34] Matze.Gamingtv hat einen Buffalo für 100000 zum Verkauf gestellt
[07.04.2016 | 18:11:23] Matze.Gamingtv hat einen Banshee für 120000 zum Verkauf gestellt
[07.04.2016 | 18:11:27] Matze.Gamingtv hat einen Banshee für 125000 zum Verkauf gestellt
[07.04.2016 | 18:13:13] Matze.Gamingtv hat einen Sultan für 50000 zum Verkauf gestellt
[07.04.2016 | 18:14:19] Matze.Gamingtv hat einen Sentinel für 20000 zum Verkauf gestellt
[07.04.2016 | 18:14:45] Matze.Gamingtv hat einen Sentinel für 20000 zum Verkauf gestellt
[07.04.2016 | 18:15:14] Matze.Gamingtv hat einen Sentinel für 20000 zum Verkauf gestellt
[07.04.2016 | 18:15:33] Matze.Gamingtv hat einen Sentinel für 20000 zum Verkauf gestellt
[07.04.2016 | 18:16:39] Matze.Gamingtv hat einen Sentinel für 20000 zum Verkauf gestellt
[07.04.2016 | 18:19:23] Matze.Gamingtv hat einen Elegy für 55000 zum Verkauf gestellt
[07.04.2016 | 18:20:53] Matze.Gamingtv hat einen Banshee für 125000 zum Verkauf gestellt
[07.04.2016 | 18:21:08] Matze.Gamingtv hat einen Sentinel für 20000 zum Verkauf gestellt
[07.04.2016 | 18:23:24] Matze.Gamingtv hat einen Sultan für 50000 zum Verkauf gestellt
[07.04.2016 | 18:24:26] Matze.Gamingtv hat einen Sultan für 50000 zum Verkauf gestellt
[07.04.2016 | 18:26:01] Matze.Gamingtv hat einen Sentinel für 20000 zum Verkauf gestellt
[07.04.2016 | 18:28:05] Matze.Gamingtv hat einen Faggio für 1000 zum Verkauf gestellt
[07.04.2016 | 18:29:03] Matze.Gamingtv hat einen Faggio für 1000 zum Verkauf gestellt
[07.04.2016 | 18:29:17] Matze.Gamingtv hat einen Faggio für 1000 zum Verkauf gestellt
[07.04.2016 | 18:29:21] Matze.Gamingtv hat einen Faggio für 1000 zum Verkauf gestellt
[07.04.2016 | 18:29:26] Matze.Gamingtv hat einen Faggio für 1000 zum Verkauf gestellt
[07.04.2016 | 21:37:08] Matze.Gamingtv hat einen Towtruck für 100 zum Verkauf gestellt
[08.04.2016 | 17:58:48] Matze.Gamingtv hat einen Linerunner für 100 zum Verkauf gestellt
[08.04.2016 | 18:13:52] Matze.Gamingtv hat einen Dodo für 25000 zum Verkauf gestellt
[08.04.2016 | 18:13:59] Matze.Gamingtv hat einen Dodo für 25000 zum Verkauf gestellt
[08.04.2016 | 18:55:16] Matze.Gamingtv hat einen Tampa für 500 zum Verkauf gestellt
[08.04.2016 | 19:02:33] Matze.Gamingtv hat einen Shamal für 750000 zum Verkauf gestellt
[08.04.2016 | 19:04:23] Matze.Gamingtv hat einen Shamal für 750000 zum Verkauf gestellt
[08.04.2016 | 19:06:11] Matze.Gamingtv hat einen Hydra für 1250000 zum Verkauf gestellt
[08.04.2016 | 19:07:52] Matze.Gamingtv hat einen Hydra für 1250000 zum Verkauf gestellt
[08.04.2016 | 19:09:34] Matze.Gamingtv hat einen Hunter für 950000 zum Verkauf gestellt
[08.04.2016 | 19:10:40] Matze.Gamingtv hat einen Hunter für 950000 zum Verkauf gestellt
[08.04.2016 | 19:15:49] Matze.Gamingtv hat einen Stuntplane für 600000 zum Verkauf gestellt
[08.04.2016 | 19:15:54] Matze.Gamingtv hat einen Stuntplane für 500000 zum Verkauf gestellt
[08.04.2016 | 19:37:02] Matze.Gamingtv hat einen Maverick für 25000 zum Verkauf gestellt
[08.04.2016 | 19:37:06] Matze.Gamingtv hat einen Maverick für 250000 zum Verkauf gestellt
[08.04.2016 | 19:38:26] Matze.Gamingtv hat einen Maverick für 250000 zum Verkauf gestellt
[08.04.2016 | 19:39:51] Matze.Gamingtv hat einen Flatbed für 95000 zum Verkauf gestellt
[08.04.2016 | 19:40:37] Matze.Gamingtv hat einen Linerunner für 150000 zum Verkauf gestellt
[08.04.2016 | 19:40:44] Matze.Gamingtv hat einen Linerunner für 150000 zum Verkauf gestellt
[08.04.2016 | 19:40:51] Matze.Gamingtv hat einen Linerunner für 150000 zum Verkauf gestellt
[08.04.2016 | 19:41:19] Matze.Gamingtv hat einen Flatbed für 95000 zum Verkauf gestellt
[08.04.2016 | 19:43:41] Matze.Gamingtv hat einen Stretch für 100000 zum Verkauf gestellt
[08.04.2016 | 19:44:57] Matze.Gamingtv hat einen Solair für 7500 zum Verkauf gestellt
[08.04.2016 | 19:45:51] Matze.Gamingtv hat einen Esperanto für 14500 zum Verkauf gestellt
[08.04.2016 | 19:46:47] Matze.Gamingtv hat einen ZR-350 für 75000 zum Verkauf gestellt
[08.04.2016 | 19:47:29] Matze.Gamingtv hat einen Bobcat für 3750 zum Verkauf gestellt
[08.04.2016 | 19:48:01] Matze.Gamingtv hat einen Bobcat für 3750 zum Verkauf gestellt
[08.04.2016 | 19:49:40] Matze.Gamingtv hat einen Super GT für 95000 zum Verkauf gestellt
[08.04.2016 | 19:51:50] Matze.Gamingtv hat einen Romero für 110000 zum Verkauf gestellt
[08.04.2016 | 19:52:10] Matze.Gamingtv hat einen Romero für 110000 zum Verkauf gestellt
[08.04.2016 | 19:53:22] Matze.Gamingtv hat einen Comet für 120000 zum Verkauf gestellt
[08.04.2016 | 19:54:13] Matze.Gamingtv hat einen Blista Compact für 33000 zum Verkauf gestellt
[08.04.2016 | 19:54:18] Matze.Gamingtv hat einen Blista Compact für 33000 zum Verkauf gestellt
[08.04.2016 | 19:55:35] Matze.Gamingtv hat einen Comet für 120000 zum Verkauf gestellt
[08.04.2016 | 19:56:58] Matze.Gamingtv hat einen Solair für 7500 zum Verkauf gestellt
[09.04.2016 | 16:04:30] Mr.Pedo hat einen NRG-500 für 999999999 zum Gebrauchtwagenerkauf gestellt
[09.04.2016 | 16:05:36] Mr.Pedo hat einen NRG-500 für Niemand zum Gebrauchtwagenerkauf gestellt
[09.04.2016 | 16:06:29] Mr.Pedo hat einen NRG-500 für 34999 zum Gebrauchtwagenerkauf gestellt
[09.04.2016 | 16:16:50] Matze.Gamingtv hat einen Towtruck für 100 zum Verkauf gestellt
[09.04.2016 | 16:22:14] Matze.Gamingtv hat einen Stuntplane für 500000 zum Verkauf gestellt
[09.04.2016 | 17:43:22] Matze.Gamingtv hat einen Caddy für 100 zum Verkauf gestellt
[09.04.2016 | 18:11:06] Matze.Gamingtv hat einen Patriot für 25000 zum Verkauf gestellt
[09.04.2016 | 18:35:48] Matze.Gamingtv hat einen Rumpo für 25000 zum Verkauf gestellt
[09.04.2016 | 18:36:54] Matze.Gamingtv hat einen Rumpo für 100 zum Verkauf gestellt
[09.04.2016 | 21:06:03] Matze.Gamingtv hat einen Windsor für 29500 zum Verkauf gestellt
[09.04.2016 | 21:06:15] Matze.Gamingtv hat einen Hustler für 175000 zum Verkauf gestellt
[09.04.2016 | 21:06:17] Matze.Gamingtv hat einen Hustler für 17500 zum Verkauf gestellt
[09.04.2016 | 21:06:32] Matze.Gamingtv hat einen Yosemite für 25000 zum Verkauf gestellt
[09.04.2016 | 21:06:43] Matze.Gamingtv hat einen Yosemite für 25000 zum Verkauf gestellt
[09.04.2016 | 21:07:07] Matze.Gamingtv hat einen Windsor für 29500 zum Verkauf gestellt
[09.04.2016 | 21:08:27] Matze.Gamingtv hat einen Slamvan für 40000 zum Verkauf gestellt
[09.04.2016 | 21:09:06] Matze.Gamingtv hat einen Utility Van für 66000 zum Verkauf gestellt
[09.04.2016 | 21:09:10] Matze.Gamingtv hat einen Utility Van für 66000 zum Verkauf gestellt
[09.04.2016 | 21:09:30] Matze.Gamingtv hat einen Hustler für 17500 zum Verkauf gestellt
[09.04.2016 | 21:09:37] Matze.Gamingtv hat einen Tampa für 1500 zum Verkauf gestellt
[09.04.2016 | 21:10:02] Matze.Gamingtv hat einen Camper für 70000 zum Verkauf gestellt
[09.04.2016 | 21:10:07] Matze.Gamingtv hat einen Camper für 70000 zum Verkauf gestellt
[09.04.2016 | 21:10:31] Matze.Gamingtv hat einen Sandking für 80000 zum Verkauf gestellt
[09.04.2016 | 21:10:56] Matze.Gamingtv hat einen Slamvan für 40000 zum Verkauf gestellt
[09.04.2016 | 21:11:14] Matze.Gamingtv hat einen Infernus für 175000 zum Verkauf gestellt
[09.04.2016 | 21:11:19] Matze.Gamingtv hat einen Infernus für 175000 zum Verkauf gestellt
[09.04.2016 | 21:11:28] Matze.Gamingtv hat einen Turismo für 190000 zum Verkauf gestellt
[09.04.2016 | 21:11:34] Matze.Gamingtv hat einen Turismo für 190000 zum Verkauf gestellt
[09.04.2016 | 21:11:37] Matze.Gamingtv hat einen Turismo für 190000 zum Verkauf gestellt
[09.04.2016 | 21:11:47] Matze.Gamingtv hat einen Cheetah für 130000 zum Verkauf gestellt
[09.04.2016 | 21:14:09] Matze.Gamingtv hat einen Packer für 250000 zum Verkauf gestellt
[09.04.2016 | 21:14:54] Matze.Gamingtv hat einen Packer für 250000 zum Verkauf gestellt
[09.04.2016 | 21:16:29] Matze.Gamingtv hat einen Roadtrain für 200000 zum Verkauf gestellt
[09.04.2016 | 21:17:21] Matze.Gamingtv hat einen Remington für 4000 zum Verkauf gestellt
[09.04.2016 | 21:17:22] Matze.Gamingtv hat einen Remington für 40000 zum Verkauf gestellt
[09.04.2016 | 21:17:27] Matze.Gamingtv hat einen Remington für 40000 zum Verkauf gestellt
[09.04.2016 | 21:18:42] Matze.Gamingtv hat einen Newsvan für 1000000000 zum Verkauf gestellt
[09.04.2016 | 21:18:52] Matze.Gamingtv hat einen Newsvan für 100000000000000000 zum Verkauf gestellt
[09.04.2016 | 21:19:11] Matze.Gamingtv hat einen Newsvan für 100000000000000000000 zum Verkauf gestellt
[09.04.2016 | 21:19:16] Matze.Gamingtv hat einen Newsvan für 1000000000000000000000000000000000000000000000000000000000000000000000000 zum Verkauf gestellt
[09.04.2016 | 21:19:19] Matze.Gamingtv hat einen Newsvan für 100000000000000000000000000000000000000000000000000000000000000000000000000000000000000000000000000000 zum Verkauf gestellt
[09.04.2016 | 21:19:21] Matze.Gamingtv hat einen Newsvan für 10000000000000000000000000000000000000000000000000000000000000000000000000000000000000000000000000000 zum Verkauf gestellt
[10.04.2016 | 13:04:58] Matze.Gamingtv hat einen Hydra für 150000000 zum Verkauf gestellt
[10.04.2016 | 13:05:13] Matze.Gamingtv hat einen Hydra für 150000000 zum Verkauf gestellt
[10.04.2016 | 13:05:26] Matze.Gamingtv hat einen Hunter für 100000000 zum Verkauf gestellt
[10.04.2016 | 13:05:35] Matze.Gamingtv hat einen Hunter für 100000000 zum Verkauf gestellt
[10.04.2016 | 13:37:44] Matze.Gamingtv hat einen Newsvan für 25000 zum Verkauf gestellt
[10.04.2016 | 13:37:48] Matze.Gamingtv hat einen Newsvan für 5000 zum Verkauf gestellt
[10.04.2016 | 13:42:28] Matze.Gamingtv hat einen Roadtrain für 25000 zum Verkauf gestellt
[10.04.2016 | 13:43:00] Matze.Gamingtv hat einen Roadtrain für 25000 zum Verkauf gestellt
[10.04.2016 | 13:44:18] Matze.Gamingtv hat einen Stafford für 50000 zum Verkauf gestellt
[10.04.2016 | 13:45:18] Matze.Gamingtv hat einen Dune für 1250000 zum Verkauf gestellt
[10.04.2016 | 13:45:20] Matze.Gamingtv hat einen Dune für 125000 zum Verkauf gestellt
[10.04.2016 | 13:46:24] Matze.Gamingtv hat einen Newsvan für 5000 zum Verkauf gestellt
[10.04.2016 | 13:46:35] Matze.Gamingtv hat einen Stafford für 50000 zum Verkauf gestellt
[10.04.2016 | 13:48:33] Matze.Gamingtv hat einen Tornado für 45000 zum Verkauf gestellt
[10.04.2016 | 13:49:34] Matze.Gamingtv hat einen Dune für 1250 zum Verkauf gestellt
[10.04.2016 | 13:49:36] Matze.Gamingtv hat einen Dune für 125000 zum Verkauf gestellt
[10.04.2016 | 14:01:07] Matze.Gamingtv hat einen Linerunner für 100 zum Verkauf gestellt
[10.04.2016 | 14:16:08] Matze.Gamingtv hat einen Infernus für 177000 zum Verkauf gestellt
[10.04.2016 | 14:17:31] Matze.Gamingtv hat einen Tornado für 45000 zum Verkauf gestellt
[10.04.2016 | 14:32:04] Matze.Gamingtv hat einen Infernus für 175000 zum Verkauf gestellt
[10.04.2016 | 14:39:10] Matze.Gamingtv hat einen ZR-350 für 75000 zum Verkauf gestellt
[10.04.2016 | 14:40:38] Matze.Gamingtv hat einen Tampa für 1500 zum Verkauf gestellt
[10.04.2016 | 14:52:41] Matze.Gamingtv hat einen Esperanto für 14500 zum Verkauf gestellt
[10.04.2016 | 15:03:07] Matze.Gamingtv hat einen Caddy für 5750 zum Verkauf gestellt
[10.04.2016 | 15:03:11] Matze.Gamingtv hat einen Caddy für 5750 zum Verkauf gestellt
[10.04.2016 | 15:03:15] Matze.Gamingtv hat einen Caddy für 5750 zum Verkauf gestellt
[10.04.2016 | 15:03:20] Matze.Gamingtv hat einen Caddy für 5750 zum Verkauf gestellt
[10.04.2016 | 15:03:25] Matze.Gamingtv hat einen Caddy für 5750 zum Verkauf gestellt
[10.04.2016 | 15:07:24] Matze.Gamingtv hat einen Caddy für 5750 zum Verkauf gestellt
[10.04.2016 | 15:08:05] Matze.Gamingtv hat einen Caddy für 5750 zum Verkauf gestellt
[10.04.2016 | 22:03:36] Matze.Gamingtv hat einen Infernus für 175000 zum Verkauf gestellt
[10.04.2016 | 22:07:21] Matze.Gamingtv hat einen Uranus für 35000 zum Verkauf gestellt
[10.04.2016 | 22:08:38] Matze.Gamingtv hat einen Jester für 50000 zum Verkauf gestellt
[10.04.2016 | 22:11:19] Matze.Gamingtv hat einen Jester für 50000 zum Verkauf gestellt
[10.04.2016 | 22:16:31] Matze.Gamingtv hat einen Towtruck für 25000 zum Verkauf gestellt
[10.04.2016 | 22:31:58] Sebastian.Layer hat einen Solair für 7400 zum Gebrauchtwagenerkauf gestellt
[10.04.2016 | 22:34:09] Sebastian.Layer hat einen Landstalker für 12000 zum Gebrauchtwagenerkauf gestellt
[10.04.2016 | 22:34:48] Sebastian.Layer hat einen Huntley für 24000 zum Gebrauchtwagenerkauf gestellt
[11.04.2016 | 16:49:23] Matze.Gamingtv hat einen Uranus für 35000 zum Verkauf gestellt
[11.04.2016 | 16:51:43] Matze.Gamingtv hat einen Stretch für 100000 zum Verkauf gestellt
[11.04.2016 | 17:40:17] Matze.Gamingtv hat einen Super GT für 95000 zum Verkauf gestellt
[11.04.2016 | 17:57:26] Matze.Gamingtv hat einen Tampa für 1500 zum Verkauf gestellt
[11.04.2016 | 18:10:41] Matze.Gamingtv hat einen Tampa für 1500 zum Verkauf gestellt
[11.04.2016 | 18:12:22] Matze.Gamingtv hat einen Tampa für 1500 zum Verkauf gestellt
[11.04.2016 | 22:41:22] Matze.Gamingtv hat einen Sandking für 80000 zum Verkauf gestellt
[14.04.2016 | 15:35:04] Sebastian.Wolters hat einen Tampa für 2500 zum Verkauf gestellt
[14.04.2016 | 15:39:24] Sebastian.Wolters hat einen Clover für 4500 zum Verkauf gestellt
[14.04.2016 | 15:40:24] Sebastian.Wolters hat einen Bike für 1000 zum Verkauf gestellt
[14.04.2016 | 15:40:56] Sebastian.Wolters hat einen BMX für 1500 zum Verkauf gestellt
[14.04.2016 | 17:25:38] Sebastian.Wolters hat einen Sultan für 40000 zum Verkauf gestellt
[14.04.2016 | 17:26:59] Sebastian.Wolters hat einen FCR-900 für 30000 zum Verkauf gestellt
[14.04.2016 | 17:27:53] Sebastian.Wolters hat einen Sultan für 40000 zum Verkauf gestellt
[17.04.2016 | 16:09:29] Sebastian.Wolters hat einen Clover für 300 zum Verkauf gestellt
[17.04.2016 | 16:09:50] Sebastian.Wolters hat einen Clover für 400 zum Verkauf gestellt
[05.05.2016 | 23:21:47] Florian.Pacman hat einen Clover für 600 zum Verkauf gestellt
[05.05.2016 | 23:39:35] Florian.Pacman hat einen Stratum für 10000 zum Verkauf gestellt
[05.05.2016 | 23:43:39] Florian.Pacman hat einen Stratum für 10000 zum Verkauf gestellt
[05.05.2016 | 23:45:58] Florian.Pacman hat einen Sentinel für 12250 zum Verkauf gestellt
[05.05.2016 | 23:46:32] Florian.Pacman hat einen FCR-900 für 30000 zum Verkauf gestellt
[05.05.2016 | 23:47:06] Florian.Pacman hat einen Sentinel für 12250 zum Verkauf gestellt
[06.05.2016 | 00:03:00] Florian.Pacman hat einen Turismo für 275000 zum Verkauf gestellt
[06.05.2016 | 00:03:47] Florian.Pacman hat einen Tampa für 3500 zum Verkauf gestellt
[06.05.2016 | 00:04:01] Florian.Pacman hat einen Clover für 500 zum Verkauf gestellt
[06.05.2016 | 00:04:45] Florian.Pacman hat einen Sentinel für 24500 zum Verkauf gestellt
[06.05.2016 | 00:04:56] Florian.Pacman hat einen Sentinel für 24500 zum Verkauf gestellt
[06.05.2016 | 00:05:18] Florian.Pacman hat einen Stratum für 25000 zum Verkauf gestellt
[06.05.2016 | 00:06:21] Florian.Pacman hat einen Stratum für 25000 zum Verkauf gestellt
[06.05.2016 | 00:06:49] Florian.Pacman hat einen FCR-900 für 15000 zum Verkauf gestellt
[06.05.2016 | 00:07:12] Florian.Pacman hat einen Sultan für 40000 zum Verkauf gestellt
[06.05.2016 | 00:11:32] Florian.Pacman hat einen Elegy für 25000 zum Verkauf gestellt
[06.05.2016 | 00:11:48] Florian.Pacman hat einen Elegy für 25000 zum Verkauf gestellt
[06.05.2016 | 00:12:28] Florian.Pacman hat einen Sultan für 40000 zum Verkauf gestellt
[06.05.2016 | 00:16:09] Florian.Pacman hat einen Elegy für 25000 zum Verkauf gestellt
[06.05.2016 | 00:19:06] Florian.Pacman hat einen Tampa für 3500 zum Verkauf gestellt
[06.05.2016 | 00:20:34] Florian.Pacman hat einen NRG-500 für 48500 zum Verkauf gestellt
[06.05.2016 | 00:23:18] Florian.Pacman hat einen Infernus für 295000 zum Verkauf gestellt
[06.05.2016 | 00:23:56] Florian.Pacman hat einen Landstalker für 15500 zum Verkauf gestellt
[06.05.2016 | 00:24:53] Florian.Pacman hat einen Sultan für 40000 zum Verkauf gestellt
[06.05.2016 | 00:29:33] Matze.Gamingtv hat einen Towtruck für 25000 zum Verkauf gestellt
[06.05.2016 | 00:30:05] Matze.Gamingtv hat einen Towtruck für 25000 zum Verkauf gestellt
[06.05.2016 | 00:30:29] Matze.Gamingtv hat einen Towtruck für 25000 zum Verkauf gestellt
[06.05.2016 | 00:30:41] Matze.Gamingtv hat einen Towtruck für 25000 zum Verkauf gestellt
[06.05.2016 | 00:30:51] Matze.Gamingtv hat einen Newsvan für 25000 zum Verkauf gestellt
[06.05.2016 | 00:31:02] Matze.Gamingtv hat einen Newsvan für 25000 zum Verkauf gestellt
[06.05.2016 | 00:31:12] Matze.Gamingtv hat einen Utility Van für 25000 zum Verkauf gestellt
[06.05.2016 | 00:31:38] Matze.Gamingtv hat einen Utility Van für 25000 zum Verkauf gestellt
[06.05.2016 | 00:31:44] Florian.Pacman hat einen Infernus für 275000 zum Verkauf gestellt
[06.05.2016 | 00:32:03] Florian.Pacman hat einen Turismo für 245000 zum Verkauf gestellt
[06.05.2016 | 00:40:49] Florian.Pacman hat einen Sandking für 50000 zum Verkauf gestellt
[06.05.2016 | 00:41:58] Florian.Pacman hat einen Sandking für 50000 zum Verkauf gestellt
[06.05.2016 | 13:58:12] Florian.Pacman hat einen Sandking für 95000 zum Verkauf gestellt
[06.05.2016 | 13:58:22] Florian.Pacman hat einen Sandking für 95000 zum Verkauf gestellt
[06.05.2016 | 15:01:54] Florian.Pacman hat einen Sultan für 999999999 zum Verkauf gestellt
[06.05.2016 | 15:07:10] Florian.Pacman hat einen Sultan für 40000 zum Verkauf gestellt
[06.05.2016 | 15:34:20] Florian.Pacman hat einen Elegy für 62500 zum Verkauf gestellt
[06.05.2016 | 15:34:58] Florian.Pacman hat einen Elegy für 62500 zum Verkauf gestellt
[06.05.2016 | 15:37:04] Florian.Pacman hat einen Elegy für 62500 zum Verkauf gestellt
[06.05.2016 | 17:28:38] Florian.Pacman hat einen Sultan für 999999999999 zum Verkauf gestellt
[06.05.2016 | 17:31:10] Florian.Pacman hat einen Sultan für 99999999999999999999999999999999999999999999999 zum Verkauf gestellt
[06.05.2016 | 17:36:03] Florian.Pacman hat einen Sultan für 999999999999999999 zum Verkauf gestellt
[06.05.2016 | 17:36:12] Florian.Pacman hat einen Sultan für 9999999 zum Verkauf gestellt
[06.05.2016 | 17:42:57] Florian.Pacman hat einen Sultan für 40000 zum Verkauf gestellt
[06.05.2016 | 17:52:06] Florian.Pacman hat einen Sultan für 99999999999999999999999999999999999999999999999999 zum Verkauf gestellt
[06.05.2016 | 20:55:39] Florian.Pacman hat einen Elegy für 50000 zum Verkauf gestellt
[06.05.2016 | 21:07:33] Florian.Pacman hat einen Sultan für 90000 zum Verkauf gestellt
[06.05.2016 | 21:07:43] Florian.Pacman hat einen Sultan für 900000 zum Verkauf gestellt
[06.05.2016 | 21:08:22] Florian.Pacman hat einen Sultan für 40000 zum Verkauf gestellt
[06.05.2016 | 21:13:44] Florian.Pacman hat einen Elegy für 62500 zum Verkauf gestellt
[07.05.2016 | 13:07:34] Florian.Pacman hat einen Tampa für 35000 zum Verkauf gestellt
[07.05.2016 | 13:10:12] Marcel.Paul hat einen Tampa für 35000 zum Verkauf gestellt
[07.05.2016 | 13:15:53] Florian.Pacman hat einen Tampa für 10100 zum Verkauf gestellt
[07.05.2016 | 13:16:02] Florian.Pacman hat einen Tampa für 10100 zum Verkauf gestellt
[07.05.2016 | 13:16:13] Florian.Pacman hat einen Tampa für 10100 zum Verkauf gestellt
[07.05.2016 | 13:20:48] Florian.Pacman hat einen Tampa für 10100 zum Verkauf gestellt
[07.05.2016 | 13:39:14] Florian.Pacman hat einen Tampa für 10100 zum Verkauf gestellt
[07.05.2016 | 13:40:35] Florian.Pacman hat einen Clover für 10100 zum Verkauf gestellt
[07.05.2016 | 13:46:43] Florian.Pacman hat einen Clover für 10100 zum Verkauf gestellt
[07.05.2016 | 13:54:14] Florian.Pacman hat einen Clover für 10100 zum Verkauf gestellt
[07.05.2016 | 14:01:39] Florian.Pacman hat einen Clover für 10100 zum Verkauf gestellt
[07.05.2016 | 14:13:33] Florian.Pacman hat einen Clover für 10100 zum Verkauf gestellt
[07.05.2016 | 14:53:26] Florian.Pacman hat einen Newsvan für 25000 zum Verkauf gestellt
[07.05.2016 | 14:54:20] Florian.Pacman hat einen Newsvan für 25000 zum Verkauf gestellt
[07.05.2016 | 14:55:59] Florian.Pacman hat einen Bullet für 250000 zum Verkauf gestellt
[07.05.2016 | 14:56:15] Florian.Pacman hat einen Remington für 20000 zum Verkauf gestellt
[07.05.2016 | 14:57:55] Florian.Pacman hat einen Sparrow für 62000 zum Verkauf gestellt
[07.05.2016 | 15:00:16] Florian.Pacman hat einen Shamal für 95000 zum Verkauf gestellt
[07.05.2016 | 15:06:15] Florian.Pacman hat einen Nevada für 75000 zum Verkauf gestellt
[07.05.2016 | 15:07:38] Florian.Pacman hat einen Dodo für 32000 zum Verkauf gestellt
[07.05.2016 | 15:09:25] Florian.Pacman hat einen Beagle für 46500 zum Verkauf gestellt
[07.05.2016 | 15:12:32] Florian.Pacman hat einen Newsvan für 25000 zum Verkauf gestellt
[08.05.2016 | 15:11:36] Florian.Pacman hat einen Remington für 10000 zum Verkauf gestellt
[09.05.2016 | 16:44:53] Florian.Pacman hat einen Tampa für 3500 zum Verkauf gestellt
[09.05.2016 | 16:45:08] Florian.Pacman hat einen Tampa für 3500 zum Verkauf gestellt
[09.05.2016 | 16:45:20] Florian.Pacman hat einen Tampa für 3500 zum Verkauf gestellt
[09.05.2016 | 16:45:30] Florian.Pacman hat einen Tampa für 3500 zum Verkauf gestellt
[09.05.2016 | 16:45:41] Florian.Pacman hat einen Tampa für 3500 zum Verkauf gestellt
[09.05.2016 | 16:46:11] Florian.Pacman hat einen Clover für 4500 zum Verkauf gestellt
[09.05.2016 | 16:46:20] Florian.Pacman hat einen Clover für 4500 zum Verkauf gestellt
[09.05.2016 | 16:46:33] Florian.Pacman hat einen Clover für 4500 zum Verkauf gestellt
[09.05.2016 | 16:46:40] Florian.Pacman hat einen Clover für 4500 zum Verkauf gestellt
[09.05.2016 | 16:46:49] Florian.Pacman hat einen Clover für 4500 zum Verkauf gestellt
[09.05.2016 | 16:46:56] Florian.Pacman hat einen Clover für 4500 zum Verkauf gestellt
[09.05.2016 | 16:57:35] Florian.Pacman hat einen Skimmer für 2100 zum Verkauf gestellt
[15.06.2016 | 15:41:52] Florian.Mrpacman hat einen Sultan für 50000 zum Verkauf gestellt
[15.06.2016 | 15:59:13] Florian.Mrpacman hat einen Clover für 2000 zum Verkauf gestellt
[15.06.2016 | 15:59:28] Florian.Mrpacman hat einen Clover für 2000 zum Verkauf gestellt
[15.06.2016 | 15:59:46] Florian.Mrpacman hat einen Clover für 2000 zum Verkauf gestellt
[15.06.2016 | 15:59:54] Florian.Mrpacman hat einen Clover für 2000 zum Verkauf gestellt
[15.06.2016 | 16:00:09] Florian.Mrpacman hat einen Clover für 2000 zum Verkauf gestellt
[15.06.2016 | 16:00:21] Florian.Mrpacman hat einen Tampa für 1500 zum Verkauf gestellt
[15.06.2016 | 16:00:29] Florian.Mrpacman hat einen Tampa für 1500 zum Verkauf gestellt
[15.06.2016 | 16:00:35] Florian.Mrpacman hat einen Tampa für 1500 zum Verkauf gestellt
[15.06.2016 | 16:00:42] Florian.Mrpacman hat einen Tampa für 1500 zum Verkauf gestellt
[15.06.2016 | 16:00:50] Florian.Mrpacman hat einen Tampa für 1500 zum Verkauf gestellt
[15.06.2016 | 16:02:42] Florian.Mrpacman hat einen NRG-500 für 50000 zum Verkauf gestellt
[15.06.2016 | 16:02:48] Florian.Mrpacman hat einen NRG-500 für 50000 zum Verkauf gestellt
[15.06.2016 | 16:03:01] Florian.Mrpacman hat einen Sultan für 50000 zum Verkauf gestellt
[15.06.2016 | 16:03:14] Florian.Mrpacman hat einen Sultan für 50000 zum Verkauf gestellt
[15.06.2016 | 16:03:26] Florian.Mrpacman hat einen Stratum für 42500 zum Verkauf gestellt
[15.06.2016 | 16:03:34] Florian.Mrpacman hat einen Stratum für 42500 zum Verkauf gestellt
[15.06.2016 | 16:03:46] Florian.Mrpacman hat einen Stratum für 42500 zum Verkauf gestellt
[15.06.2016 | 16:03:57] Florian.Mrpacman hat einen Stratum für 42500 zum Verkauf gestellt
[15.06.2016 | 16:04:16] Florian.Mrpacman hat einen Elegy für 55000 zum Verkauf gestellt
[15.06.2016 | 16:04:24] Florian.Mrpacman hat einen Elegy für 55000 zum Verkauf gestellt
[15.06.2016 | 16:07:30] Florian.Mrpacman hat einen Tampa für 50000000000000000000000000000000 zum Verkauf gestellt
[15.06.2016 | 16:07:38] Florian.Mrpacman hat einen Tampa für 2000 zum Verkauf gestellt
[15.06.2016 | 16:07:46] Florian.Mrpacman hat einen Tampa für 2000 zum Verkauf gestellt
[15.06.2016 | 16:07:53] Florian.Mrpacman hat einen Tampa für 2000 zum Verkauf gestellt
[15.06.2016 | 16:08:00] Florian.Mrpacman hat einen Tampa für 2000 zum Verkauf gestellt
[15.06.2016 | 16:08:07] Florian.Mrpacman hat einen Tampa für 2000 zum Verkauf gestellt
[15.06.2016 | 16:10:21] Florian.Mrpacman hat einen Towtruck für 25000 zum Verkauf gestellt
[23.06.2016 | 18:58:53] Florian.Mrpacman hat einen Clover für 75000 zum Verkauf gestellt
[23.06.2016 | 18:58:56] Florian.Mrpacman hat einen Clover für 7500 zum Verkauf gestellt
[23.06.2016 | 18:59:06] Florian.Mrpacman hat einen Clover für 7500 zum Verkauf gestellt
[23.06.2016 | 18:59:14] Florian.Mrpacman hat einen Clover für 7500 zum Verkauf gestellt
[23.06.2016 | 18:59:21] Florian.Mrpacman hat einen Clover für 7500 zum Verkauf gestellt
[23.06.2016 | 18:59:28] Florian.Mrpacman hat einen Clover für 7500 zum Verkauf gestellt
[23.06.2016 | 19:02:36] Florian.Mrpacman hat einen Tampa für 7950 zum Verkauf gestellt
[23.06.2016 | 19:02:44] Florian.Mrpacman hat einen Tampa für 7950 zum Verkauf gestellt
[23.06.2016 | 19:02:56] Florian.Mrpacman hat einen Tampa für 7950 zum Verkauf gestellt
[23.06.2016 | 19:03:00] Florian.Mrpacman hat einen Tampa für 7950 zum Verkauf gestellt
[23.06.2016 | 19:03:29] Florian.Mrpacman hat einen Tampa für 7950 zum Verkauf gestellt
[23.06.2016 | 19:03:37] Florian.Mrpacman hat einen Tampa für 7950 zum Verkauf gestellt
[23.06.2016 | 19:36:00] Matze.Gamingtv hat einen Towtruck für 76045 zum Verkauf gestellt
[23.06.2016 | 19:36:18] Matze.Gamingtv hat einen Towtruck für 76045 zum Verkauf gestellt
[23.06.2016 | 19:36:37] Matze.Gamingtv hat einen Towtruck für 76045 zum Verkauf gestellt
[23.06.2016 | 19:36:58] Matze.Gamingtv hat einen Towtruck für 76045 zum Verkauf gestellt
[23.06.2016 | 19:38:01] Matze.Gamingtv hat einen DFT-30 für 152348 zum Verkauf gestellt
[23.06.2016 | 19:38:57] Matze.Gamingtv hat einen Sandking für 150000 zum Verkauf gestellt
[23.06.2016 | 19:39:03] Matze.Gamingtv hat einen Sandking für 150000 zum Verkauf gestellt
[23.06.2016 | 19:39:28] Florian.Mrpacman hat einen Phoenix für 43780 zum Verkauf gestellt
[23.06.2016 | 19:39:42] Matze.Gamingtv hat einen Pony für 11111 zum Verkauf gestellt
[23.06.2016 | 19:40:23] Florian.Mrpacman hat einen Stafford für 85500 zum Verkauf gestellt
[23.06.2016 | 19:40:55] Florian.Mrpacman hat einen Yosemite für 26000 zum Verkauf gestellt
[23.06.2016 | 19:42:42] Matze.Gamingtv hat einen Elegy für 50000 zum Verkauf gestellt
[23.06.2016 | 20:14:48] Florian.Mrpacman hat einen Packer für 229605 zum Verkauf gestellt
[23.06.2016 | 20:16:43] Florian.Mrpacman hat einen Dumper für 221867 zum Verkauf gestellt
[23.06.2016 | 20:17:43] Florian.Mrpacman hat einen Slamvan für 47900 zum Verkauf gestellt
[23.06.2016 | 20:19:14] Florian.Mrpacman hat einen Leviathan für 359500 zum Verkauf gestellt
[23.06.2016 | 20:20:33] Florian.Mrpacman hat einen Dune für 172319 zum Verkauf gestellt
[24.06.2016 | 19:17:08] Florian.Mrpacman hat einen Newsvan für 99250 zum Verkauf gestellt
[24.06.2016 | 19:21:16] Florian.Mrpacman hat einen Infernus für 141850 zum Verkauf gestellt
[24.06.2016 | 19:58:14] Florian.Mrpacman hat einen Leviathan für 359500 zum Verkauf gestellt
[25.06.2016 | 20:10:57] Florian.Mrpacman hat einen Ambulance für 109244 zum Verkauf gestellt
[25.06.2016 | 20:13:19] Florian.Mrpacman hat einen Tahoma für 29900 zum Verkauf gestellt
[25.06.2016 | 20:14:45] Florian.Mrpacman hat einen Majestic für 90000 zum Verkauf gestellt
[25.06.2016 | 21:23:46] Florian.Mrpacman hat einen Monster 1 für 235335 zum Verkauf gestellt
[25.06.2016 | 21:24:43] Florian.Mrpacman hat einen Police LS für 100000 zum Verkauf gestellt
[25.06.2016 | 21:24:53] Florian.Mrpacman hat einen Police LS für 100000 zum Verkauf gestellt
[29.06.2016 | 21:36:39] Matze.Gamingtv hat einen Comet für 53911 zum Verkauf gestellt
[29.06.2016 | 21:38:48] Matze.Gamingtv hat einen Infernus für 141850 zum Verkauf gestellt
[29.06.2016 | 21:40:14] Matze.Gamingtv hat einen Sentinel für 9820 zum Verkauf gestellt
[29.06.2016 | 21:41:25] Matze.Gamingtv hat einen Buffalo für 41329 zum Verkauf gestellt
[29.06.2016 | 21:42:33] Matze.Gamingtv hat einen Bravura für 8535 zum Verkauf gestellt
[29.06.2016 | 21:43:31] Matze.Gamingtv hat einen Bobcat für 3137 zum Verkauf gestellt
[29.06.2016 | 21:44:21] Matze.Gamingtv hat einen Washington für 15449 zum Verkauf gestellt
[29.06.2016 | 21:45:10] Matze.Gamingtv hat einen Glendale für 25939 zum Verkauf gestellt
[29.06.2016 | 21:46:03] Matze.Gamingtv hat einen ZR-350 für 60760 zum Verkauf gestellt
[29.06.2016 | 21:47:08] Matze.Gamingtv hat einen Burrito für 15895 zum Verkauf gestellt
[29.06.2016 | 21:48:18] Matze.Gamingtv hat einen Blista Compact für 7299 zum Verkauf gestellt
[29.06.2016 | 21:49:30] Matze.Gamingtv hat einen Super GT für 50311 zum Verkauf gestellt
[29.06.2016 | 21:50:08] Matze.Gamingtv hat einen Towtruck für 61696 zum Verkauf gestellt
[29.06.2016 | 21:51:21] Matze.Gamingtv hat einen Vincent für 8200 zum Verkauf gestellt
