[22.03.2016 | 14:39:24] Talorin.Goldberry hat Florian.Mrpacman aus dem Gefängnis geholt.
[22.03.2016 | 14:44:11] Talorin.Goldberry hat Florian.Mrpacman für 1 Minuten in das Gefängnis gesteckt.
[24.03.2016 | 21:17:50] Matze.Gamingtv hat ein Haus (ID: 0) in Whitewood Estates erstellt.
[24.03.2016 | 21:23:55] Matze.Gamingtv hat ein Haus (ID: 1) in Whitewood Estates erstellt.
[30.03.2016 | 16:39:29] Matze.Gamingtv hat ein Haus (ID: 2) in Richman erstellt.
[30.03.2016 | 16:55:16] Matze.Gamingtv hat ein Haus (ID: 3) in Whitewood Estates erstellt.
[30.03.2016 | 16:55:26] Matze.Gamingtv hat ein Haus (ID: 4) in Whitewood Estates erstellt.
[30.03.2016 | 16:55:33] Matze.Gamingtv hat ein Haus (ID: 5) in Whitewood Estates erstellt.
[30.03.2016 | 16:55:43] Matze.Gamingtv hat ein Haus (ID: 6) in Whitewood Estates erstellt.
[30.03.2016 | 16:56:02] Matze.Gamingtv hat ein Haus (ID: 7) in Whitewood Estates erstellt.
[30.03.2016 | 16:56:26] Matze.Gamingtv hat ein Haus (ID: 8) in Whitewood Estates erstellt.
[30.03.2016 | 16:56:36] Matze.Gamingtv hat ein Haus (ID: 9) in Whitewood Estates erstellt.
[30.03.2016 | 16:56:45] Matze.Gamingtv hat ein Haus (ID: 10) in Whitewood Estates erstellt.
[30.03.2016 | 16:56:52] Matze.Gamingtv hat ein Haus (ID: 11) in Whitewood Estates erstellt.
[30.03.2016 | 16:57:01] Matze.Gamingtv hat ein Haus (ID: 12) in Whitewood Estates erstellt.
[30.03.2016 | 16:59:28] Matze.Gamingtv hat ein Haus (ID: 2) in Richman erstellt.
[30.03.2016 | 17:05:56] Matze.Gamingtv hat ein Haus (ID: 3) in Richman erstellt.
[30.03.2016 | 17:10:23] Matze.Gamingtv hat ein Haus (ID: 0) in Richman erstellt.
[30.03.2016 | 17:10:46] Matze.Gamingtv hat ein Haus (ID: 1) in Richman erstellt.
[05.04.2016 | 19:14:54] Matze.Gamingtv hat ein Haus (ID: 2) in Whitewood Estates erstellt.
[05.04.2016 | 19:15:53] Matze.Gamingtv hat ein Haus (ID: 3) in Whitewood Estates erstellt.
[05.04.2016 | 19:16:28] Matze.Gamingtv hat ein Haus (ID: 4) in Whitewood Estates erstellt.
[05.04.2016 | 19:17:01] Matze.Gamingtv hat ein Haus (ID: 5) in Whitewood Estates erstellt.
[05.04.2016 | 19:17:29] Matze.Gamingtv hat ein Haus (ID: 6) in Whitewood Estates erstellt.
[05.04.2016 | 19:17:50] Matze.Gamingtv hat ein Haus (ID: 7) in Whitewood Estates erstellt.
[05.04.2016 | 19:18:10] Matze.Gamingtv hat ein Haus (ID: 8) in Whitewood Estates erstellt.
[05.04.2016 | 19:18:45] Matze.Gamingtv hat ein Haus (ID: 9) in Whitewood Estates erstellt.
[05.04.2016 | 19:19:18] Matze.Gamingtv hat ein Haus (ID: 10) in Whitewood Estates erstellt.
[05.04.2016 | 19:19:38] Matze.Gamingtv hat ein Haus (ID: 11) in Whitewood Estates erstellt.
[05.04.2016 | 19:20:02] Matze.Gamingtv hat ein Haus (ID: 12) in Whitewood Estates erstellt.
[05.04.2016 | 19:20:29] Matze.Gamingtv hat ein Haus (ID: 13) in Whitewood Estates erstellt.
[05.04.2016 | 19:21:01] Matze.Gamingtv hat ein Haus (ID: 14) in Whitewood Estates erstellt.
[08.04.2016 | 00:45:35] Matze.Gamingtv hat ein Haus (ID: 2) in Whitewood Estates erstellt.
[08.04.2016 | 00:49:35] Matze.Gamingtv hat ein Haus (ID: 2) in Whitewood Estates erstellt.
[09.04.2016 | 20:21:18] Mr.Pedo hat Prince.Boateng aus dem Gefängnis geholt.
[09.04.2016 | 20:21:55] Mr.Pedo hat Prince.Boateng aus dem Gefängnis geholt.
[09.04.2016 | 20:22:30] Mr.Pedo hat Prince.Boateng für 999999999999 Minuten in das Gefängnis gesteckt.
[09.04.2016 | 20:23:00] Mr.Pedo hat Prince.Boateng für 99999999999999999999999999999999999999999999999999999999999999999 Minuten in das Gefängnis gesteckt.
[09.04.2016 | 20:23:38] Mr.Pedo hat Mr.Jacksons für 9999999999999999999999999999999999999999999999999999999999999999 Minuten in das Gefängnis gesteckt.
[09.04.2016 | 20:23:53] Mr.Pedo hat Mr.Jacksons aus dem Gefängnis geholt.
[09.04.2016 | 20:24:24] Mr.Pedo hat Mr.Jacksons für 99999999999999999999999999999999999999999999999999999999999999999999 Minuten in das Gefängnis gesteckt.
[09.04.2016 | 20:24:29] Mr.Jacksons hat Mr.Pedo für 999999++49+65asdf Minuten in das Gefängnis gesteckt.
[09.04.2016 | 20:25:12] Mr.Pedo hat Mr.Jacksons aus dem Gefängnis geholt.
[09.04.2016 | 20:25:32] Mr.Pedo hat Mr.Jacksons für 99999999999999999999999999999999999999999999999999999999999999999999 Minuten in das Gefängnis gesteckt.
[09.04.2016 | 20:30:43] Mr.Jacksons hat Prince.Boateng für 1 Minuten in das Gefängnis gesteckt.
[01.05.2016 | 18:40:14] Matze.Gamingtv hat ein Haus (ID: 0) in Commerce erstellt.
[01.05.2016 | 18:41:02] Matze.Gamingtv hat ein Haus (ID: 1) in Commerce erstellt.
[12.06.2016 | 13:47:04] Sebastian.Hunter hat ein Haus (ID: 0) in Commerce erstellt.
[14.06.2016 | 21:24:17] Matze.Gamingtv hat ein Haus (ID: 0) in Richman erstellt.
[18.06.2016 | 23:03:54] Matze.Gamingtv hat ein Haus (ID: 1) in Mulholland erstellt.
[18.06.2016 | 23:10:11] Matze.Gamingtv hat ein Haus (ID: 2) in Mulholland erstellt.
[22.06.2016 | 17:12:39] Matze.Gamingtv hat ein Haus (ID: 3) in Verdant Bluffs erstellt.
[22.06.2016 | 17:12:53] Matze.Gamingtv hat ein Haus (ID: 4) in Verdant Bluffs erstellt.
[22.06.2016 | 17:13:05] Matze.Gamingtv hat ein Haus (ID: 5) in El Corona erstellt.
[22.06.2016 | 17:13:14] Matze.Gamingtv hat ein Haus (ID: 6) in El Corona erstellt.
[22.06.2016 | 17:13:21] Matze.Gamingtv hat ein Haus (ID: 7) in El Corona erstellt.
[22.06.2016 | 17:13:27] Matze.Gamingtv hat ein Haus (ID: 8) in El Corona erstellt.
[22.06.2016 | 17:13:39] Matze.Gamingtv hat ein Haus (ID: 9) in El Corona erstellt.
[22.06.2016 | 17:13:49] Matze.Gamingtv hat ein Haus (ID: 10) in El Corona erstellt.
[22.06.2016 | 17:13:54] Matze.Gamingtv hat ein Haus (ID: 11) in El Corona erstellt.
[22.06.2016 | 17:13:59] Matze.Gamingtv hat ein Haus (ID: 12) in El Corona erstellt.
[22.06.2016 | 17:14:06] Matze.Gamingtv hat ein Haus (ID: 13) in El Corona erstellt.
[22.06.2016 | 17:14:11] Matze.Gamingtv hat ein Haus (ID: 14) in El Corona erstellt.
[22.06.2016 | 17:14:15] Matze.Gamingtv hat ein Haus (ID: 15) in El Corona erstellt.
[22.06.2016 | 17:20:53] Matze.Gamingtv hat ein Haus (ID: 16) in Ganton erstellt.
[22.06.2016 | 17:21:01] Matze.Gamingtv hat ein Haus (ID: 17) in Ganton erstellt.
[22.06.2016 | 17:21:06] Matze.Gamingtv hat ein Haus (ID: 18) in Ganton erstellt.
[22.06.2016 | 17:21:10] Matze.Gamingtv hat ein Haus (ID: 19) in Ganton erstellt.
[22.06.2016 | 17:21:15] Matze.Gamingtv hat ein Haus (ID: 20) in Ganton erstellt.
[22.06.2016 | 17:21:20] Matze.Gamingtv hat ein Haus (ID: 21) in Ganton erstellt.
[22.06.2016 | 17:21:28] Matze.Gamingtv hat ein Haus (ID: 22) in Ganton erstellt.
[22.06.2016 | 17:21:32] Matze.Gamingtv hat ein Haus (ID: 23) in Ganton erstellt.
[22.06.2016 | 17:21:40] Matze.Gamingtv hat ein Haus (ID: 24) in Ganton erstellt.
[23.06.2016 | 18:05:47] Matze.Gamingtv hat ein Haus (ID: 25) in Mulholland erstellt.
[23.06.2016 | 18:08:58] Matze.Gamingtv hat ein Haus (ID: 26) in Mulholland erstellt.
[28.06.2016 | 16:55:37] Matze.Gamingtv hat ein Haus (ID: 27) in Los Santos erstellt.
