[22.03.2016 | 01:10:19] Matze.Gamingtv  hat 50000 Vero Dieter.Humpelfuss gegeben 
[22.03.2016 | 14:54:27] Matze.Gamingtv  hat 9000 Vero Marcel.Zockerhd gegeben 
[22.03.2016 | 15:59:55] Matze.Gamingtv  hat 100 Vero Ryan.McMillen gegeben 
[22.03.2016 | 16:20:00] Matze.Gamingtv  hat 8700 Vero Ryan.McMillen gegeben 
[22.03.2016 | 16:20:51] Matze.Gamingtv  hat 10500 Vero Ryan.McMillen gegeben 
[23.03.2016 | 22:48:25] Matze.Gamingtv  hat 200 Vero Ben.Akaisda gegeben 
[23.03.2016 | 22:48:29] Matze.Gamingtv  hat 200 Vero Ben.Akaisda gegeben 
[24.03.2016 | 21:25:35] Matze.Gamingtv  hat 6625 Vero Marcel.Gamer gegeben 
[24.03.2016 | 21:57:21] Marcel.Gamer  hat 200 Vero Matze.Gamingtv gegeben 
[07.04.2016 | 22:25:18] Matze.Gamingtv  hat 5000 Vero Ben.Akaisda gegeben 
[07.04.2016 | 22:57:29] Matze.Gamingtv  hat 5000 Vero Ben.Akaisda gegeben 
[08.04.2016 | 18:37:28] Marcel.Gamer  hat 1500 Vero Kevin.Bumsberg gegeben 
[08.04.2016 | 18:37:57] Kevin.Bumsberg  hat 1500 Vero Florian.Mrpacman gegeben 
[08.04.2016 | 19:44:27] Georg.Dampfnudel  hat 1650 Vero Florian.Mrpacman gegeben 
[09.04.2016 | 19:28:09] Matze.Gamingtv  hat 4101 Vero Ben.Akaisda gegeben 
[09.04.2016 | 20:17:41] Ryan.McMillen  hat 7630 Vero Jay.Mcmillen gegeben 
[09.04.2016 | 23:25:29] Sebastian.Layer  hat 1000000 Vero Mr.Pedo gegeben 
[09.04.2016 | 23:25:59] Sebastian.Layer  hat 1000000 Vero Arkadiuz.Krychowiak gegeben 
[10.04.2016 | 00:11:04] Sebastian.Layer  hat 1000000 Vero Ryan.McMillen gegeben 
[10.04.2016 | 00:11:33] Sebastian.Layer  hat 1000000 Vero Jay.Mcmillen gegeben 
[10.04.2016 | 01:09:43] Sebastian.Layer  hat 1000000 Vero James.Jefferson gegeben 
[10.04.2016 | 01:17:22] Marcel.Gamer  hat 770 Vero Philipp.Weber gegeben 
[10.04.2016 | 12:54:47] Sebastian.Layer  hat 1000000 Vero Ron.Noname gegeben 
[10.04.2016 | 13:10:46] Sebastian.Layer  hat 500000 Vero Ron.Noname gegeben 
[10.04.2016 | 13:50:52] Marcel.Gamer  hat 5000 Vero Ben.Akaisda gegeben 
[10.04.2016 | 13:59:02] Matze.Gamingtv  hat 30000 Vero Ben.Akaisda gegeben 
[10.04.2016 | 14:00:13] Sebastian.Layer  hat 5000 Vero Dennis.Wagner gegeben 
[10.04.2016 | 14:41:20] Florian.Mrpacman  hat 500 Vero Marcel.Gamer gegeben 
[10.04.2016 | 15:37:29] Matze.Gamingtv  hat 40000 Vero Jay.Mcmillen gegeben 
[10.04.2016 | 17:56:36] Talorin.Goldberry  hat 50000 Vero Marcel.Gamer gegeben 
[10.04.2016 | 21:23:22] Sebastian.Layer  hat 1000000 Vero Dennis.Wagner gegeben 
[10.04.2016 | 21:51:01] Dennis.Wagner  hat 27650 Vero Sebastian.Layer gegeben 
[10.04.2016 | 22:18:39] Sebastian.Layer  hat 25000 Vero Matze.Gamingtv gegeben 
[11.04.2016 | 20:50:21] Dennis.Wagner  hat 175000 Vero Webi.Profi gegeben 
[14.04.2016 | 17:53:32] Sebastian.Wolters  hat 500 Vero Matze.Gamingtv gegeben 
[18.04.2016 | 14:51:52] Georg.Dampfnudel  hat 177617 Vero Matze.Gamingtv gegeben 
[15.06.2016 | 16:01:35] Matze.Gamingtv  hat 500000 Vero Florian.Mrpacman gegeben 
[15.06.2016 | 16:12:05] Matze.Gamingtv  hat 500000 Vero Gamtv.Gamerhd gegeben 
[23.06.2016 | 18:06:33] Matze.Gamingtv  hat 900 Vero Ben.Miller gegeben 
