[21.03.2016 | 23:44:53] Talorin.Goldberry hat ein Item mit der ID 4 erhalten.
[21.03.2016 | 23:45:18] Matze.Gamingtv hat ein Item mit der ID 4 erhalten.
[21.03.2016 | 23:45:20] Matze.Gamingtv hat ein Item mit der ID 5 erhalten.
[21.03.2016 | 23:45:23] Matze.Gamingtv hat ein Item mit der ID 6 erhalten.
[21.03.2016 | 23:45:26] Matze.Gamingtv hat ein Item mit der ID 46 erhalten.
[21.03.2016 | 23:45:27] Matze.Gamingtv hat ein Item mit der ID 48 erhalten.
[21.03.2016 | 23:45:28] Matze.Gamingtv hat ein Item mit der ID 49 erhalten.
[21.03.2016 | 23:45:34] Matze.Gamingtv hat ein Item mit der ID 3 erhalten.
[21.03.2016 | 23:45:41] Talorin.Goldberry hat ein Item mit der ID 6 erhalten.
[22.03.2016 | 01:16:29] Matze.Gamingtv hat ein Item mit der ID 48 verloren.
[22.03.2016 | 15:02:28] Matze.Gamingtv hat ein Item mit der ID 48 erhalten.
[22.03.2016 | 15:02:33] Florian.Mrpacman hat ein Item mit der ID 48 erhalten.
[22.03.2016 | 15:04:27] Florian.Mrpacman hat ein Item mit der ID 48 verloren.
[22.03.2016 | 16:00:07] Florian.Mrpacman hat ein Item mit der ID 48 erhalten.
[22.03.2016 | 16:00:23] Florian.Mrpacman hat ein Item mit der ID 48 verloren.
[22.03.2016 | 16:03:20] Florian.Mrpacman hat ein Item mit der ID 6 erhalten.
[22.03.2016 | 16:38:22] Marcel.Zockerhd hat ein Item mit der ID 48 erhalten.
[22.03.2016 | 16:38:41] Marcel.Zockerhd hat ein Item mit der ID 48 verloren.
[22.03.2016 | 16:39:03] Marcel.Zockerhd hat ein Item mit der ID 48 erhalten.
[22.03.2016 | 16:39:10] Marcel.Zockerhd hat ein Item mit der ID 48 verloren.
[22.03.2016 | 16:41:45] Florian.Mrpacman hat ein Item mit der ID 49 erhalten.
[22.03.2016 | 16:42:20] Florian.Mrpacman hat ein Item mit der ID 49 verloren.
[22.03.2016 | 16:43:41] Matze.Gamingtv hat ein Item mit der ID 5 verloren.
[22.03.2016 | 16:44:09] Matze.Gamingtv hat ein Item mit der ID 5 erhalten.
[22.03.2016 | 16:44:26] Florian.Mrpacman hat ein Item mit der ID 49 erhalten.
[22.03.2016 | 16:44:55] Marcel.Zockerhd hat ein Item mit der ID 48 erhalten.
[22.03.2016 | 16:45:04] Marcel.Zockerhd hat ein Item mit der ID 6 erhalten.
[22.03.2016 | 16:45:05] Matze.Gamingtv hat ein Item mit der ID 5 verloren.
[22.03.2016 | 20:03:42] Florian.Mrpacman hat ein Item mit der ID 48 erhalten.
[23.03.2016 | 02:31:53] Matze.Gamingtv hat ein Item mit der ID 48 abgelegt.
[23.03.2016 | 02:31:58] Ben.Akaisda hat ein Item mit der ID 48 erhalten.
[23.03.2016 | 02:32:07] Ben.Akaisda hat ein Item mit der ID 48 verloren.
[23.03.2016 | 02:32:09] Matze.Gamingtv hat ein Item mit der ID 48 abgelegt.
[23.03.2016 | 02:32:11] Ben.Akaisda hat ein Item mit der ID 48 erhalten.
[23.03.2016 | 03:09:36] Ben.Akaisda hat ein Item mit der ID 4 erhalten.
[23.03.2016 | 03:09:41] Ben.Akaisda hat ein Item mit der ID 6 erhalten.
[23.03.2016 | 03:09:55] Ben.Akaisda hat ein Item mit der ID 46 erhalten.
[23.03.2016 | 13:16:15] Florian.Mrpacman hat ein Item mit der ID 49 erhalten.
[23.03.2016 | 21:43:49] Matze.Gamingtv hat ein Item mit der ID 46 abgelegt.
[23.03.2016 | 23:27:56] Talorin.Goldberry hat ein Item mit der ID 46 erhalten.
[23.03.2016 | 23:28:06] Talorin.Goldberry hat ein Item mit der ID 46 verloren.
[23.03.2016 | 23:28:06] Talorin.Goldberry hat ein Item mit der ID 46 abgelegt.
[23.03.2016 | 23:28:17] Talorin.Goldberry hat ein Item mit der ID 46 erhalten.
[23.03.2016 | 23:28:25] Talorin.Goldberry hat ein Item mit der ID 46 verloren.
[23.03.2016 | 23:28:25] Talorin.Goldberry hat ein Item mit der ID 46 abgelegt.
[23.03.2016 | 23:28:38] Talorin.Goldberry hat ein Item mit der ID 46 erhalten.
[24.03.2016 | 09:01:24] Ryan.McMillen hat ein Item mit der ID 1 erhalten.
[24.03.2016 | 21:26:01] Marcel.Gamer hat ein Item mit der ID 4 erhalten.
[25.03.2016 | 00:30:28] Ben.Akaisda hat ein Item mit der ID 48 verloren.
[25.03.2016 | 00:30:28] Ben.Akaisda hat ein Item mit der ID 48 abgelegt.
[25.03.2016 | 00:30:50] Ben.Akaisda hat ein Item mit der ID 48 erhalten.
[25.03.2016 | 00:31:00] Ben.Akaisda hat ein Item mit der ID 48 verloren.
[25.03.2016 | 00:31:00] Ben.Akaisda hat ein Item mit der ID 48 abgelegt.
[25.03.2016 | 00:31:04] Ben.Akaisda hat ein Item mit der ID 48 erhalten.
[25.03.2016 | 00:31:09] Ben.Akaisda hat ein Item mit der ID 48 verloren.
[25.03.2016 | 00:31:09] Ben.Akaisda hat ein Item mit der ID 48 abgelegt.
[25.03.2016 | 00:31:13] Ben.Akaisda hat ein Item mit der ID 48 erhalten.
[25.03.2016 | 00:31:19] Ben.Akaisda hat ein Item mit der ID 48 verloren.
[26.03.2016 | 18:20:05] Florian.Mrpacman hat ein Item mit der ID 48 erhalten.
[26.03.2016 | 18:20:39] Florian.Mrpacman hat ein Item mit der ID 63 erhalten.
[26.03.2016 | 18:20:50] Florian.Mrpacman hat ein Item mit der ID 45 erhalten.
[26.03.2016 | 18:20:51] Florian.Mrpacman hat ein Item mit der ID 8 erhalten.
[26.03.2016 | 18:20:53] Florian.Mrpacman hat ein Item mit der ID 0 erhalten.
[26.03.2016 | 18:21:05] Florian.Mrpacman hat ein Item mit der ID 46 erhalten.
[26.03.2016 | 18:21:51] Florian.Mrpacman hat ein Item mit der ID 46 verloren.
[26.03.2016 | 18:21:51] Florian.Mrpacman hat ein Item mit der ID 46 abgelegt.
[26.03.2016 | 18:22:02] Florian.Mrpacman hat ein Item mit der ID 46 erhalten.
[26.03.2016 | 18:22:09] Florian.Mrpacman hat ein Item mit der ID 46 verloren.
[26.03.2016 | 18:22:09] Florian.Mrpacman hat ein Item mit der ID 46 abgelegt.
[26.03.2016 | 18:22:53] Florian.Mrpacman hat ein Item mit der ID 63 verloren.
[26.03.2016 | 18:23:27] Florian.Mrpacman hat ein Item mit der ID 46 erhalten.
[26.03.2016 | 18:23:48] Florian.Mrpacman hat ein Item mit der ID 46 verloren.
[26.03.2016 | 18:23:48] Florian.Mrpacman hat ein Item mit der ID 46 abgelegt.
[26.03.2016 | 18:24:06] Florian.Mrpacman hat ein Item mit der ID 46 erhalten.
[26.03.2016 | 18:24:14] Florian.Mrpacman hat ein Item mit der ID 46 verloren.
[26.03.2016 | 18:24:14] Florian.Mrpacman hat ein Item mit der ID 46 abgelegt.
[26.03.2016 | 18:24:30] Florian.Mrpacman hat ein Item mit der ID 46 erhalten.
[26.03.2016 | 18:24:59] Florian.Mrpacman hat ein Item mit der ID 46 verloren.
[26.03.2016 | 18:24:59] Florian.Mrpacman hat ein Item mit der ID 46 abgelegt.
[26.03.2016 | 18:26:26] Florian.Mrpacman hat ein Item mit der ID 46 erhalten.
[26.03.2016 | 18:26:31] Florian.Mrpacman hat ein Item mit der ID 46 verloren.
[26.03.2016 | 18:26:31] Florian.Mrpacman hat ein Item mit der ID 46 abgelegt.
[26.03.2016 | 18:26:42] Florian.Mrpacman hat ein Item mit der ID 46 erhalten.
[26.03.2016 | 18:26:48] Florian.Mrpacman hat ein Item mit der ID 46 verloren.
[26.03.2016 | 18:26:48] Florian.Mrpacman hat ein Item mit der ID 46 abgelegt.
[26.03.2016 | 18:27:53] Florian.Mrpacman hat ein Item mit der ID 46 erhalten.
[26.03.2016 | 20:35:19] Florian.Mrpacman hat ein Item mit der ID 49 erhalten.
[26.03.2016 | 20:36:36] Florian.Mrpacman hat ein Item mit der ID 49 verloren.
[26.03.2016 | 20:58:38] Florian.Mrpacman hat ein Item mit der ID 8 verloren.
[26.03.2016 | 20:58:52] Florian.Mrpacman hat ein Item mit der ID 46 verloren.
[26.03.2016 | 20:58:52] Florian.Mrpacman hat ein Item mit der ID 46 abgelegt.
[26.03.2016 | 21:00:33] Florian.Mrpacman hat ein Item mit der ID 46 erhalten.
[26.03.2016 | 21:00:39] Florian.Mrpacman hat ein Item mit der ID 46 verloren.
[26.03.2016 | 21:00:39] Florian.Mrpacman hat ein Item mit der ID 46 abgelegt.
[26.03.2016 | 21:01:42] Florian.Mrpacman hat ein Item mit der ID 46 erhalten.
[26.03.2016 | 21:01:47] Florian.Mrpacman hat ein Item mit der ID 45 verloren.
[26.03.2016 | 21:01:50] Florian.Mrpacman hat ein Item mit der ID 46 verloren.
[26.03.2016 | 21:01:50] Florian.Mrpacman hat ein Item mit der ID 46 abgelegt.
[26.03.2016 | 21:03:54] Florian.Mrpacman hat ein Item mit der ID 46 erhalten.
[28.03.2016 | 22:10:23] Talorin.Goldberry hat ein Item mit der ID 45 erhalten.
[28.03.2016 | 22:10:30] Talorin.Goldberry hat ein Item mit der ID 45 verloren.
[07.04.2016 | 22:43:23] Florian.Mrpacman hat ein Item mit der ID 48 verloren.
[07.04.2016 | 22:52:40] Matze.Gamingtv hat ein Item mit der ID 48 verloren.
[08.04.2016 | 00:53:23] Matze.Gamingtv hat ein Item mit der ID 10 erhalten.
[08.04.2016 | 00:53:52] Matze.Gamingtv hat ein Item mit der ID 10 abgelegt.
[08.04.2016 | 17:21:56] Matze.Gamingtv hat ein Item mit der ID 54 erhalten.
[08.04.2016 | 17:22:11] Matze.Gamingtv hat ein Item mit der ID 54 verloren.
[08.04.2016 | 18:18:40] Kevin.Bumsberg hat ein Item mit der ID 6 erhalten.
[08.04.2016 | 19:07:19] Marcel.Zockerhd hat ein Item mit der ID 4 erhalten.
[08.04.2016 | 20:07:39] Ben.Akaisda hat ein Item mit der ID 48 erhalten.
[08.04.2016 | 20:07:40] Ben.Akaisda hat ein Item mit der ID 63 erhalten.
[08.04.2016 | 20:07:45] Ben.Akaisda hat ein Item mit der ID 48 verloren.
[08.04.2016 | 20:12:40] Ben.Akaisda hat ein Item mit der ID 48 erhalten.
[08.04.2016 | 20:13:04] Ben.Akaisda hat ein Item mit der ID 63 verloren.
[09.04.2016 | 14:53:07] Marcel.Gamer hat ein Item mit der ID 54 erhalten.
[09.04.2016 | 14:54:46] Ben.Akaisda hat ein Item mit der ID 55 erhalten.
[09.04.2016 | 14:54:55] Ben.Akaisda hat ein Item mit der ID 55 verloren.
[09.04.2016 | 14:55:15] Ben.Akaisda hat ein Item mit der ID 54 erhalten.
[09.04.2016 | 14:55:24] Ben.Akaisda hat ein Item mit der ID 54 verloren.
[09.04.2016 | 14:56:08] Marcel.Gamer hat ein Item mit der ID 54 verloren.
[09.04.2016 | 15:25:31] Mr.Pedo hat ein Item mit der ID 1 erhalten.
[09.04.2016 | 15:29:04] Mr.Jacksons hat ein Item mit der ID 1 erhalten.
[09.04.2016 | 15:37:09] Ron.Noname hat ein Item mit der ID 1 erhalten.
[09.04.2016 | 16:36:40] Talorin.Goldberry hat ein Item mit der ID 3 erhalten.
[09.04.2016 | 16:36:56] Talorin.Goldberry hat ein Item mit der ID 3 verloren.
[09.04.2016 | 16:49:07] Mr.Pedo hat ein Item mit der ID 1 abgelegt.
[09.04.2016 | 16:49:10] Mr.Pedo hat ein Item mit der ID 1 abgelegt.
[09.04.2016 | 16:49:21] Georg.Dampfnudel hat ein Item mit der ID 1 erhalten.
[09.04.2016 | 16:59:17] James.Jefferson hat ein Item mit der ID 1 erhalten.
[09.04.2016 | 17:10:27] Matze.Gamingtv hat ein Item mit der ID 46 abgelegt.
[09.04.2016 | 17:10:39] Matze.Gamingtv hat ein Item mit der ID 46 abgelegt.
[09.04.2016 | 18:58:30] Prince.Boateng hat ein Item mit der ID 1 erhalten.
[09.04.2016 | 20:10:36] Prince.Boateng hat ein Item mit der ID 6 erhalten.
[09.04.2016 | 20:12:10] Mr.Pedo hat ein Item mit der ID 49 erhalten.
[09.04.2016 | 23:22:23] Arkadiuz.Krychowiak hat ein Item mit der ID 1 erhalten.
[10.04.2016 | 00:15:30] Sebastian.Layer hat ein Item mit der ID 1 erhalten.
[10.04.2016 | 00:15:51] Jay.Mcmillen hat ein Item mit der ID 1 erhalten.
[10.04.2016 | 00:42:56] Sebastian.Layer hat ein Item mit der ID 4 erhalten.
[10.04.2016 | 00:42:57] Sebastian.Layer hat ein Item mit der ID 6 erhalten.
[10.04.2016 | 00:42:59] Sebastian.Layer hat ein Item mit der ID 46 erhalten.
[10.04.2016 | 01:26:24] James.Jefferson hat ein Item mit der ID 49 erhalten.
[10.04.2016 | 01:26:30] James.Jefferson hat ein Item mit der ID 48 erhalten.
[10.04.2016 | 01:26:35] James.Jefferson hat ein Item mit der ID 4 erhalten.
[10.04.2016 | 01:26:36] James.Jefferson hat ein Item mit der ID 41 erhalten.
[10.04.2016 | 01:26:36] James.Jefferson hat ein Item mit der ID 42 erhalten.
[10.04.2016 | 01:26:37] James.Jefferson hat ein Item mit der ID 43 erhalten.
[10.04.2016 | 01:26:37] James.Jefferson hat ein Item mit der ID 44 erhalten.
[10.04.2016 | 01:26:38] James.Jefferson hat ein Item mit der ID 6 erhalten.
[10.04.2016 | 01:26:45] James.Jefferson hat ein Item mit der ID 8 erhalten.
[10.04.2016 | 01:26:50] James.Jefferson hat ein Item mit der ID 45 erhalten.
[10.04.2016 | 01:26:54] James.Jefferson hat ein Item mit der ID 7 erhalten.
[10.04.2016 | 01:27:00] James.Jefferson hat ein Item mit der ID 0 erhalten.
[10.04.2016 | 01:27:06] James.Jefferson hat ein Item mit der ID 3 erhalten.
[10.04.2016 | 01:27:12] James.Jefferson hat ein Item mit der ID 5 erhalten.
[10.04.2016 | 01:27:21] James.Jefferson hat ein Item mit der ID 46 erhalten.
[10.04.2016 | 01:57:22] Marcel.Gamer hat ein Item mit der ID 1 erhalten.
[10.04.2016 | 13:31:13] Matze.Gamingtv hat ein Item mit der ID 1 erhalten.
[10.04.2016 | 15:22:17] Marcel.Gamer hat ein Item mit der ID 51 erhalten.
[10.04.2016 | 15:33:06] Florian.Mrpacman hat ein Item mit der ID 48 erhalten.
[10.04.2016 | 16:15:26] Dennis.Wagner hat ein Item mit der ID 4 erhalten.
[10.04.2016 | 16:15:31] Dennis.Wagner hat ein Item mit der ID 6 erhalten.
[10.04.2016 | 16:15:54] Dennis.Wagner hat ein Item mit der ID 46 erhalten.
[10.04.2016 | 17:53:40] Ben.Akaisda hat ein Item mit der ID 1 erhalten.
[10.04.2016 | 19:55:03] Ryan.McMillen hat ein Item mit der ID 8 erhalten.
[10.04.2016 | 19:55:13] Ryan.McMillen hat ein Item mit der ID 3 erhalten.
[10.04.2016 | 19:55:16] Ryan.McMillen hat ein Item mit der ID 43 erhalten.
[10.04.2016 | 19:55:25] Ryan.McMillen hat ein Item mit der ID 6 erhalten.
[10.04.2016 | 19:55:30] Ryan.McMillen hat ein Item mit der ID 46 erhalten.
[10.04.2016 | 22:11:47] Matze.Gamingtv hat ein Item mit der ID 46 abgelegt.
[10.04.2016 | 22:12:32] Matze.Gamingtv hat ein Item mit der ID 46 abgelegt.
[11.04.2016 | 15:18:21] Ryan.McMillen hat ein Item mit der ID 46 verloren.
[11.04.2016 | 15:18:21] Ryan.McMillen hat ein Item mit der ID 46 abgelegt.
[11.04.2016 | 15:18:58] Ryan.McMillen hat ein Item mit der ID 43 abgelegt.
[11.04.2016 | 15:19:06] Ryan.McMillen hat ein Item mit der ID 46 erhalten.
[11.04.2016 | 15:19:13] Ryan.McMillen hat ein Item mit der ID 46 verloren.
[11.04.2016 | 15:19:13] Ryan.McMillen hat ein Item mit der ID 46 abgelegt.
[11.04.2016 | 15:20:54] Ryan.McMillen hat ein Item mit der ID 46 erhalten.
[11.04.2016 | 15:21:35] Ryan.McMillen hat ein Item mit der ID 49 erhalten.
[11.04.2016 | 15:25:04] Ryan.McMillen hat ein Item mit der ID 46 abgelegt.
[11.04.2016 | 15:25:22] Ryan.McMillen hat ein Item mit der ID 46 abgelegt.
[11.04.2016 | 15:25:29] Ryan.McMillen hat ein Item mit der ID 46 abgelegt.
[11.04.2016 | 15:25:45] Ryan.McMillen hat ein Item mit der ID 46 abgelegt.
[11.04.2016 | 15:25:55] Ryan.McMillen hat ein Item mit der ID 46 abgelegt.
[11.04.2016 | 15:26:02] Ryan.McMillen hat ein Item mit der ID 46 abgelegt.
[11.04.2016 | 16:02:00] Sebastian.Layer hat ein Item mit der ID 58 erhalten.
[11.04.2016 | 19:26:08] Jay.Mcmillen hat ein Item mit der ID 52 erhalten.
[11.04.2016 | 19:26:08] Jay.Mcmillen hat ein Item mit der ID 51 erhalten.
[11.04.2016 | 19:26:13] Jay.Mcmillen hat ein Item mit der ID 50 erhalten.
[11.04.2016 | 19:43:39] Webi.Profi hat ein Item mit der ID 6 erhalten.
[14.04.2016 | 17:55:24] Matze.Gamingtv hat ein Item mit der ID 49 erhalten.
[14.04.2016 | 17:55:27] Matze.Gamingtv hat ein Item mit der ID 48 erhalten.
[14.04.2016 | 17:55:29] Matze.Gamingtv hat ein Item mit der ID 46 erhalten.
[14.04.2016 | 17:55:33] Matze.Gamingtv hat ein Item mit der ID 6 erhalten.
[14.04.2016 | 17:55:34] Matze.Gamingtv hat ein Item mit der ID 5 erhalten.
[14.04.2016 | 17:55:37] Matze.Gamingtv hat ein Item mit der ID 4 erhalten.
[14.04.2016 | 17:55:39] Matze.Gamingtv hat ein Item mit der ID 3 erhalten.
[14.04.2016 | 17:55:42] Matze.Gamingtv hat ein Item mit der ID 1 erhalten.
[14.04.2016 | 17:55:46] Matze.Gamingtv hat ein Item mit der ID 0 erhalten.
[14.04.2016 | 17:55:46] Sebastian.Wolters hat ein Item mit der ID 46 erhalten.
[14.04.2016 | 17:55:55] Sebastian.Wolters hat ein Item mit der ID 6 erhalten.
[14.04.2016 | 17:56:17] Sebastian.Wolters hat ein Item mit der ID 4 erhalten.
[14.04.2016 | 17:56:23] Sebastian.Wolters hat ein Item mit der ID 45 erhalten.
[14.04.2016 | 17:56:38] Sebastian.Wolters hat ein Item mit der ID 45 verloren.
[14.04.2016 | 17:58:10] Sebastian.Wolters hat ein Item mit der ID 46 abgelegt.
[14.04.2016 | 18:43:02] Sebastian.Wolters hat ein Item mit der ID 46 abgelegt.
[14.04.2016 | 18:43:31] Sebastian.Wolters hat ein Item mit der ID 46 abgelegt.
[14.04.2016 | 18:43:46] Sebastian.Wolters hat ein Item mit der ID 46 abgelegt.
[14.04.2016 | 18:44:42] Sebastian.Wolters hat ein Item mit der ID 46 abgelegt.
[16.04.2016 | 15:05:11] Matze.Gamingtv hat ein Item mit der ID 46 abgelegt.
[16.04.2016 | 15:05:28] Matze.Gamingtv hat ein Item mit der ID 46 abgelegt.
[16.04.2016 | 15:06:26] Matze.Gamingtv hat ein Item mit der ID 46 abgelegt.
[16.04.2016 | 15:06:38] Matze.Gamingtv hat ein Item mit der ID 46 abgelegt.
[16.04.2016 | 15:06:48] Matze.Gamingtv hat ein Item mit der ID 46 abgelegt.
[16.04.2016 | 15:07:16] Matze.Gamingtv hat ein Item mit der ID 46 abgelegt.
[16.04.2016 | 15:07:29] Matze.Gamingtv hat ein Item mit der ID 46 abgelegt.
[16.04.2016 | 15:07:50] Matze.Gamingtv hat ein Item mit der ID 46 abgelegt.
[16.04.2016 | 15:08:55] Matze.Gamingtv hat ein Item mit der ID 46 abgelegt.
[29.04.2016 | 12:46:22] Matze.Gamingtv hat ein Item mit der ID 1 verloren.
[29.04.2016 | 12:46:25] Matze.Gamingtv hat ein Item mit der ID 0 verloren.
[05.05.2016 | 23:02:12] Matze.Gamingtv hat ein Item mit der ID 1 erhalten.
[06.05.2016 | 22:35:22] Florian.Pacman hat ein Item mit der ID 48 erhalten.
[06.05.2016 | 22:35:26] Florian.Pacman hat ein Item mit der ID 4 erhalten.
[06.05.2016 | 22:35:47] Florian.Pacman hat ein Item mit der ID 48 verloren.
[07.05.2016 | 12:51:49] Marcel.Zockerhd hat ein Item mit der ID 4 erhalten.
[08.05.2016 | 04:35:40] Ben.Akaisda hat ein Item mit der ID 4 erhalten.
[08.05.2016 | 04:35:43] Ben.Akaisda hat ein Item mit der ID 6 erhalten.
[09.05.2016 | 17:34:32] Florian.Pacman hat ein Item mit der ID 48 erhalten.
[09.05.2016 | 17:34:36] Florian.Pacman hat ein Item mit der ID 4 erhalten.
[09.05.2016 | 17:34:45] Florian.Pacman hat ein Item mit der ID 6 erhalten.
[09.05.2016 | 17:34:46] Florian.Pacman hat ein Item mit der ID 7 erhalten.
[12.06.2016 | 13:45:43] Matze.Gamingtv hat ein Item mit der ID 46 erhalten.
[12.06.2016 | 14:01:26] Sebastian.Hunter hat ein Item mit der ID 10 erhalten.
[12.06.2016 | 14:01:29] Sebastian.Hunter hat ein Item mit der ID 10 verloren.
[12.06.2016 | 14:07:36] Matze.Gamingtv hat ein Item mit der ID 40 erhalten.
[12.06.2016 | 14:08:47] Matze.Gamingtv hat ein Item mit der ID 4 erhalten.
[12.06.2016 | 14:08:48] Matze.Gamingtv hat ein Item mit der ID 5 erhalten.
[12.06.2016 | 14:08:50] Matze.Gamingtv hat ein Item mit der ID 6 erhalten.
[12.06.2016 | 14:08:52] Matze.Gamingtv hat ein Item mit der ID 3 erhalten.
[13.06.2016 | 10:41:14] Matze.Gamingtv hat ein Item mit der ID 46 verloren.
[13.06.2016 | 10:41:14] Matze.Gamingtv hat ein Item mit der ID 46 abgelegt.
[13.06.2016 | 10:41:27] Matze.Gamingtv hat ein Item mit der ID 46 erhalten.
[13.06.2016 | 10:41:38] Matze.Gamingtv hat ein Item mit der ID 46 verloren.
[13.06.2016 | 10:41:38] Matze.Gamingtv hat ein Item mit der ID 46 abgelegt.
[13.06.2016 | 11:46:50] Matze.Gamingtv hat ein Item mit der ID 46 erhalten.
[13.06.2016 | 11:47:17] Matze.Gamingtv hat ein Item mit der ID 46 verloren.
[13.06.2016 | 11:47:17] Matze.Gamingtv hat ein Item mit der ID 46 abgelegt.
[13.06.2016 | 11:47:54] Matze.Gamingtv hat ein Item mit der ID 46 erhalten.
[13.06.2016 | 16:47:16] Marcel.Paul hat ein Item mit der ID 7 erhalten.
[13.06.2016 | 16:47:28] Marcel.Paul hat ein Item mit der ID 46 erhalten.
[13.06.2016 | 16:48:06] Marcel.Paul hat ein Item mit der ID 7 verloren.
[13.06.2016 | 16:49:10] Marcel.Paul hat ein Item mit der ID 46 verloren.
[13.06.2016 | 16:49:10] Marcel.Paul hat ein Item mit der ID 46 abgelegt.
[13.06.2016 | 16:50:18] Marcel.Paul hat ein Item mit der ID 46 erhalten.
[13.06.2016 | 16:50:33] Marcel.Paul hat ein Item mit der ID 46 verloren.
[13.06.2016 | 16:50:33] Marcel.Paul hat ein Item mit der ID 46 abgelegt.
[13.06.2016 | 16:53:16] Marcel.Paul hat ein Item mit der ID 46 erhalten.
[13.06.2016 | 16:56:09] Marcel.Paul hat ein Item mit der ID 46 verloren.
[13.06.2016 | 16:56:09] Marcel.Paul hat ein Item mit der ID 46 abgelegt.
[13.06.2016 | 16:56:34] Marcel.Paul hat ein Item mit der ID 46 erhalten.
[13.06.2016 | 17:11:51] Marcel.Paul hat ein Item mit der ID 46 verloren.
[13.06.2016 | 17:11:51] Marcel.Paul hat ein Item mit der ID 46 abgelegt.
[13.06.2016 | 17:14:36] Marcel.Paul hat ein Item mit der ID 46 erhalten.
[13.06.2016 | 17:19:05] Marcel.Paul hat ein Item mit der ID 46 verloren.
[13.06.2016 | 17:19:05] Marcel.Paul hat ein Item mit der ID 46 abgelegt.
[13.06.2016 | 17:19:10] Marcel.Paul hat ein Item mit der ID 46 erhalten.
[13.06.2016 | 17:19:15] Marcel.Paul hat ein Item mit der ID 46 verloren.
[13.06.2016 | 17:19:15] Marcel.Paul hat ein Item mit der ID 46 abgelegt.
[13.06.2016 | 17:19:18] Marcel.Paul hat ein Item mit der ID 46 erhalten.
[13.06.2016 | 17:19:23] Marcel.Paul hat ein Item mit der ID 46 verloren.
[13.06.2016 | 17:19:23] Marcel.Paul hat ein Item mit der ID 46 abgelegt.
[13.06.2016 | 17:20:11] Marcel.Paul hat ein Item mit der ID 46 erhalten.
[13.06.2016 | 17:26:32] Marcel.Paul hat ein Item mit der ID 46 verloren.
[13.06.2016 | 17:26:32] Marcel.Paul hat ein Item mit der ID 46 abgelegt.
[13.06.2016 | 17:33:29] Marcel.Paul hat ein Item mit der ID 46 erhalten.
[13.06.2016 | 17:34:35] Marcel.Paul hat ein Item mit der ID 46 verloren.
[13.06.2016 | 17:34:35] Marcel.Paul hat ein Item mit der ID 46 abgelegt.
[13.06.2016 | 17:35:04] Marcel.Paul hat ein Item mit der ID 46 erhalten.
[13.06.2016 | 17:35:30] Marcel.Paul hat ein Item mit der ID 46 verloren.
[13.06.2016 | 17:35:30] Marcel.Paul hat ein Item mit der ID 46 abgelegt.
[13.06.2016 | 17:35:45] Marcel.Paul hat ein Item mit der ID 46 erhalten.
[13.06.2016 | 17:48:42] Matze.Gamingtv hat ein Item mit der ID 44 erhalten.
[13.06.2016 | 17:49:15] Matze.Gamingtv hat ein Item mit der ID 48 erhalten.
[13.06.2016 | 17:49:22] Matze.Gamingtv hat ein Item mit der ID 48 verloren.
[13.06.2016 | 17:52:02] Marcel.Paul hat ein Item mit der ID 50 erhalten.
[13.06.2016 | 18:26:40] Ryan.Mcmillen hat ein Item mit der ID 0 erhalten.
[13.06.2016 | 18:26:42] Ryan.Mcmillen hat ein Item mit der ID 7 erhalten.
[13.06.2016 | 18:26:42] Ryan.Mcmillen hat ein Item mit der ID 42 erhalten.
[13.06.2016 | 18:26:43] Ryan.Mcmillen hat ein Item mit der ID 6 erhalten.
[13.06.2016 | 18:26:49] Jay.Mcmillen hat ein Item mit der ID 7 erhalten.
[13.06.2016 | 18:31:05] Ryan.Mcmillen hat ein Item mit der ID 8 erhalten.
[13.06.2016 | 18:31:06] Ryan.Mcmillen hat ein Item mit der ID 1 erhalten.
[13.06.2016 | 18:33:28] Jay.Mcmillen hat ein Item mit der ID 4 erhalten.
[13.06.2016 | 18:34:22] Jay.Mcmillen hat ein Item mit der ID 3 erhalten.
[13.06.2016 | 18:35:03] Ryan.Mcmillen hat ein Item mit der ID 51 erhalten.
[13.06.2016 | 18:35:24] Jay.Mcmillen hat ein Item mit der ID 0 erhalten.
[13.06.2016 | 18:36:21] Ryan.Mcmillen hat ein Item mit der ID 54 erhalten.
[13.06.2016 | 18:36:22] Ryan.Mcmillen hat ein Item mit der ID 56 erhalten.
[13.06.2016 | 18:41:23] Jay.Mcmillen hat ein Item mit der ID 40 erhalten.
[13.06.2016 | 18:42:31] Ryan.Mcmillen hat ein Item mit der ID 45 erhalten.
[13.06.2016 | 18:42:32] Ryan.Mcmillen hat ein Item mit der ID 46 erhalten.
[13.06.2016 | 18:44:19] Ryan.Mcmillen hat ein Item mit der ID 41 erhalten.
[13.06.2016 | 18:44:51] Jay.Mcmillen hat ein Item mit der ID 51 erhalten.
[13.06.2016 | 18:46:33] Ryan.Mcmillen hat ein Item mit der ID 3 erhalten.
[13.06.2016 | 18:47:39] Ryan.Mcmillen hat ein Item mit der ID 43 erhalten.
[13.06.2016 | 18:49:24] Jay.Mcmillen hat ein Item mit der ID 45 erhalten.
[13.06.2016 | 18:49:44] Ryan.Mcmillen hat ein Item mit der ID 46 abgelegt.
[13.06.2016 | 18:53:59] Ryan.Mcmillen hat ein Item mit der ID 49 erhalten.
[13.06.2016 | 18:54:32] Jay.Mcmillen hat ein Item mit der ID 5 erhalten.
[20.06.2016 | 14:13:13] Gamer.Ladynicky hat ein Item mit der ID 46 verloren.
[20.06.2016 | 14:13:13] Gamer.Ladynicky hat ein Item mit der ID 46 abgelegt.
[22.06.2016 | 18:27:05] Florian.Mrpacman hat ein Item mit der ID 0 erhalten.
[22.06.2016 | 18:27:05] Florian.Mrpacman hat ein Item mit der ID 1 erhalten.
[22.06.2016 | 18:27:10] Florian.Mrpacman hat ein Item mit der ID 4 erhalten.
[22.06.2016 | 18:27:12] Florian.Mrpacman hat ein Item mit der ID 6 erhalten.
[22.06.2016 | 18:27:15] Florian.Mrpacman hat ein Item mit der ID 48 erhalten.
[22.06.2016 | 18:27:17] Florian.Mrpacman hat ein Item mit der ID 49 erhalten.
[22.06.2016 | 18:27:46] Florian.Mrpacman hat ein Item mit der ID 8 erhalten.
[23.06.2016 | 18:16:42] Marcel.Paul hat ein Item mit der ID 46 verloren.
[23.06.2016 | 18:16:42] Marcel.Paul hat ein Item mit der ID 46 abgelegt.
[23.06.2016 | 18:17:44] Marcel.Paul hat ein Item mit der ID 46 erhalten.
[23.06.2016 | 18:18:09] Marcel.Paul hat ein Item mit der ID 46 verloren.
[23.06.2016 | 18:18:09] Marcel.Paul hat ein Item mit der ID 46 abgelegt.
[23.06.2016 | 18:18:55] Marcel.Paul hat ein Item mit der ID 46 erhalten.
[24.06.2016 | 14:50:01] Marcel.Paul hat ein Item mit der ID 46 verloren.
[24.06.2016 | 14:50:01] Marcel.Paul hat ein Item mit der ID 46 abgelegt.
[24.06.2016 | 14:50:18] Marcel.Paul hat ein Item mit der ID 46 erhalten.
[24.06.2016 | 14:50:45] Marcel.Paul hat ein Item mit der ID 46 verloren.
[24.06.2016 | 14:50:45] Marcel.Paul hat ein Item mit der ID 46 abgelegt.
[24.06.2016 | 20:59:16] Florian.Mrpacman hat ein Item mit der ID 48 verloren.
[24.06.2016 | 21:33:44] Florian.Mrpacman hat ein Item mit der ID 0 verloren.
[25.06.2016 | 19:21:12] Marcel.Paul hat ein Item mit der ID 46 erhalten.
[25.06.2016 | 19:27:06] Marcel.Paul hat ein Item mit der ID 46 verloren.
[25.06.2016 | 19:27:06] Marcel.Paul hat ein Item mit der ID 46 abgelegt.
[25.06.2016 | 19:34:06] Marcel.Paul hat ein Item mit der ID 46 erhalten.
[25.06.2016 | 19:34:20] Marcel.Paul hat ein Item mit der ID 46 verloren.
[25.06.2016 | 19:34:20] Marcel.Paul hat ein Item mit der ID 46 abgelegt.
[25.06.2016 | 19:34:44] Marcel.Paul hat ein Item mit der ID 46 erhalten.
[25.06.2016 | 19:34:48] Marcel.Paul hat ein Item mit der ID 46 verloren.
[25.06.2016 | 19:34:48] Marcel.Paul hat ein Item mit der ID 46 abgelegt.
[25.06.2016 | 19:37:52] Marcel.Paul hat ein Item mit der ID 46 erhalten.
[25.06.2016 | 19:37:54] Marcel.Paul hat ein Item mit der ID 46 verloren.
[25.06.2016 | 19:37:54] Marcel.Paul hat ein Item mit der ID 46 abgelegt.
[25.06.2016 | 19:39:09] Marcel.Paul hat ein Item mit der ID 46 erhalten.
[26.06.2016 | 17:31:06] Marcel.Paul hat ein Item mit der ID 46 verloren.
[26.06.2016 | 17:31:06] Marcel.Paul hat ein Item mit der ID 46 abgelegt.
[26.06.2016 | 20:47:02] Ben.Miller hat ein Item mit der ID 4 erhalten.
[26.06.2016 | 20:48:40] Ben.Miller hat ein Item mit der ID 6 erhalten.
[28.06.2016 | 19:40:54] Florian.Mrpacman hat ein Item mit der ID 8 verloren.
[29.06.2016 | 15:19:19] Florian.Mrpacman hat ein Item mit der ID 62 erhalten.
[29.06.2016 | 15:27:34] Marcel.Redhead hat ein Item mit der ID 62 erhalten.
[29.06.2016 | 18:31:13] Tom.Reck hat ein Item mit der ID 40 erhalten.
[29.06.2016 | 19:52:15] Tom.Reck hat ein Item mit der ID 6 erhalten.
[29.06.2016 | 19:52:16] Tom.Reck hat ein Item mit der ID 46 erhalten.
[29.06.2016 | 19:52:19] Tom.Reck hat ein Item mit der ID 48 erhalten.
[29.06.2016 | 19:52:20] Tom.Reck hat ein Item mit der ID 49 erhalten.
[29.06.2016 | 19:52:21] Tom.Reck hat ein Item mit der ID 63 erhalten.
[29.06.2016 | 19:52:28] Tom.Reck hat ein Item mit der ID 4 erhalten.
[29.06.2016 | 19:52:29] Tom.Reck hat ein Item mit der ID 4 erhalten.
[29.06.2016 | 19:53:31] Marcel.Redhead hat ein Item mit der ID 4 erhalten.
[29.06.2016 | 20:50:52] Florian.Mrpacman hat ein Item mit der ID 1 verloren.
[01.07.2016 | 18:20:16] Mta.Freak hat ein Item mit der ID 6 erhalten.
[01.07.2016 | 18:20:17] Leon.Bley hat ein Item mit der ID 4 erhalten.
[01.07.2016 | 18:20:27] Leon.Bley hat ein Item mit der ID 6 erhalten.
[01.07.2016 | 22:42:08] Marcel.Paul hat ein Item mit der ID 46 erhalten.
[01.07.2016 | 22:42:58] Marcel.Paul hat ein Item mit der ID 46 verloren.
[01.07.2016 | 22:42:58] Marcel.Paul hat ein Item mit der ID 46 abgelegt.
[01.07.2016 | 22:46:40] Marcel.Redhead hat ein Item mit der ID 46 erhalten.
[01.07.2016 | 22:47:10] Marcel.Redhead hat ein Item mit der ID 46 verloren.
[01.07.2016 | 22:47:10] Marcel.Redhead hat ein Item mit der ID 46 abgelegt.
[01.07.2016 | 22:47:33] Marcel.Redhead hat ein Item mit der ID 46 erhalten.
[02.07.2016 | 15:50:07] Marcel.Paul hat ein Item mit der ID 46 erhalten.
[02.07.2016 | 15:50:13] Marcel.Paul hat ein Item mit der ID 46 verloren.
[02.07.2016 | 15:50:13] Marcel.Paul hat ein Item mit der ID 46 abgelegt.
[02.07.2016 | 16:17:49] Marcel.Paul hat ein Item mit der ID 46 erhalten.
[02.07.2016 | 17:58:30] Florian.Mrpacman hat ein Item mit der ID 62 verloren.
[02.07.2016 | 17:59:02] Tom.Reck hat ein Item mit der ID 62 abgelegt.
[02.07.2016 | 17:59:06] Tom.Reck hat ein Item mit der ID 62 verloren.
[02.07.2016 | 17:59:11] Tom.Reck hat ein Item mit der ID 62 erhalten.
[02.07.2016 | 17:59:19] Tom.Reck hat ein Item mit der ID 62 verloren.
[02.07.2016 | 18:02:22] Tom.Reck hat ein Item mit der ID 40 verloren.
[02.07.2016 | 18:04:03] Tom.Reck hat ein Item mit der ID 46 verloren.
[02.07.2016 | 18:04:03] Tom.Reck hat ein Item mit der ID 46 abgelegt.
[02.07.2016 | 18:04:07] Tom.Reck hat ein Item mit der ID 46 erhalten.
[02.07.2016 | 18:04:16] Tom.Reck hat ein Item mit der ID 46 verloren.
[02.07.2016 | 18:04:16] Tom.Reck hat ein Item mit der ID 46 abgelegt.
[02.07.2016 | 18:04:17] Florian.Mrpacman hat ein Item mit der ID 46 erhalten.
[02.07.2016 | 18:06:39] Florian.Mrpacman hat ein Item mit der ID 46 verloren.
[02.07.2016 | 18:06:39] Florian.Mrpacman hat ein Item mit der ID 46 abgelegt.
