[22.03.2016 | 16:38:13] Florian.Mrpacman wurde von Matze.Gamingtv mit einer Waffe (ID: 32) getötet.
[22.03.2016 | 16:42:30] Florian.Mrpacman wurde von Matze.Gamingtv mit einer Waffe (ID: 4) getötet.
[08.04.2016 | 17:37:43] Georg.Dampfnudel wurde von Georg.Dampfnudel mit einer Waffe (ID: 17) getötet.
[09.04.2016 | 13:50:03] Ben.Akaisda wurde von false mit einer Waffe (ID: 50) getötet.
[09.04.2016 | 14:20:24] Georg.Dampfnudel wurde von Georg.Dampfnudel mit einer Waffe (ID: 17) getötet.
[09.04.2016 | 15:14:46] Georg.Dampfnudel wurde von Georg.Dampfnudel mit einer Waffe (ID: 17) getötet.
[09.04.2016 | 17:23:07] Georg.Dampfnudel wurde von Mr.Pedo mit einer Waffe (ID: 17) getötet.
[10.04.2016 | 01:59:53] Dennis.Wagner wurde von Sebastian.Layer mit einer Waffe (ID: 0) getötet.
[10.04.2016 | 13:57:39] Georg.Dampfnudel wurde von Georg.Dampfnudel mit einer Waffe (ID: 17) getötet.
[10.04.2016 | 15:36:32] Jay.Mcmillen wurde von Matze.Gamingtv mit einer Waffe (ID: 17) getötet.
[10.04.2016 | 15:43:19] Jay.Mcmillen wurde von Matze.Gamingtv mit einer Waffe (ID: 17) getötet.
[10.04.2016 | 15:45:09] Jay.Mcmillen wurde von Marcel.Gamer mit einer Waffe (ID: 30) getötet.
[10.04.2016 | 15:47:44] Jay.Mcmillen wurde von Marcel.Gamer mit einer Waffe (ID: 30) getötet.
[10.04.2016 | 17:35:17] Talorin.Goldberry wurde von John.Dillinger mit einer Waffe (ID: 30) getötet.
[10.04.2016 | 17:35:22] John.Dillinger wurde von Ben.Akaisda mit einer Waffe (ID: 30) getötet.
[10.04.2016 | 17:36:50] Marcel.Gamer wurde von Talorin.Goldberry mit einer Waffe (ID: 42) getötet.
[10.04.2016 | 17:38:17] Talorin.Goldberry wurde von Ben.Akaisda mit einer Waffe (ID: 31) getötet.
[10.04.2016 | 17:41:16] Talorin.Goldberry wurde von Talorin.Goldberry mit einer Waffe (ID: 39) getötet.
[10.04.2016 | 17:41:16] Marcel.Gamer wurde von Talorin.Goldberry mit einer Waffe (ID: 39) getötet.
[10.04.2016 | 18:01:32] Talorin.Goldberry wurde von Talorin.Goldberry mit einer Waffe (ID: 39) getötet.
[10.04.2016 | 18:44:18] Ben.Akaisda wurde von Marcel.Gamer mit einer Waffe (ID: 30) getötet.
[12.04.2016 | 18:58:53] Max.Rundhose wurde von Max.Rundhose mit einer Waffe (ID: 53) getötet.
[18.04.2016 | 14:50:53] Matze.Gamingtv wurde von Georg.Dampfnudel mit einer Waffe (ID: 0) getötet.
[07.05.2016 | 13:57:35] Florian.Pacman wurde von Marcel.Paul mit einer Waffe (ID: 34) getötet.
[07.05.2016 | 13:58:07] Florian.Pacman wurde von Marcel.Paul mit einer Waffe (ID: 19) getötet.
[07.05.2016 | 13:58:41] Florian.Pacman wurde von Marcel.Paul mit einer Waffe (ID: 19) getötet.
[07.05.2016 | 13:59:26] Florian.Pacman wurde von Marcel.Paul mit einer Waffe (ID: 19) getötet.
[07.05.2016 | 14:01:39] Florian.Pacman wurde von Marcel.Paul mit einer Waffe (ID: 34) getötet.
[07.05.2016 | 14:04:29] Florian.Pacman wurde von Marcel.Paul mit einer Waffe (ID: 34) getötet.
[07.05.2016 | 14:15:11] Florian.Pacman wurde von Marcel.Paul mit einer Waffe (ID: 34) getötet.
[07.05.2016 | 14:16:25] Florian.Pacman wurde von Marcel.Paul mit einer Waffe (ID: 38) getötet.
[07.05.2016 | 14:29:18] Florian.Pacman wurde von Marcel.Paul mit einer Waffe (ID: 38) getötet.
[07.05.2016 | 15:14:53] Florian.Pacman wurde von Marcel.Paul mit einer Waffe (ID: 34) getötet.
[07.05.2016 | 15:15:09] Florian.Pacman wurde von Ben.Akaisda mit einer Waffe (ID: 27) getötet.
[15.06.2016 | 15:50:59] Gamtv.Gamerhd wurde von Matze.Gamingtv mit einer Waffe (ID: 38) getötet.
[15.06.2016 | 15:52:03] Gamtv.Gamerhd wurde von Matze.Gamingtv mit einer Waffe (ID: 38) getötet.
[15.06.2016 | 15:52:29] Florian.Mrpacman wurde von Matze.Gamingtv mit einer Waffe (ID: 38) getötet.
[15.06.2016 | 15:53:39] Gamtv.Gamerhd wurde von Matze.Gamingtv mit einer Waffe (ID: 38) getötet.
[22.06.2016 | 19:54:46] Florian.Mrpacman wurde von Florian.Mrpacman mit einer Waffe (ID: 53) getötet.
[25.06.2016 | 21:17:50] Marcel.Paul wurde von false mit einer Waffe (ID: 50) getötet.
[25.06.2016 | 21:47:27] Florian.Mrpacman wurde von Marcel.Paul mit einer Waffe (ID: 30) getötet.
[25.06.2016 | 21:48:50] Florian.Mrpacman wurde von Marcel.Paul mit einer Waffe (ID: 34) getötet.
[25.06.2016 | 21:50:16] Florian.Mrpacman wurde von Marcel.Paul mit einer Waffe (ID: 30) getötet.
[25.06.2016 | 21:52:33] Florian.Mrpacman wurde von Marcel.Paul mit einer Waffe (ID: 39) getötet.
[25.06.2016 | 21:53:13] Marcel.Paul wurde von Marcel.Paul mit einer Waffe (ID: 39) getötet.
[25.06.2016 | 21:53:13] Florian.Mrpacman wurde von Marcel.Paul mit einer Waffe (ID: 39) getötet.
[25.06.2016 | 21:55:06] Florian.Mrpacman wurde von Marcel.Paul mit einer Waffe (ID: 39) getötet.
[25.06.2016 | 21:57:14] Florian.Mrpacman wurde von Marcel.Paul mit einer Waffe (ID: 39) getötet.
[25.06.2016 | 22:00:55] Florian.Mrpacman wurde von Marcel.Paul mit einer Waffe (ID: 38) getötet.
[25.06.2016 | 22:01:41] Marcel.Paul wurde von Marcel.Paul mit einer Waffe (ID: 39) getötet.
[26.06.2016 | 17:41:08] Florian.Mrpacman wurde von Marcel.Paul mit einer Waffe (ID: 34) getötet.
[26.06.2016 | 17:45:49] Florian.Mrpacman wurde von Marcel.Paul mit einer Waffe (ID: 34) getötet.
[26.06.2016 | 17:50:00] Florian.Mrpacman wurde von Marcel.Paul mit einer Waffe (ID: 34) getötet.
[26.06.2016 | 17:51:44] Florian.Mrpacman wurde von Marcel.Paul mit einer Waffe (ID: 34) getötet.
[26.06.2016 | 17:55:23] Florian.Mrpacman wurde von Marcel.Paul mit einer Waffe (ID: 29) getötet.
[26.06.2016 | 17:55:23] Marcel.Paul wurde von Florian.Mrpacman mit einer Waffe (ID: 28) getötet.
[26.06.2016 | 18:00:30] Marcel.Paul wurde von Florian.Mrpacman mit einer Waffe (ID: 31) getötet.
[26.06.2016 | 18:03:34] Florian.Mrpacman wurde von Marcel.Paul mit einer Waffe (ID: 32) getötet.
[26.06.2016 | 18:04:31] Florian.Mrpacman wurde von Marcel.Paul mit einer Waffe (ID: 32) getötet.
[26.06.2016 | 18:04:32] Marcel.Paul wurde von Florian.Mrpacman mit einer Waffe (ID: 32) getötet.
[01.07.2016 | 21:21:55] Florian.Mrpacman wurde von false mit einer Waffe (ID: 31) getötet.
[01.07.2016 | 21:48:21] Florian.Mrpacman wurde von Marcel.Paul mit einer Waffe (ID: 30) getötet.
[01.07.2016 | 21:51:13] Florian.Mrpacman wurde von Marcel.Paul mit einer Waffe (ID: 38) getötet.
[01.07.2016 | 23:14:40] Marcel.Paul wurde von Marcel.Redhead mit einer Waffe (ID: 29) getötet.
