[21.03.2016 | 23:28:40] Matze.Gamingtv hat 700 in das Konto Matze.Gamingtv eingezahlt.
[21.03.2016 | 23:44:35] Matze.Gamingtv hat 10000 vom Konto Matze.Gamingtv abgehoben.
[22.03.2016 | 00:05:01] Matze.Gamingtv hat 7920 in das Konto Matze.Gamingtv eingezahlt.
[22.03.2016 | 01:08:43] Matze.Gamingtv hat 50000 vom Konto Matze.Gamingtv abgehoben.
[22.03.2016 | 01:09:19] Matze.Gamingtv hat 50000 vom Konto Matze.Gamingtv zum Konto Ryan.McMillen überwiesen.
[22.03.2016 | 01:09:25] Matze.Gamingtv hat 50000 vom Konto Matze.Gamingtv abgehoben.
[22.03.2016 | 01:09:37] Matze.Gamingtv hat 50000 vom Konto Matze.Gamingtv zum Konto Jay.Mcmillen überwiesen.
[22.03.2016 | 01:09:44] Matze.Gamingtv hat 50000 vom Konto Matze.Gamingtv zum Konto William.Mcmillen überwiesen.
[22.03.2016 | 01:09:55] William.Mcmillen hat 1000 in das Konto William.Mcmillen eingezahlt.
[22.03.2016 | 01:10:33] Matze.Gamingtv hat 50000 in das Konto Matze.Gamingtv eingezahlt.
[22.03.2016 | 01:35:53] William.Mcmillen hat 1000 vom Konto William.Mcmillen abgehoben.
[22.03.2016 | 01:35:56] William.Mcmillen hat 1000 in das Konto William.Mcmillen eingezahlt.
[22.03.2016 | 01:39:52] William.Mcmillen hat 1000 vom Konto William.Mcmillen abgehoben.
[22.03.2016 | 01:39:53] William.Mcmillen hat 1000 vom Konto William.Mcmillen abgehoben.
[22.03.2016 | 01:39:54] William.Mcmillen hat 1000 vom Konto William.Mcmillen abgehoben.
[22.03.2016 | 01:39:56] William.Mcmillen hat 1000 vom Konto William.Mcmillen abgehoben.
[22.03.2016 | 01:40:03] William.Mcmillen hat 47000 vom Konto William.Mcmillen abgehoben.
[22.03.2016 | 01:45:44] Matze.Gamingtv hat 50000 vom Konto Matze.Gamingtv abgehoben.
[22.03.2016 | 01:45:46] Matze.Gamingtv hat 50000 in das Konto Matze.Gamingtv eingezahlt.
[22.03.2016 | 01:45:57] Matze.Gamingtv hat 50000 vom Konto Matze.Gamingtv zum Konto Ben.Akaisda überwiesen.
[22.03.2016 | 01:48:36] Jay.Mcmillen hat 1000 vom Konto Jay.Mcmillen abgehoben.
[22.03.2016 | 01:52:54] William.Mcmillen hat 47000 in das Konto William.Mcmillen eingezahlt.
[22.03.2016 | 01:53:01] William.Mcmillen hat 3000 in das Konto William.Mcmillen eingezahlt.
[22.03.2016 | 12:51:12] Florian.Mrpacman hat 1000 in das Konto Florian.Mrpacman eingezahlt.
[22.03.2016 | 12:56:09] Talorin.Goldberry hat 100000 vom Konto Talorin.Goldberry abgehoben.
[22.03.2016 | 13:24:10] Matze.Gamingtv hat 50000 vom Konto Matze.Gamingtv zum Konto Florian.Mrpacman überwiesen.
[22.03.2016 | 13:27:10] Florian.Mrpacman hat 13000 vom Konto Florian.Mrpacman abgehoben.
[22.03.2016 | 13:46:13] Matze.Gamingtv hat 25000 vom Konto Matze.Gamingtv abgehoben.
[22.03.2016 | 13:46:15] Matze.Gamingtv hat 25000 vom Konto Matze.Gamingtv abgehoben.
[22.03.2016 | 13:47:11] Matze.Gamingtv hat 25000 in das Konto Matze.Gamingtv eingezahlt.
[22.03.2016 | 13:47:15] Matze.Gamingtv hat 9600 in das Konto Matze.Gamingtv eingezahlt.
[22.03.2016 | 14:05:52] Florian.Mrpacman hat 9000 in das Konto Florian.Mrpacman eingezahlt.
[22.03.2016 | 14:20:27] Talorin.Goldberry hat 100000 vom Konto Talorin.Goldberry abgehoben.
[22.03.2016 | 14:20:29] Talorin.Goldberry hat 100000 vom Konto Talorin.Goldberry zum Konto Reporter überwiesen.
[22.03.2016 | 14:54:06] Matze.Gamingtv hat 9600 vom Konto Matze.Gamingtv abgehoben.
[22.03.2016 | 14:54:53] Matze.Gamingtv hat 41000 vom Konto Matze.Gamingtv zum Konto Marcel.Zockerhd überwiesen.
[22.03.2016 | 14:55:28] Marcel.Zockerhd hat 2000 vom Konto Marcel.Zockerhd abgehoben.
[22.03.2016 | 15:02:34] Matze.Gamingtv hat 9600 vom Konto Matze.Gamingtv abgehoben.
[22.03.2016 | 15:18:07] Florian.Mrpacman hat 22000 vom Konto Florian.Mrpacman abgehoben.
[22.03.2016 | 15:18:35] Florian.Mrpacman hat 400 vom Konto Florian.Mrpacman abgehoben.
[22.03.2016 | 15:30:08] Florian.Mrpacman hat 3000 vom Konto Florian.Mrpacman abgehoben.
[22.03.2016 | 15:44:12] Florian.Mrpacman hat 80000 vom Konto Florian.Mrpacman abgehoben.
[22.03.2016 | 16:03:10] Florian.Mrpacman hat 50 vom Konto Florian.Mrpacman abgehoben.
[22.03.2016 | 16:13:47] Ryan.McMillen hat 1400 vom Konto Ryan.McMillen abgehoben.
[22.03.2016 | 16:20:37] Matze.Gamingtv hat 10500 vom Konto Matze.Gamingtv abgehoben.
[22.03.2016 | 16:41:37] Florian.Mrpacman hat 1000 vom Konto Florian.Mrpacman abgehoben.
[22.03.2016 | 16:44:04] Matze.Gamingtv hat 10500 vom Konto Matze.Gamingtv abgehoben.
[22.03.2016 | 16:44:15] Florian.Mrpacman hat 3000 vom Konto Florian.Mrpacman abgehoben.
[22.03.2016 | 17:06:04] Marcel.Zockerhd hat 8076 in das Konto Marcel.Zockerhd eingezahlt.
[22.03.2016 | 19:31:16] Florian.Mrpacman hat 2000 in das Konto Florian.Mrpacman eingezahlt.
[22.03.2016 | 19:42:51] Florian.Mrpacman hat 22000 vom Konto Florian.Mrpacman abgehoben.
[22.03.2016 | 19:43:25] Florian.Mrpacman hat 2000 vom Konto Florian.Mrpacman abgehoben.
[22.03.2016 | 19:43:27] Florian.Mrpacman hat 2000 vom Konto Florian.Mrpacman abgehoben.
[22.03.2016 | 20:03:27] Florian.Mrpacman hat 40 vom Konto Florian.Mrpacman abgehoben.
[22.03.2016 | 20:03:52] Florian.Mrpacman hat 1000 vom Konto Florian.Mrpacman abgehoben.
[23.03.2016 | 02:10:34] Ben.Akaisda hat 50000 vom Konto Ben.Akaisda abgehoben.
[23.03.2016 | 13:16:01] Florian.Mrpacman hat 5000 vom Konto Florian.Mrpacman abgehoben.
[23.03.2016 | 13:17:20] Florian.Mrpacman hat 200 in das Konto Florian.Mrpacman eingezahlt.
[23.03.2016 | 16:10:22] Talorin.Goldberry hat 50000 vom Konto Krankenhaus abgehoben.
[23.03.2016 | 18:25:34] Florian.Mrpacman hat 18000 vom Konto Florian.Mrpacman abgehoben.
[23.03.2016 | 21:23:03] Florian.Mrpacman hat 1 vom Konto car4you abgehoben.
[23.03.2016 | 21:23:21] Florian.Mrpacman hat 1 in das Konto car4you eingezahlt.
[23.03.2016 | 21:31:01] Florian.Mrpacman hat 2000 vom Konto car4you abgehoben.
[23.03.2016 | 21:59:35] Florian.Mrpacman hat 1650 in das Konto car4you eingezahlt.
[23.03.2016 | 22:36:02] Ben.Akaisda hat 216 in das Konto Ben.Akaisda eingezahlt.
[23.03.2016 | 22:36:54] Ben.Akaisda hat 20000 vom Konto Autofix abgehoben.
[24.03.2016 | 09:01:05] Ryan.McMillen hat 100 vom Konto Ryan.McMillen abgehoben.
[24.03.2016 | 09:01:08] Ryan.McMillen hat 100 vom Konto Ryan.McMillen abgehoben.
[24.03.2016 | 09:01:10] Ryan.McMillen hat 100 vom Konto Ryan.McMillen abgehoben.
[24.03.2016 | 21:19:44] Matze.Gamingtv hat 50000 vom Konto Matze.Gamingtv abgehoben.
[24.03.2016 | 21:22:57] Marcel.Gamer hat 1000 in das Konto Marcel.Gamer eingezahlt.
[24.03.2016 | 21:23:02] Matze.Gamingtv hat 50000 vom Konto Matze.Gamingtv zum Konto Marcel.Gamer überwiesen.
[24.03.2016 | 21:23:04] Matze.Gamingtv hat 50000 vom Konto Matze.Gamingtv zum Konto Marcel.Gamer überwiesen.
[24.03.2016 | 21:23:20] Marcel.Gamer hat 50000 vom Konto Marcel.Gamer abgehoben.
[24.03.2016 | 21:25:40] Marcel.Gamer hat 50000 vom Konto Marcel.Gamer abgehoben.
[24.03.2016 | 21:34:32] Marcel.Gamer hat 38925 in das Konto Marcel.Gamer eingezahlt.
[24.03.2016 | 21:48:52] Marcel.Gamer hat 1000 vom Konto Marcel.Gamer abgehoben.
[24.03.2016 | 21:48:54] Marcel.Gamer hat 1000 vom Konto Marcel.Gamer abgehoben.
[24.03.2016 | 22:40:11] Marcel.Gamer hat 2400 in das Konto Marcel.Gamer eingezahlt.
[24.03.2016 | 23:02:37] Ben.Akaisda hat 55000 vom Konto Ben.Akaisda abgehoben.
[25.03.2016 | 00:07:27] Ben.Akaisda hat 80000 vom Konto Ben.Akaisda abgehoben.
[25.03.2016 | 00:17:12] Ben.Akaisda hat 62000 vom Konto Ben.Akaisda abgehoben.
[25.03.2016 | 16:33:45] Marcel.Gamer hat 1200 in das Konto Marcel.Gamer eingezahlt.
[26.03.2016 | 17:34:00] Florian.Mrpacman hat 200 vom Konto Florian.Mrpacman abgehoben.
[26.03.2016 | 18:19:57] Florian.Mrpacman hat 2000 vom Konto Florian.Mrpacman abgehoben.
[30.03.2016 | 17:14:38] Florian.Mrpacman hat 1500 vom Konto Florian.Mrpacman abgehoben.
[30.03.2016 | 17:25:20] Florian.Mrpacman hat 18238 vom Konto Florian.Mrpacman abgehoben.
[30.03.2016 | 17:33:33] Florian.Mrpacman hat 5600 in das Konto Florian.Mrpacman eingezahlt.
[01.04.2016 | 20:36:49] Florian.Mrpacman hat 60000 vom Konto car4you abgehoben.
[01.04.2016 | 20:36:51] Florian.Mrpacman hat 60000 in das Konto car4you eingezahlt.
[01.04.2016 | 20:36:54] Florian.Mrpacman hat 60000 vom Konto car4you abgehoben.
[01.04.2016 | 20:36:54] Florian.Mrpacman hat 60000 in das Konto car4you eingezahlt.
[01.04.2016 | 20:36:55] Florian.Mrpacman hat 60000 vom Konto car4you abgehoben.
[01.04.2016 | 20:36:56] Florian.Mrpacman hat 60000 in das Konto car4you eingezahlt.
[05.04.2016 | 20:01:42] Matze.Gamingtv hat 50000 vom Konto Matze.Gamingtv abgehoben.
[05.04.2016 | 21:36:44] Florian.Mrpacman hat 20000 vom Konto Fahrschule abgehoben.
[05.04.2016 | 23:58:16] Matze.Gamingtv hat 5617 vom Konto Matze.Gamingtv abgehoben.
[06.04.2016 | 00:50:24] Florian.Mrpacman hat 5000 vom Konto Fahrschule abgehoben.
[06.04.2016 | 00:57:27] Florian.Mrpacman hat 3000 in das Konto Fahrschule eingezahlt.
[06.04.2016 | 00:58:46] Florian.Mrpacman hat 2000 vom Konto Fahrschule abgehoben.
[06.04.2016 | 13:34:47] Florian.Mrpacman hat 40000 vom Konto Fahrschule abgehoben.
[07.04.2016 | 18:01:51] Ben.Akaisda hat 42500 vom Konto Autofix abgehoben.
[07.04.2016 | 22:51:14] Ben.Akaisda hat 10000 in das Konto Ben.Akaisda eingezahlt.
[07.04.2016 | 22:54:38] Matze.Gamingtv hat 8448 vom Konto Matze.Gamingtv abgehoben.
[07.04.2016 | 22:56:14] Florian.Mrpacman hat 12000 in das Konto Fahrschule eingezahlt.
[08.04.2016 | 15:24:29] Matze.Gamingtv hat 175000 vom Konto Matze.Gamingtv abgehoben.
[08.04.2016 | 17:46:32] Marcel.Gamer hat 2290 in das Konto Marcel.Gamer eingezahlt.
[08.04.2016 | 17:58:40] Marcel.Gamer hat 100 vom Konto Marcel.Gamer abgehoben.
[08.04.2016 | 18:14:11] Florian.Mrpacman hat 50000 vom Konto Fahrschule abgehoben.
[08.04.2016 | 18:36:32] Marcel.Gamer hat 1500 vom Konto Marcel.Gamer abgehoben.
[08.04.2016 | 19:07:08] Marcel.Zockerhd hat 400 vom Konto Marcel.Zockerhd abgehoben.
[08.04.2016 | 19:14:03] Ryan.McMillen hat 750 vom Konto Ryan.McMillen abgehoben.
[08.04.2016 | 19:16:37] Jay.Mcmillen hat 200 vom Konto Jay.Mcmillen abgehoben.
[08.04.2016 | 19:16:39] Jay.Mcmillen hat 200 vom Konto Jay.Mcmillen abgehoben.
[08.04.2016 | 19:27:31] Georg.Dampfnudel hat 12750 vom Konto Polizei abgehoben.
[08.04.2016 | 19:28:29] Georg.Dampfnudel hat 12750 in das Konto Polizei eingezahlt.
[08.04.2016 | 19:28:34] Georg.Dampfnudel hat 50000 vom Konto Polizei abgehoben.
[08.04.2016 | 19:29:52] Georg.Dampfnudel hat 50000 in das Konto Polizei eingezahlt.
[08.04.2016 | 19:42:33] Georg.Dampfnudel hat 5000 vom Konto Polizei abgehoben.
[08.04.2016 | 19:51:46] Georg.Dampfnudel hat 3349 in das Konto Polizei eingezahlt.
[08.04.2016 | 19:52:03] Georg.Dampfnudel hat 12750 vom Konto Polizei abgehoben.
[08.04.2016 | 19:52:07] Georg.Dampfnudel hat 1 vom Konto Polizei abgehoben.
[08.04.2016 | 20:04:51] Ben.Akaisda hat 5000 in das Konto Ben.Akaisda eingezahlt.
[08.04.2016 | 20:11:47] Ben.Akaisda hat 1200 vom Konto Ben.Akaisda abgehoben.
[08.04.2016 | 22:13:09] Klaus.Steinhart hat 1000 in das Konto Klaus.Steinhart eingezahlt.
[09.04.2016 | 08:56:18] Georg.Dampfnudel hat 12750 vom Konto Polizei abgehoben.
[09.04.2016 | 14:10:10] Marcel.Gamer hat 750 vom Konto Marcel.Gamer abgehoben.
[09.04.2016 | 15:13:14] Florian.Mrpacman hat 1500 in das Konto Florian.Mrpacman eingezahlt.
[09.04.2016 | 15:57:40] Mr.Jacksons hat 34750 in das Konto Mr.Jacksons eingezahlt.
[09.04.2016 | 16:00:42] Mr.Pedo hat 250000 vom Konto AutoScout45 abgehoben.
[09.04.2016 | 16:02:16] Mr.Jacksons hat 5000 in das Konto Mr.Jacksons eingezahlt.
[09.04.2016 | 16:11:39] Ron.Noname hat 125000 vom Konto The_Heaven_Devils abgehoben.
[09.04.2016 | 16:15:13] Mr.Pedo hat 24240 in das Konto Mr.Pedo eingezahlt.
[09.04.2016 | 16:18:13] Ron.Noname hat 74930 in das Konto The_Heaven_Devils eingezahlt.
[09.04.2016 | 16:27:53] Matze.Gamingtv hat 40000 vom Konto Matze.Gamingtv abgehoben.
[09.04.2016 | 17:06:37] James.Jefferson hat 1000 in das Konto James.Jefferson eingezahlt.
[09.04.2016 | 17:12:24] Raab.Ei hat 3000 in das Konto Raab.Ei eingezahlt.
[09.04.2016 | 18:11:39] Georg.Dampfnudel hat 25000 vom Konto Polizei abgehoben.
[09.04.2016 | 19:13:33] Prince.Boateng hat 7000 in das Konto Prince.Boateng eingezahlt.
[09.04.2016 | 19:17:42] Ryan.McMillen hat 50000 vom Konto Ryan.McMillen abgehoben.
[09.04.2016 | 19:18:17] Jay.Mcmillen hat 60000 vom Konto Jay.Mcmillen abgehoben.
[09.04.2016 | 19:24:45] Ryan.McMillen hat 100 vom Konto Ryan.McMillen abgehoben.
[09.04.2016 | 19:26:39] Ryan.McMillen hat 16700 vom Konto Ryan.McMillen abgehoben.
[09.04.2016 | 20:12:04] Mr.Pedo hat 30000 vom Konto Mr.Pedo abgehoben.
[09.04.2016 | 20:12:48] Prince.Boateng hat 560 vom Konto Prince.Boateng abgehoben.
[09.04.2016 | 20:43:28] Prince.Boateng hat 3000 in das Konto Prince.Boateng eingezahlt.
[09.04.2016 | 20:54:27] Jay.Mcmillen hat 7000 in das Konto Jay.Mcmillen eingezahlt.
[09.04.2016 | 20:55:43] Ryan.McMillen hat 14041 in das Konto Ryan.McMillen eingezahlt.
[09.04.2016 | 21:17:51] Ben.Akaisda hat 25000 vom Konto Ben.Akaisda abgehoben.
[09.04.2016 | 21:19:11] Marcel.Gamer hat 25000 vom Konto Marcel.Gamer abgehoben.
[09.04.2016 | 22:46:57] Florian.Mrpacman hat 1 in das Konto Fahrschule eingezahlt.
[09.04.2016 | 23:08:55] Florian.Mrpacman hat 9500 vom Konto Fahrschule zum Konto Florian.Mrpacman überwiesen.
[09.04.2016 | 23:31:51] Ryan.McMillen hat 100 vom Konto Ryan.McMillen abgehoben.
[09.04.2016 | 23:48:24] Sebastian.Layer hat 11334037 in das Konto Sebastian.Layer eingezahlt.
[09.04.2016 | 23:56:27] Ryan.McMillen hat 100 vom Konto InterTrans abgehoben.
[09.04.2016 | 23:56:41] Ryan.McMillen hat 150000 vom Konto InterTrans abgehoben.
[09.04.2016 | 23:57:39] Ryan.McMillen hat 150000 in das Konto InterTrans eingezahlt.
[10.04.2016 | 00:10:50] Sebastian.Layer hat 2000000 vom Konto Sebastian.Layer abgehoben.
[10.04.2016 | 00:11:53] Ryan.McMillen hat 1000000 in das Konto Ryan.McMillen eingezahlt.
[10.04.2016 | 00:12:06] Jay.Mcmillen hat 1000000 in das Konto Jay.Mcmillen eingezahlt.
[10.04.2016 | 00:14:59] Sebastian.Layer hat 10000 vom Konto Sebastian.Layer abgehoben.
[10.04.2016 | 00:15:06] Jay.Mcmillen hat 10000 vom Konto Jay.Mcmillen abgehoben.
[10.04.2016 | 00:15:10] Ryan.McMillen hat 10000 vom Konto Ryan.McMillen abgehoben.
[10.04.2016 | 00:20:14] Ryan.McMillen hat 175000 vom Konto Ryan.McMillen abgehoben.
[10.04.2016 | 00:20:58] Jay.Mcmillen hat 200000 vom Konto Jay.Mcmillen abgehoben.
[10.04.2016 | 00:22:29] Sebastian.Layer hat 1000000 vom Konto Sebastian.Layer zum Konto InterTrans überwiesen.
[10.04.2016 | 00:35:37] Sebastian.Layer hat 9550 in das Konto Sebastian.Layer eingezahlt.
[10.04.2016 | 00:42:49] Sebastian.Layer hat 1000 vom Konto Sebastian.Layer abgehoben.
[10.04.2016 | 00:54:05] Dennis.Wagner hat 3760 in das Konto Dennis.Wagner eingezahlt.
[10.04.2016 | 01:04:14] Dennis.Wagner hat 2760 in das Konto Dennis.Wagner eingezahlt.
[10.04.2016 | 01:05:06] Sebastian.Layer hat 5000 vom Konto Sebastian.Layer abgehoben.
[10.04.2016 | 01:07:55] Sebastian.Layer hat 5000 vom Konto Sebastian.Layer abgehoben.
[10.04.2016 | 01:09:32] Sebastian.Layer hat 1000000 vom Konto Sebastian.Layer abgehoben.
[10.04.2016 | 01:11:54] Dennis.Wagner hat 1500 vom Konto Dennis.Wagner abgehoben.
[10.04.2016 | 01:11:59] James.Jefferson hat 1000 in das Konto James.Jefferson eingezahlt.
[10.04.2016 | 01:12:02] James.Jefferson hat 1000 vom Konto James.Jefferson abgehoben.
[10.04.2016 | 01:12:07] James.Jefferson hat 1000000 in das Konto James.Jefferson eingezahlt.
[10.04.2016 | 01:14:08] Sebastian.Layer hat 1000000 vom Konto Sebastian.Layer abgehoben.
[10.04.2016 | 01:14:14] Sebastian.Layer hat 1000000 in das Konto Sebastian.Layer eingezahlt.
[10.04.2016 | 01:14:19] Sebastian.Layer hat 100000 vom Konto Sebastian.Layer abgehoben.
[10.04.2016 | 01:19:47] James.Jefferson hat 30000 vom Konto James.Jefferson abgehoben.
[10.04.2016 | 01:33:15] James.Jefferson hat 30000 vom Konto James.Jefferson abgehoben.
[10.04.2016 | 01:33:16] James.Jefferson hat 30000 vom Konto James.Jefferson abgehoben.
[10.04.2016 | 01:33:18] James.Jefferson hat 30000 vom Konto James.Jefferson abgehoben.
[10.04.2016 | 01:33:19] James.Jefferson hat 30000 vom Konto James.Jefferson abgehoben.
[10.04.2016 | 01:33:20] James.Jefferson hat 30000 vom Konto James.Jefferson abgehoben.
[10.04.2016 | 01:33:21] James.Jefferson hat 30000 vom Konto James.Jefferson abgehoben.
[10.04.2016 | 01:33:22] Jay.Mcmillen hat 200000 vom Konto InterTrans abgehoben.
[10.04.2016 | 01:33:23] James.Jefferson hat 30000 vom Konto James.Jefferson abgehoben.
[10.04.2016 | 01:36:11] Sebastian.Layer hat 200000 vom Konto Sebastian.Layer abgehoben.
[10.04.2016 | 01:52:19] Dennis.Wagner hat 20 vom Konto Dennis.Wagner abgehoben.
[10.04.2016 | 01:52:26] Marcel.Gamer hat 100 vom Konto Marcel.Gamer abgehoben.
[10.04.2016 | 01:58:30] Marcel.Gamer hat 100 vom Konto Marcel.Gamer abgehoben.
[10.04.2016 | 01:58:42] Sebastian.Layer hat 9398 in das Konto Sebastian.Layer eingezahlt.
[10.04.2016 | 02:00:07] Marcel.Gamer hat 2920 in das Konto Marcel.Gamer eingezahlt.
[10.04.2016 | 02:09:33] Marcel.Gamer hat 40000 vom Konto Marcel.Gamer abgehoben.
[10.04.2016 | 07:13:04] Florian.Mrpacman hat 14000 vom Konto Florian.Mrpacman abgehoben.
[10.04.2016 | 10:18:19] Marcel.Gamer hat 200 vom Konto Marcel.Gamer abgehoben.
[10.04.2016 | 12:16:15] Sebastian.Layer hat 2600 vom Konto Sebastian.Layer abgehoben.
[10.04.2016 | 12:37:43] Talorin.Goldberry hat 53807 in das Konto Talorin.Goldberry eingezahlt.
[10.04.2016 | 12:38:45] Sebastian.Layer hat 175000 vom Konto Sebastian.Layer abgehoben.
[10.04.2016 | 12:54:10] Sebastian.Layer hat 1000000 vom Konto Sebastian.Layer abgehoben.
[10.04.2016 | 12:55:05] Ron.Noname hat 1000000 in das Konto Ron.Noname eingezahlt.
[10.04.2016 | 13:02:29] Ron.Noname hat 75000 vom Konto Ron.Noname abgehoben.
[10.04.2016 | 13:10:31] Sebastian.Layer hat 5000000 vom Konto Sebastian.Layer abgehoben.
[10.04.2016 | 13:26:17] Ben.Akaisda hat 6000 in das Konto Ben.Akaisda eingezahlt.
[10.04.2016 | 13:32:02] Marcel.Gamer hat 1690 in das Konto Marcel.Gamer eingezahlt.
[10.04.2016 | 13:38:28] Dennis.Wagner hat 5000 vom Konto Dennis.Wagner abgehoben.
[10.04.2016 | 13:40:04] Ron.Noname hat 1000 vom Konto Ron.Noname abgehoben.
[10.04.2016 | 13:42:59] Marcel.Gamer hat 10000 vom Konto Marcel.Gamer abgehoben.
[10.04.2016 | 13:43:18] Jay.Mcmillen hat 25000 vom Konto InterTrans abgehoben.
[10.04.2016 | 14:00:49] Ben.Akaisda hat 35000 in das Konto Ben.Akaisda eingezahlt.
[10.04.2016 | 14:03:56] Dennis.Wagner hat 7599 in das Konto Dennis.Wagner eingezahlt.
[10.04.2016 | 14:14:21] Dennis.Wagner hat 500 vom Konto Dennis.Wagner abgehoben.
[10.04.2016 | 14:19:37] Matze.Gamingtv hat 60000 vom Konto Matze.Gamingtv abgehoben.
[10.04.2016 | 14:19:42] Matze.Gamingtv hat 100000 vom Konto Matze.Gamingtv abgehoben.
[10.04.2016 | 14:29:32] Matze.Gamingtv hat 500000 vom Konto Matze.Gamingtv zum Konto San_News überwiesen.
[10.04.2016 | 14:29:34] Matze.Gamingtv hat 500000 vom Konto Matze.Gamingtv zum Konto San_News überwiesen.
[10.04.2016 | 14:29:34] Matze.Gamingtv hat 500000 vom Konto Matze.Gamingtv zum Konto San_News überwiesen.
[10.04.2016 | 14:29:35] Matze.Gamingtv hat 500000 vom Konto Matze.Gamingtv zum Konto San_News überwiesen.
[10.04.2016 | 14:34:18] Ron.Noname hat 500000 vom Konto Ron.Noname abgehoben.
[10.04.2016 | 14:36:41] Ben.Akaisda hat 40000 vom Konto Ben.Akaisda abgehoben.
[10.04.2016 | 14:36:51] Marcel.Gamer hat 1800 in das Konto Marcel.Gamer eingezahlt.
[10.04.2016 | 14:39:36] Talorin.Goldberry hat 50 vom Konto Talorin.Goldberry abgehoben.
[10.04.2016 | 14:44:56] Marcel.Gamer hat 2740 in das Konto Marcel.Gamer eingezahlt.
[10.04.2016 | 14:45:33] Marcel.Gamer hat 100 vom Konto Marcel.Gamer abgehoben.
[10.04.2016 | 14:47:01] Marcel.Gamer hat 100 vom Konto Marcel.Gamer abgehoben.
[10.04.2016 | 14:47:03] Marcel.Gamer hat 100 vom Konto Marcel.Gamer abgehoben.
[10.04.2016 | 14:47:05] Marcel.Gamer hat 100 vom Konto Marcel.Gamer abgehoben.
[10.04.2016 | 14:48:49] Dennis.Wagner hat 1500 in das Konto Dennis.Wagner eingezahlt.
[10.04.2016 | 14:48:57] Dennis.Wagner hat 1760 in das Konto Dennis.Wagner eingezahlt.
[10.04.2016 | 14:49:06] Dennis.Wagner hat 4500 vom Konto Dennis.Wagner abgehoben.
[10.04.2016 | 14:49:17] Marcel.Gamer hat 3000 in das Konto Marcel.Gamer eingezahlt.
[10.04.2016 | 14:50:35] Marcel.Gamer hat 1390 in das Konto Marcel.Gamer eingezahlt.
[10.04.2016 | 14:54:09] Jay.Mcmillen hat 25000 vom Konto Jay.Mcmillen abgehoben.
[10.04.2016 | 14:54:10] Jay.Mcmillen hat 25000 vom Konto Jay.Mcmillen abgehoben.
[10.04.2016 | 14:54:11] Jay.Mcmillen hat 25000 vom Konto Jay.Mcmillen abgehoben.
[10.04.2016 | 14:54:13] Jay.Mcmillen hat 25000 vom Konto Jay.Mcmillen abgehoben.
[10.04.2016 | 14:54:14] Jay.Mcmillen hat 25000 vom Konto Jay.Mcmillen abgehoben.
[10.04.2016 | 14:54:22] Jay.Mcmillen hat 225000 vom Konto Jay.Mcmillen abgehoben.
[10.04.2016 | 14:54:32] Jay.Mcmillen hat 150000 vom Konto Jay.Mcmillen abgehoben.
[10.04.2016 | 15:10:39] Florian.Mrpacman hat 2000 vom Konto Fahrschule zum Konto Florian.Mrpacman überwiesen.
[10.04.2016 | 15:19:18] Jay.Mcmillen hat 150000 vom Konto Jay.Mcmillen abgehoben.
[10.04.2016 | 15:19:20] Jay.Mcmillen hat 150000 in das Konto Jay.Mcmillen eingezahlt.
[10.04.2016 | 15:19:22] Jay.Mcmillen hat 15000 vom Konto Jay.Mcmillen abgehoben.
[10.04.2016 | 15:28:00] Jay.Mcmillen hat 15000 vom Konto Jay.Mcmillen abgehoben.
[10.04.2016 | 15:28:01] Jay.Mcmillen hat 15000 in das Konto Jay.Mcmillen eingezahlt.
[10.04.2016 | 15:28:02] Jay.Mcmillen hat 15000 in das Konto Jay.Mcmillen eingezahlt.
[10.04.2016 | 15:33:28] Florian.Mrpacman hat 505 vom Konto Florian.Mrpacman abgehoben.
[10.04.2016 | 15:42:03] Jay.Mcmillen hat 40000 in das Konto Jay.Mcmillen eingezahlt.
[10.04.2016 | 15:43:38] Florian.Mrpacman hat 1000 vom Konto Florian.Mrpacman abgehoben.
[10.04.2016 | 15:43:39] Florian.Mrpacman hat 1000 vom Konto Florian.Mrpacman abgehoben.
[10.04.2016 | 16:08:36] Dennis.Wagner hat 3750 vom Konto Dennis.Wagner abgehoben.
[10.04.2016 | 16:10:33] Dennis.Wagner hat 500 vom Konto Dennis.Wagner abgehoben.
[10.04.2016 | 17:00:36] Dennis.Wagner hat 2780 in das Konto Dennis.Wagner eingezahlt.
[10.04.2016 | 17:54:37] Georg.Dampfnudel hat 600 vom Konto Polizei abgehoben.
[10.04.2016 | 17:56:15] Talorin.Goldberry hat 50000 vom Konto Talorin.Goldberry abgehoben.
[10.04.2016 | 17:56:46] Marcel.Gamer hat 50000 in das Konto Marcel.Gamer eingezahlt.
[10.04.2016 | 18:03:40] Jay.Mcmillen hat 110000 vom Konto Jay.Mcmillen abgehoben.
[10.04.2016 | 18:03:43] Jay.Mcmillen hat 110000 in das Konto Jay.Mcmillen eingezahlt.
[10.04.2016 | 18:03:46] Jay.Mcmillen hat 11000 vom Konto Jay.Mcmillen abgehoben.
[10.04.2016 | 18:16:11] Marcel.Gamer hat 40000 vom Konto Marcel.Gamer abgehoben.
[10.04.2016 | 18:19:36] Dennis.Wagner hat 3750 vom Konto Dennis.Wagner abgehoben.
[10.04.2016 | 18:22:32] Marcel.Gamer hat 5000 vom Konto Marcel.Gamer abgehoben.
[10.04.2016 | 18:24:11] Jay.Mcmillen hat 2500 vom Konto Jay.Mcmillen abgehoben.
[10.04.2016 | 18:44:52] Marcel.Gamer hat 2400 in das Konto Marcel.Gamer eingezahlt.
[10.04.2016 | 18:46:07] Dennis.Wagner hat 5 vom Konto Dennis.Wagner abgehoben.
[10.04.2016 | 19:38:44] Dennis.Wagner hat 200 vom Konto Dennis.Wagner abgehoben.
[10.04.2016 | 19:54:31] Ryan.McMillen hat 1000 vom Konto Ryan.McMillen abgehoben.
[10.04.2016 | 20:07:26] Sebastian.Layer hat 4300000 in das Konto Sebastian.Layer eingezahlt.
[10.04.2016 | 21:23:11] Sebastian.Layer hat 1000000 vom Konto Sebastian.Layer abgehoben.
[10.04.2016 | 21:23:50] Dennis.Wagner hat 1000000 in das Konto Dennis.Wagner eingezahlt.
[10.04.2016 | 21:28:46] Dennis.Wagner hat 200000 vom Konto Dennis.Wagner abgehoben.
[10.04.2016 | 21:29:42] Sebastian.Layer hat 200000 vom Konto Sebastian.Layer abgehoben.
[10.04.2016 | 21:43:42] Dennis.Wagner hat 5000 vom Konto Dennis.Wagner abgehoben.
[10.04.2016 | 22:20:34] Sebastian.Layer hat 25000 vom Konto AutoScout45 abgehoben.
[10.04.2016 | 22:21:42] Sebastian.Layer hat 200000 vom Konto Sebastian.Layer abgehoben.
[10.04.2016 | 22:43:30] Matze.Gamingtv hat 82600 vom Konto Ares abgehoben.
[10.04.2016 | 22:43:34] Matze.Gamingtv hat 100000 vom Konto Ares abgehoben.
[11.04.2016 | 15:21:14] Ryan.McMillen hat 1000 vom Konto Ryan.McMillen abgehoben.
[11.04.2016 | 15:21:30] Ryan.McMillen hat 1000 vom Konto Ryan.McMillen abgehoben.
[11.04.2016 | 15:40:06] Ryan.McMillen hat 100000 vom Konto Ryan.McMillen abgehoben.
[11.04.2016 | 15:46:58] Ryan.McMillen hat 500000 vom Konto Ryan.McMillen abgehoben.
[11.04.2016 | 16:22:43] Marcel.Gamer hat 9263 in das Konto Marcel.Gamer eingezahlt.
[11.04.2016 | 16:51:08] Sebastian.Layer hat 70000 vom Konto Sebastian.Layer abgehoben.
[11.04.2016 | 17:58:48] Jay.Mcmillen hat 500 vom Konto Jay.Mcmillen abgehoben.
[11.04.2016 | 18:39:37] Sebastian.Layer hat 100000 vom Konto Sebastian.Layer abgehoben.
[11.04.2016 | 18:39:41] Sebastian.Layer hat 1000000 vom Konto Sebastian.Layer abgehoben.
[11.04.2016 | 18:46:30] Jay.Mcmillen hat 400000 in das Konto Jay.Mcmillen eingezahlt.
[11.04.2016 | 18:46:36] Jay.Mcmillen hat 2000 in das Konto Jay.Mcmillen eingezahlt.
[11.04.2016 | 19:35:48] Dennis.Wagner hat 65000 vom Konto Dennis.Wagner zum Konto Sebastian.Layer überwiesen.
[11.04.2016 | 19:37:00] Jay.Mcmillen hat 100000 vom Konto Jay.Mcmillen abgehoben.
[11.04.2016 | 19:42:10] Sebastian.Layer hat 250000 vom Konto Sebastian.Layer abgehoben.
[11.04.2016 | 20:19:53] Jay.Mcmillen hat 100000 vom Konto Jay.Mcmillen zum Konto Ryan.McMillen überwiesen.
[11.04.2016 | 20:48:48] Dennis.Wagner hat 175000 vom Konto Dennis.Wagner abgehoben.
[11.04.2016 | 20:52:40] Webi.Profi hat 175800 in das Konto Webi.Profi eingezahlt.
[11.04.2016 | 21:08:36] Dennis.Wagner hat 1500 vom Konto Dennis.Wagner abgehoben.
[11.04.2016 | 21:13:04] Webi.Profi hat 175000 vom Konto Webi.Profi abgehoben.
[11.04.2016 | 22:38:10] Ryan.McMillen hat 100000 vom Konto Ryan.McMillen abgehoben.
[11.04.2016 | 22:42:27] Jay.Mcmillen hat 80000 vom Konto Jay.Mcmillen abgehoben.
[11.04.2016 | 22:45:24] Jay.Mcmillen hat 80000 vom Konto Jay.Mcmillen abgehoben.
[11.04.2016 | 22:47:44] Jay.Mcmillen hat 20000 vom Konto Jay.Mcmillen abgehoben.
[11.04.2016 | 23:07:07] Ryan.McMillen hat 100000 vom Konto Ryan.McMillen abgehoben.
[12.04.2016 | 15:04:19] Mark.Buschmann hat 500 in das Konto Mark.Buschmann eingezahlt.
[12.04.2016 | 16:57:57] Dennis.Wagner hat 250 in das Konto Dennis.Wagner eingezahlt.
[12.04.2016 | 18:20:18] Max.Rundhose hat 1000 in das Konto Max.Rundhose eingezahlt.
[12.04.2016 | 19:31:36] Webi.Profi hat 800 vom Konto Webi.Profi abgehoben.
[12.04.2016 | 19:37:46] Aim.Shogz hat 1000 in das Konto Aim.Shogz eingezahlt.
[14.04.2016 | 13:13:40] Sebastian.Wolters hat 1000 in das Konto Sebastian.Wolters eingezahlt.
[14.04.2016 | 14:47:13] Jay.Mcmillen hat 1000 in das Konto Jay.Mcmillen eingezahlt.
[14.04.2016 | 16:34:41] Matze.Gamingtv hat 1 vom Konto InterTrans abgehoben.
[14.04.2016 | 16:34:42] Matze.Gamingtv hat 1 in das Konto InterTrans eingezahlt.
[14.04.2016 | 16:35:19] Matze.Gamingtv hat 1 vom Konto InterTrans zum Konto San_News überwiesen.
[14.04.2016 | 16:35:26] Matze.Gamingtv hat 1 in das Konto InterTrans eingezahlt.
[14.04.2016 | 16:49:57] Matze.Gamingtv hat 1 vom Konto InterTrans abgehoben.
[14.04.2016 | 16:49:59] Matze.Gamingtv hat 1 vom Konto InterTrans abgehoben.
[14.04.2016 | 16:50:00] Matze.Gamingtv hat 1 vom Konto InterTrans abgehoben.
[14.04.2016 | 16:50:01] Matze.Gamingtv hat 1 vom Konto InterTrans abgehoben.
[14.04.2016 | 16:50:02] Matze.Gamingtv hat 1 vom Konto InterTrans abgehoben.
[14.04.2016 | 16:50:03] Matze.Gamingtv hat 1 in das Konto InterTrans eingezahlt.
[14.04.2016 | 16:50:04] Matze.Gamingtv hat 1 in das Konto InterTrans eingezahlt.
[14.04.2016 | 16:50:05] Matze.Gamingtv hat 1 in das Konto InterTrans eingezahlt.
[14.04.2016 | 16:50:06] Matze.Gamingtv hat 1 in das Konto InterTrans eingezahlt.
[14.04.2016 | 16:50:08] Matze.Gamingtv hat 1 in das Konto InterTrans eingezahlt.
[14.04.2016 | 16:50:09] Matze.Gamingtv hat 1 in das Konto InterTrans eingezahlt.
[14.04.2016 | 16:50:11] Matze.Gamingtv hat 1 vom Konto InterTrans zum Konto San_News überwiesen.
[14.04.2016 | 16:50:13] Matze.Gamingtv hat 1 vom Konto InterTrans zum Konto San_News überwiesen.
[14.04.2016 | 16:50:14] Matze.Gamingtv hat 1 vom Konto InterTrans zum Konto San_News überwiesen.
[14.04.2016 | 16:50:26] Matze.Gamingtv hat 1 in das Konto InterTrans eingezahlt.
[14.04.2016 | 16:50:27] Matze.Gamingtv hat 1 in das Konto InterTrans eingezahlt.
[14.04.2016 | 16:50:36] Matze.Gamingtv hat 1 vom Konto InterTrans zum Konto San_News überwiesen.
[14.04.2016 | 16:50:46] Matze.Gamingtv hat 1 in das Konto InterTrans eingezahlt.
[14.04.2016 | 16:50:47] Matze.Gamingtv hat 1 vom Konto InterTrans abgehoben.
[14.04.2016 | 16:50:51] Matze.Gamingtv hat 1 in das Konto InterTrans eingezahlt.
[14.04.2016 | 17:32:53] Matze.Gamingtv hat 250000 vom Konto Matze.Gamingtv abgehoben.
[14.04.2016 | 17:52:34] Sebastian.Wolters hat 1000 vom Konto Sebastian.Wolters abgehoben.
[14.04.2016 | 17:53:41] Sebastian.Wolters hat 500 vom Konto Sebastian.Wolters abgehoben.
[14.04.2016 | 17:54:19] Sebastian.Wolters hat 1000 vom Konto Sebastian.Wolters abgehoben.
[14.04.2016 | 17:56:09] Sebastian.Wolters hat 500 vom Konto Sebastian.Wolters abgehoben.
[26.04.2016 | 17:11:31] Florian.Pacman hat 10000 in das Konto Florian.Pacman eingezahlt.
[05.05.2016 | 00:46:43] Matze.Gamingtv hat 5360 vom Konto Matze.Gamingtv abgehoben.
[06.05.2016 | 13:12:06] Matze.Gamingtv hat 5850 vom Konto Matze.Gamingtv abgehoben.
[06.05.2016 | 17:44:49] Florian.Pacman hat 400 vom Konto Florian.Pacman abgehoben.
[06.05.2016 | 22:23:25] Marcel.Zockerhd hat 10000 in das Konto Marcel.Zockerhd eingezahlt.
[06.05.2016 | 22:34:02] Florian.Pacman hat 1000 vom Konto Florian.Pacman abgehoben.
[07.05.2016 | 12:51:43] Marcel.Zockerhd hat 200 vom Konto Marcel.Zockerhd abgehoben.
[07.05.2016 | 12:59:01] Marcel.Paul hat 10000 in das Konto Marcel.Paul eingezahlt.
[07.05.2016 | 18:10:48] Matze.Gamingtv hat 5 vom Konto Matze.Gamingtv zum Konto San_News überwiesen.
[07.05.2016 | 18:10:51] Matze.Gamingtv hat 5 vom Konto Matze.Gamingtv zum Konto San_News überwiesen.
[07.05.2016 | 18:10:51] Matze.Gamingtv hat 5 vom Konto Matze.Gamingtv zum Konto San_News überwiesen.
[07.05.2016 | 18:10:51] Matze.Gamingtv hat 5 vom Konto Matze.Gamingtv zum Konto San_News überwiesen.
[07.05.2016 | 18:10:51] Matze.Gamingtv hat 5 vom Konto Matze.Gamingtv zum Konto San_News überwiesen.
[07.05.2016 | 18:10:51] Matze.Gamingtv hat 5 vom Konto Matze.Gamingtv zum Konto San_News überwiesen.
[07.05.2016 | 18:10:52] Matze.Gamingtv hat 5 vom Konto Matze.Gamingtv zum Konto San_News überwiesen.
[07.05.2016 | 18:10:52] Matze.Gamingtv hat 5 vom Konto Matze.Gamingtv zum Konto San_News überwiesen.
[07.05.2016 | 18:10:52] Matze.Gamingtv hat 5 vom Konto Matze.Gamingtv zum Konto San_News überwiesen.
[07.05.2016 | 18:10:52] Matze.Gamingtv hat 5 vom Konto Matze.Gamingtv zum Konto San_News überwiesen.
[07.05.2016 | 18:10:52] Matze.Gamingtv hat 5 vom Konto Matze.Gamingtv zum Konto San_News überwiesen.
[07.05.2016 | 18:10:52] Matze.Gamingtv hat 5 vom Konto Matze.Gamingtv zum Konto San_News überwiesen.
[07.05.2016 | 18:10:53] Matze.Gamingtv hat 5 vom Konto Matze.Gamingtv zum Konto San_News überwiesen.
[07.05.2016 | 18:10:53] Matze.Gamingtv hat 5 vom Konto Matze.Gamingtv zum Konto San_News überwiesen.
[07.05.2016 | 18:10:53] Matze.Gamingtv hat 5 vom Konto Matze.Gamingtv zum Konto San_News überwiesen.
[07.05.2016 | 18:14:15] Matze.Gamingtv hat 9260 vom Konto Matze.Gamingtv abgehoben.
[08.05.2016 | 15:11:01] Florian.Pacman hat 10000 vom Konto Florian.Pacman abgehoben.
[09.05.2016 | 17:00:43] Florian.Pacman hat 5000 vom Konto Florian.Pacman abgehoben.
[09.05.2016 | 17:32:50] Marcel.Zockerhd hat 1500 vom Konto Marcel.Zockerhd abgehoben.
[09.05.2016 | 17:37:48] Florian.Pacman hat 2900 in das Konto Florian.Pacman eingezahlt.
[12.06.2016 | 14:05:33] Matze.Gamingtv hat 10000000 in das Konto Matze.Gamingtv eingezahlt.
[12.06.2016 | 14:07:15] Matze.Gamingtv hat 1000 vom Konto Matze.Gamingtv abgehoben.
[12.06.2016 | 14:07:18] Matze.Gamingtv hat 1000 vom Konto Matze.Gamingtv abgehoben.
[13.06.2016 | 11:47:50] Matze.Gamingtv hat 8000 vom Konto Matze.Gamingtv abgehoben.
[13.06.2016 | 11:48:54] Matze.Gamingtv hat 1 in das Konto Beamter eingezahlt.
[13.06.2016 | 11:48:54] Matze.Gamingtv hat 1 vom Konto Beamter abgehoben.
[13.06.2016 | 11:48:55] Matze.Gamingtv hat 1 in das Konto Beamter eingezahlt.
[13.06.2016 | 11:48:57] Matze.Gamingtv hat 1 vom Konto Beamter abgehoben.
[13.06.2016 | 16:42:17] Marcel.Paul hat 10000 in das Konto Marcel.Paul eingezahlt.
[13.06.2016 | 16:47:05] Marcel.Paul hat 100 vom Konto Marcel.Paul abgehoben.
[13.06.2016 | 17:44:05] Matze.Gamingtv hat 5000000 vom Konto Matze.Gamingtv zum Konto Marcel.Paul überwiesen.
[13.06.2016 | 18:05:33] Marcel.Paul hat 1000 vom Konto Marcel.Paul abgehoben.
[13.06.2016 | 18:23:35] Jay.Mcmillen hat 10000 in das Konto Jay.Mcmillen eingezahlt.
[13.06.2016 | 18:23:57] Ryan.Mcmillen hat 10000 in das Konto Ryan.Mcmillen eingezahlt.
[13.06.2016 | 18:24:02] Matze.Gamingtv hat 500000 vom Konto Matze.Gamingtv zum Konto Ryan.Mcmillen überwiesen.
[13.06.2016 | 18:24:17] Matze.Gamingtv hat 500000 vom Konto Matze.Gamingtv zum Konto Jay.Mcmillen überwiesen.
[13.06.2016 | 18:24:35] Jay.Mcmillen hat 10000 vom Konto Jay.Mcmillen abgehoben.
[13.06.2016 | 18:24:41] Ryan.Mcmillen hat 10000 vom Konto Ryan.Mcmillen abgehoben.
[13.06.2016 | 18:24:42] Ryan.Mcmillen hat 10000 vom Konto Ryan.Mcmillen abgehoben.
[13.06.2016 | 18:26:02] Marcel.Paul hat 1000 vom Konto Marcel.Paul abgehoben.
[14.06.2016 | 21:12:22] Florian.Mrpacman hat 10000 in das Konto Florian.Mrpacman eingezahlt.
[15.06.2016 | 16:00:49] Matze.Gamingtv hat 500000 vom Konto Matze.Gamingtv abgehoben.
[15.06.2016 | 16:00:51] Matze.Gamingtv hat 500000 vom Konto Matze.Gamingtv abgehoben.
[15.06.2016 | 16:02:07] Florian.Mrpacman hat 500000 in das Konto Florian.Mrpacman eingezahlt.
[15.06.2016 | 16:12:23] Matze.Gamingtv hat 7000 in das Konto Matze.Gamingtv eingezahlt.
[15.06.2016 | 16:12:25] Matze.Gamingtv hat 7000 vom Konto Matze.Gamingtv abgehoben.
[15.06.2016 | 16:12:27] Matze.Gamingtv hat 7000 vom Konto Matze.Gamingtv abgehoben.
[15.06.2016 | 16:13:38] Florian.Mrpacman hat 50000 vom Konto Florian.Mrpacman abgehoben.
[18.06.2016 | 23:45:44] Matze.Gamingtv hat 4340 vom Konto Matze.Gamingtv abgehoben.
[22.06.2016 | 17:29:13] Matze.Gamingtv hat 920 vom Konto Matze.Gamingtv abgehoben.
[22.06.2016 | 18:25:31] Florian.Mrpacman hat 5000 vom Konto Florian.Mrpacman abgehoben.
[22.06.2016 | 18:35:28] Florian.Mrpacman hat 50000 vom Konto Florian.Mrpacman abgehoben.
[22.06.2016 | 18:37:26] Florian.Mrpacman hat 50000 in das Konto Florian.Mrpacman eingezahlt.
[22.06.2016 | 19:04:39] Florian.Mrpacman hat 500 vom Konto Florian.Mrpacman abgehoben.
[22.06.2016 | 19:04:41] Florian.Mrpacman hat 500 vom Konto Florian.Mrpacman abgehoben.
[23.06.2016 | 17:54:02] Marcel.Paul hat 97500 vom Konto Marcel.Paul abgehoben.
[23.06.2016 | 18:01:44] Ben.Miller hat 2500000 in das Konto Ben.Miller eingezahlt.
[23.06.2016 | 18:22:08] Matze.Gamingtv hat 5500 vom Konto Matze.Gamingtv abgehoben.
[23.06.2016 | 18:31:31] Matze.Gamingtv hat 50000 vom Konto Matze.Gamingtv abgehoben.
[23.06.2016 | 18:31:36] Matze.Gamingtv hat 50000 vom Konto Matze.Gamingtv abgehoben.
[23.06.2016 | 18:31:39] Matze.Gamingtv hat 50000 vom Konto Matze.Gamingtv abgehoben.
[23.06.2016 | 18:31:41] Matze.Gamingtv hat 50000 vom Konto Matze.Gamingtv abgehoben.
[23.06.2016 | 18:34:43] Ben.Miller hat 50000 vom Konto Ben.Miller abgehoben.
[23.06.2016 | 18:35:06] Matze.Gamingtv hat 50000 vom Konto Matze.Gamingtv abgehoben.
[23.06.2016 | 18:35:07] Matze.Gamingtv hat 50000 vom Konto Matze.Gamingtv abgehoben.
[23.06.2016 | 18:35:53] Ben.Miller hat 42500 vom Konto Ben.Miller abgehoben.
[23.06.2016 | 18:36:45] Ben.Miller hat 50000 vom Konto Ben.Miller abgehoben.
[23.06.2016 | 18:43:09] Sentinel.Prime hat 9500 in das Konto Sentinel.Prime eingezahlt.
[23.06.2016 | 19:29:51] Matze.Gamingtv hat 500000 vom Konto Beamter abgehoben.
[23.06.2016 | 19:37:25] Ben.Miller hat 228135 vom Konto Autofix abgehoben.
[23.06.2016 | 19:39:28] Ben.Miller hat 152348 vom Konto Autofix abgehoben.
[23.06.2016 | 19:40:13] Ben.Miller hat 11111 vom Konto Autofix abgehoben.
[23.06.2016 | 19:41:40] Ben.Miller hat 26000 vom Konto Ben.Miller abgehoben.
[23.06.2016 | 19:41:52] Marcel.Paul hat 100 vom Konto Marcel.Paul abgehoben.
[23.06.2016 | 19:42:54] Ben.Miller hat 50000 vom Konto Ben.Miller abgehoben.
[23.06.2016 | 19:44:19] Marcel.Paul hat 76045 vom Konto Marcel.Paul abgehoben.
[23.06.2016 | 19:53:54] Marcel.Paul hat 2500 vom Konto Marcel.Paul abgehoben.
[23.06.2016 | 20:15:06] Marcel.Paul hat 47900 vom Konto Marcel.Paul abgehoben.
[23.06.2016 | 20:15:51] Matze.Gamingtv hat 50000 vom Konto Beamter abgehoben.
[23.06.2016 | 20:15:52] Matze.Gamingtv hat 50000 vom Konto Beamter abgehoben.
[23.06.2016 | 20:15:53] Matze.Gamingtv hat 50000 vom Konto Beamter abgehoben.
[23.06.2016 | 20:15:54] Matze.Gamingtv hat 50000 in das Konto Beamter eingezahlt.
[23.06.2016 | 20:15:55] Matze.Gamingtv hat 50000 in das Konto Beamter eingezahlt.
[23.06.2016 | 20:16:00] Matze.Gamingtv hat 100000 in das Konto Beamter eingezahlt.
[23.06.2016 | 20:16:01] Matze.Gamingtv hat 100000 in das Konto Beamter eingezahlt.
[23.06.2016 | 20:16:04] Matze.Gamingtv hat 10000 in das Konto Beamter eingezahlt.
[23.06.2016 | 20:16:05] Matze.Gamingtv hat 10000 in das Konto Beamter eingezahlt.
[23.06.2016 | 20:16:06] Matze.Gamingtv hat 10000 in das Konto Beamter eingezahlt.
[23.06.2016 | 20:16:07] Matze.Gamingtv hat 10000 in das Konto Beamter eingezahlt.
[23.06.2016 | 20:16:08] Matze.Gamingtv hat 10000 in das Konto Beamter eingezahlt.
[23.06.2016 | 20:16:09] Matze.Gamingtv hat 10000 in das Konto Beamter eingezahlt.
[23.06.2016 | 20:16:10] Matze.Gamingtv hat 10000 in das Konto Beamter eingezahlt.
[23.06.2016 | 20:16:24] Matze.Gamingtv hat 1000 in das Konto Beamter eingezahlt.
[23.06.2016 | 20:16:26] Matze.Gamingtv hat 1000 in das Konto Beamter eingezahlt.
[23.06.2016 | 20:16:27] Matze.Gamingtv hat 1000 in das Konto Beamter eingezahlt.
[23.06.2016 | 20:16:28] Matze.Gamingtv hat 1000 in das Konto Beamter eingezahlt.
[23.06.2016 | 20:16:30] Matze.Gamingtv hat 100 in das Konto Beamter eingezahlt.
[23.06.2016 | 20:16:31] Matze.Gamingtv hat 100 in das Konto Beamter eingezahlt.
[23.06.2016 | 20:16:32] Matze.Gamingtv hat 100 in das Konto Beamter eingezahlt.
[23.06.2016 | 20:16:34] Matze.Gamingtv hat 10 in das Konto Beamter eingezahlt.
[23.06.2016 | 20:16:36] Matze.Gamingtv hat 10 in das Konto Beamter eingezahlt.
[23.06.2016 | 20:16:37] Matze.Gamingtv hat 10 in das Konto Beamter eingezahlt.
[23.06.2016 | 20:16:38] Matze.Gamingtv hat 1 in das Konto Beamter eingezahlt.
[23.06.2016 | 20:16:40] Matze.Gamingtv hat 1 in das Konto Beamter eingezahlt.
[23.06.2016 | 20:16:41] Matze.Gamingtv hat 1 in das Konto Beamter eingezahlt.
[23.06.2016 | 20:16:42] Matze.Gamingtv hat 1 in das Konto Beamter eingezahlt.
[23.06.2016 | 20:16:43] Matze.Gamingtv hat 1 in das Konto Beamter eingezahlt.
[23.06.2016 | 20:17:02] Matze.Gamingtv hat 700000 vom Konto Matze.Gamingtv abgehoben.
[23.06.2016 | 20:20:02] Matze.Gamingtv hat 500000 vom Konto Matze.Gamingtv abgehoben.
[24.06.2016 | 18:59:26] Florian.Mrpacman hat 50000 vom Konto Florian.Mrpacman abgehoben.
[24.06.2016 | 19:19:34] Marcel.Paul hat 99250 vom Konto Marcel.Paul abgehoben.
[24.06.2016 | 19:21:55] Florian.Mrpacman hat 150000 vom Konto Florian.Mrpacman abgehoben.
[24.06.2016 | 19:58:38] Florian.Mrpacman hat 250000 vom Konto Florian.Mrpacman abgehoben.
[24.06.2016 | 19:59:06] Florian.Mrpacman hat 200000 vom Konto Autohaus abgehoben.
[25.06.2016 | 20:14:53] Marcel.Paul hat 229144 vom Konto Marcel.Paul abgehoben.
[25.06.2016 | 20:17:12] Florian.Mrpacman hat 100000 vom Konto Autohaus abgehoben.
[25.06.2016 | 20:17:49] Florian.Mrpacman hat 100000 in das Konto Florian.Mrpacman eingezahlt.
[25.06.2016 | 21:24:24] Marcel.Paul hat 235335 vom Konto Marcel.Paul abgehoben.
[25.06.2016 | 21:24:29] Marcel.Paul hat 100000 vom Konto Marcel.Paul abgehoben.
[25.06.2016 | 21:25:43] Florian.Mrpacman hat 100000 vom Konto Florian.Mrpacman abgehoben.
[25.06.2016 | 21:47:55] Marcel.Paul hat 8636 in das Konto Marcel.Paul eingezahlt.
[26.06.2016 | 06:47:51] Florian.Mrpacman hat 2000 vom Konto Florian.Mrpacman abgehoben.
[26.06.2016 | 20:45:44] Ben.Miller hat 200 vom Konto Ben.Miller abgehoben.
[26.06.2016 | 20:48:14] Ben.Miller hat 200 vom Konto Ben.Miller abgehoben.
[28.06.2016 | 20:01:55] Matze.Gamingtv hat 222000 in das Konto Matze.Gamingtv eingezahlt.
[29.06.2016 | 15:03:55] Marcel.Redhead hat 1000 in das Konto Marcel.Redhead eingezahlt.
[29.06.2016 | 15:04:09] Marcel.Redhead hat 9000 in das Konto Marcel.Redhead eingezahlt.
[29.06.2016 | 19:52:37] Marcel.Redhead hat 150 vom Konto Marcel.Redhead abgehoben.
[29.06.2016 | 19:53:20] Marcel.Redhead hat 50 vom Konto Marcel.Redhead abgehoben.
[30.06.2016 | 17:55:00] Florian.Mrpacman hat 1000 vom Konto Florian.Mrpacman abgehoben.
[30.06.2016 | 19:50:14] Marcel.Redhead hat 200 vom Konto Marcel.Redhead abgehoben.
[30.06.2016 | 19:52:57] Marcel.Redhead hat 180 in das Konto Marcel.Redhead eingezahlt.
[01.07.2016 | 18:18:45] Florian.Mrpacman hat 2000 vom Konto Florian.Mrpacman abgehoben.
[01.07.2016 | 22:46:32] Marcel.Redhead hat 80 vom Konto Marcel.Redhead abgehoben.
[02.07.2016 | 17:37:01] Florian.Mrpacman hat 1000 vom Konto Florian.Mrpacman abgehoben.
[03.07.2016 | 16:54:45] Leon.Bley hat 9600 in das Konto Leon.Bley eingezahlt.
[03.07.2016 | 16:55:05] Leon.Bley hat 100 vom Konto Leon.Bley abgehoben.
