[22.03.2016 | 13:33:04] Führerschein über 1400 von Talorin.Goldberry an Florian.Mrpacman
[22.03.2016 | 13:44:37] Führerschein über 1400 von Talorin.Goldberry an Florian.Mrpacman
[22.03.2016 | 13:45:39] Führerschein über 1400 von Talorin.Goldberry an Matze.Gamingtv
[22.03.2016 | 13:46:24] Führerschein über 1000 von Talorin.Goldberry an Matze.Gamingtv
[22.03.2016 | 13:46:41] Führerschein über 3000 von Talorin.Goldberry an Matze.Gamingtv
[22.03.2016 | 13:46:53] Führerschein über 10000 von Talorin.Goldberry an Matze.Gamingtv
[22.03.2016 | 13:48:40] Führerschein über 2000 von Talorin.Goldberry an Florian.Mrpacman
[22.03.2016 | 14:53:43] Führerschein über 1400 von Talorin.Goldberry an Marcel.Zockerhd
[22.03.2016 | 16:12:43] Führerschein über 1400 von Talorin.Goldberry an Ryan.McMillen
[22.03.2016 | 16:14:25] Führerschein über 1400 von Talorin.Goldberry an Marcel.Zockerhd
[22.03.2016 | 16:15:46] Führerschein über 1400 von Talorin.Goldberry an Marcel.Zockerhd
[23.03.2016 | 01:55:53] Führerschein über 1 von Matze.Gamingtv an Ben.Akaisda
[23.03.2016 | 01:56:09] Führerschein über 1 von Matze.Gamingtv an Ben.Akaisda
[23.03.2016 | 01:56:55] Führerschein über 1 von Matze.Gamingtv an Ben.Akaisda
[23.03.2016 | 01:57:11] Führerschein über 1 von Matze.Gamingtv an Ben.Akaisda
[24.03.2016 | 21:13:27] Führerschein über 0 von Matze.Gamingtv an Marcel.Gamer
[24.03.2016 | 21:14:03] Führerschein über 0 von Matze.Gamingtv an Marcel.Gamer
[24.03.2016 | 21:14:24] Führerschein über 0 von Matze.Gamingtv an Marcel.Gamer
[24.03.2016 | 21:14:34] Führerschein über 0 von Matze.Gamingtv an Marcel.Gamer
[24.03.2016 | 21:14:52] Waffenschein über 0 von Matze.Gamingtv an Marcel.Gamer
[24.03.2016 | 21:15:08] Waffenschein über 0 von Matze.Gamingtv an Marcel.Gamer
[24.03.2016 | 21:15:25] Waffenschein über 0 von Matze.Gamingtv an Matze.Gamingtv
[24.03.2016 | 21:15:33] Waffenschein über 0 von Matze.Gamingtv an Matze.Gamingtv
[24.03.2016 | 21:15:48] Waffenschein über 0 von Matze.Gamingtv an Marcel.Gamer
[24.03.2016 | 23:12:09] Rechnung über 30 von Ben.Akaisda an Marcel.Gamer
[24.03.2016 | 23:12:19] Marcel.Gamer hat die Rechnung von Ben.Akaisda ueber 30 Vero bezahlt.
[07.04.2016 | 22:24:23] Rechnung über 1650 von Ben.Akaisda an Matze.Gamingtv
[07.04.2016 | 22:24:24] Matze.Gamingtv hat die Rechnung von Ben.Akaisda ueber 1650 Vero bezahlt.
[07.04.2016 | 22:47:13] Führerschein über 100 von Matze.Gamingtv an Ben.Akaisda
[07.04.2016 | 22:47:20] Führerschein über 1 von Matze.Gamingtv an Ben.Akaisda
[07.04.2016 | 22:47:27] Führerschein über 0 von Matze.Gamingtv an Ben.Akaisda
[07.04.2016 | 22:49:42] Führerschein über 0 von Matze.Gamingtv an Ben.Akaisda
[07.04.2016 | 22:50:57] Führerschein über 0 von Matze.Gamingtv an Florian.Mrpacman
[07.04.2016 | 22:51:16] Führerschein über 0 von Matze.Gamingtv an Florian.Mrpacman
[07.04.2016 | 22:52:09] Führerschein über 0 von Matze.Gamingtv an Florian.Mrpacman
[07.04.2016 | 22:57:11] Rechnung über 1650 von Ben.Akaisda an Matze.Gamingtv
[07.04.2016 | 22:57:13] Matze.Gamingtv hat die Rechnung von Ben.Akaisda ueber 1650 Vero bezahlt.
[08.04.2016 | 18:50:13] Führerschein über 1 von Florian.Mrpacman an Kevin.Bumsberg
[08.04.2016 | 19:13:43] Rechnung über 650 von Ben.Akaisda an Ryan.McMillen
[08.04.2016 | 19:14:09] Ryan.McMillen hat die Rechnung von Ben.Akaisda ueber 650 Vero bezahlt.
[08.04.2016 | 19:16:20] Rechnung über 750 von Ben.Akaisda an Jay.Mcmillen
[08.04.2016 | 19:16:45] Jay.Mcmillen hat die Rechnung von Ben.Akaisda ueber 750 Vero bezahlt.
[08.04.2016 | 19:41:33] Rechnung über 150 von Ben.Akaisda an Florian.Mrpacman
[08.04.2016 | 19:41:58] Florian.Mrpacman hat die Rechnung von Ben.Akaisda ueber 150 Vero bezahlt.
[08.04.2016 | 19:48:43] Führerschein über 1 von Florian.Mrpacman an Georg.Dampfnudel
[08.04.2016 | 19:52:22] Führerschein über 1 von Florian.Mrpacman an Georg.Dampfnudel
[09.04.2016 | 12:37:53] Rechnung über 704 von Ben.Akaisda an Marcel.Gamer
[09.04.2016 | 12:38:04] Marcel.Gamer hat die Rechnung von Ben.Akaisda ueber 704 Vero bezahlt.
[09.04.2016 | 12:40:59] Rechnung über 1600 von Ben.Akaisda an Marcel.Gamer
[09.04.2016 | 12:41:00] Marcel.Gamer hat die Rechnung von Ben.Akaisda ueber 1600 Vero bezahlt.
[09.04.2016 | 12:45:06] Rechnung über 800 von Ben.Akaisda an Marcel.Gamer
[09.04.2016 | 12:45:19] Marcel.Gamer hat die Rechnung von Ben.Akaisda ueber 800 Vero bezahlt.
[09.04.2016 | 12:49:37] Rechnung über 900 von Ben.Akaisda an Marcel.Gamer
[09.04.2016 | 12:49:39] Marcel.Gamer hat die Rechnung von Ben.Akaisda ueber 900 Vero bezahlt.
[09.04.2016 | 12:53:32] Rechnung über 800 von Ben.Akaisda an Marcel.Gamer
[09.04.2016 | 12:53:33] Marcel.Gamer hat die Rechnung von Ben.Akaisda ueber 800 Vero bezahlt.
[09.04.2016 | 12:57:08] Rechnung über 736 von Ben.Akaisda an Marcel.Gamer
[09.04.2016 | 12:57:09] Marcel.Gamer hat die Rechnung von Ben.Akaisda ueber 736 Vero bezahlt.
[09.04.2016 | 12:57:39] Rechnung über 800 von Ben.Akaisda an Marcel.Gamer
[09.04.2016 | 12:57:47] Marcel.Gamer hat die Rechnung von Ben.Akaisda ueber 800 Vero bezahlt.
[09.04.2016 | 13:02:45] Rechnung über 786 von Ben.Akaisda an Marcel.Gamer
[09.04.2016 | 13:02:51] Marcel.Gamer hat die Rechnung von Ben.Akaisda ueber 786 Vero bezahlt.
[09.04.2016 | 13:06:01] Rechnung über 800 von Ben.Akaisda an Marcel.Gamer
[09.04.2016 | 13:06:12] Marcel.Gamer hat die Rechnung von Ben.Akaisda ueber 800 Vero bezahlt.
[09.04.2016 | 13:09:39] Rechnung über 736 von Ben.Akaisda an Marcel.Gamer
[09.04.2016 | 13:09:44] Marcel.Gamer hat die Rechnung von Ben.Akaisda ueber 736 Vero bezahlt.
[09.04.2016 | 13:12:29] Rechnung über 850 von Ben.Akaisda an Marcel.Gamer
[09.04.2016 | 13:12:36] Marcel.Gamer hat die Rechnung von Ben.Akaisda ueber 850 Vero bezahlt.
[09.04.2016 | 13:14:50] Rechnung über 736 von Ben.Akaisda an Marcel.Gamer
[09.04.2016 | 13:14:57] Marcel.Gamer hat die Rechnung von Ben.Akaisda ueber 736 Vero bezahlt.
[09.04.2016 | 13:37:06] Rechnung über 800 von Ben.Akaisda an Marcel.Gamer
[09.04.2016 | 13:37:12] Marcel.Gamer hat die Rechnung von Ben.Akaisda ueber 800 Vero bezahlt.
[09.04.2016 | 14:06:39] Rechnung über 690 von Ben.Akaisda an Talorin.Goldberry
[09.04.2016 | 14:06:47] Talorin.Goldberry hat die Rechnung von Ben.Akaisda ueber 690 Vero bezahlt.
[09.04.2016 | 14:09:32] Rechnung über 750 von Ben.Akaisda an Marcel.Gamer
[09.04.2016 | 14:10:22] Marcel.Gamer hat die Rechnung von Ben.Akaisda ueber 750 Vero bezahlt.
[09.04.2016 | 14:27:18] Rechnung über 2500 von Ben.Akaisda an Georg.Dampfnudel
[09.04.2016 | 14:27:26] Georg.Dampfnudel hat die Rechnung von Ben.Akaisda ueber 2500 Vero bezahlt.
[09.04.2016 | 15:32:02] Rechnung über 500 von Ben.Akaisda an Florian.Mrpacman
[09.04.2016 | 15:32:25] Florian.Mrpacman hat die Rechnung von Ben.Akaisda ueber 500 Vero bezahlt.
[09.04.2016 | 15:53:41] Führerschein über 1500 von Marcel.Gamer an Mr.Pedo
[09.04.2016 | 15:55:37] Führerschein über 2500 von Marcel.Gamer an Mr.Pedo
[09.04.2016 | 15:55:41] Rechnung über 950 von Ben.Akaisda an Georg.Dampfnudel
[09.04.2016 | 15:55:49] Georg.Dampfnudel hat die Rechnung von Ben.Akaisda ueber 950 Vero bezahlt.
[09.04.2016 | 15:56:02] Führerschein über 3500 von Marcel.Gamer an Mr.Pedo
[09.04.2016 | 15:57:49] Rechnung über 900 von Ben.Akaisda an Georg.Dampfnudel
[09.04.2016 | 15:59:01] Rechnung über 900 von Ben.Akaisda an Georg.Dampfnudel
[09.04.2016 | 15:59:06] Georg.Dampfnudel hat die Rechnung von Ben.Akaisda ueber 900 Vero bezahlt.
[09.04.2016 | 16:01:57] Führerschein über 1500 von Marcel.Gamer an Ron.Noname
[09.04.2016 | 16:02:17] Führerschein über 2500 von Marcel.Gamer an Ron.Noname
[09.04.2016 | 16:02:34] Führerschein über 3500 von Marcel.Gamer an Ron.Noname
[09.04.2016 | 16:15:30] Rechnung über 250 von Ben.Akaisda an Ron.Noname
[09.04.2016 | 16:15:31] Ron.Noname hat die Rechnung von Ben.Akaisda ueber 250 Vero bezahlt.
[09.04.2016 | 16:15:56] Rechnung über 750 von Ben.Akaisda an Ron.Noname
[09.04.2016 | 16:15:58] Ron.Noname hat die Rechnung von Ben.Akaisda ueber 750 Vero bezahlt.
[09.04.2016 | 16:24:39] Rechnung über 10500 von Ben.Akaisda an Georg.Dampfnudel
[09.04.2016 | 16:24:46] Georg.Dampfnudel hat die Rechnung von Ben.Akaisda ueber 10500 Vero bezahlt.
[09.04.2016 | 16:26:32] Rechnung über 500 von Ben.Akaisda an Georg.Dampfnudel
[09.04.2016 | 16:26:42] Georg.Dampfnudel hat die Rechnung von Ben.Akaisda ueber 500 Vero bezahlt.
[09.04.2016 | 16:34:11] Rechnung über 300 von Ben.Akaisda an Marcel.Gamer
[09.04.2016 | 16:34:26] Marcel.Gamer hat die Rechnung von Ben.Akaisda ueber 300 Vero bezahlt.
[09.04.2016 | 17:08:28] Rechnung über 3900 von Ben.Akaisda an Mr.Pedo
[09.04.2016 | 17:10:01] Mr.Pedo hat die Rechnung von Ben.Akaisda ueber 3900 Vero bezahlt.
[09.04.2016 | 17:15:09] Rechnung über 800 von Ben.Akaisda an Matze.Gamingtv
[09.04.2016 | 17:15:10] Matze.Gamingtv hat die Rechnung von Ben.Akaisda ueber 800 Vero bezahlt.
[09.04.2016 | 18:38:58] Führerschein über 0 von Matze.Gamingtv an Georg.Dampfnudel
[09.04.2016 | 18:39:05] Führerschein über 0 von Matze.Gamingtv an Georg.Dampfnudel
[09.04.2016 | 18:39:11] Führerschein über 0 von Matze.Gamingtv an Georg.Dampfnudel
[09.04.2016 | 18:39:16] Führerschein über 0 von Matze.Gamingtv an Georg.Dampfnudel
[09.04.2016 | 18:40:18] Führerschein über 0 von Matze.Gamingtv an Georg.Dampfnudel
[09.04.2016 | 18:52:23] Führerschein über 0 von Matze.Gamingtv an Prince.Boateng
[09.04.2016 | 18:52:35] Führerschein über 0 von Matze.Gamingtv an Prince.Boateng
[09.04.2016 | 18:52:48] Führerschein über 0 von Matze.Gamingtv an Prince.Boateng
[09.04.2016 | 18:52:51] Rechnung über 450 von Ben.Akaisda an Ron.Noname
[09.04.2016 | 18:52:54] Ron.Noname hat die Rechnung von Ben.Akaisda ueber 450 Vero bezahlt.
[09.04.2016 | 19:22:39] Führerschein über 100 von Matze.Gamingtv an Jay.Mcmillen
[09.04.2016 | 19:22:48] Führerschein über 100 von Matze.Gamingtv an Jay.Mcmillen
[09.04.2016 | 19:22:58] Führerschein über 100 von Matze.Gamingtv an Jay.Mcmillen
[09.04.2016 | 19:23:06] Führerschein über 100 von Matze.Gamingtv an Jay.Mcmillen
[09.04.2016 | 19:24:01] Führerschein über 100 von Matze.Gamingtv an Ryan.McMillen
[09.04.2016 | 19:24:17] Führerschein über 100 von Matze.Gamingtv an Ryan.McMillen
[09.04.2016 | 19:24:26] Führerschein über 100 von Matze.Gamingtv an Ryan.McMillen
[09.04.2016 | 19:24:37] Rechnung über 1300 von Ben.Akaisda an Georg.Dampfnudel
[09.04.2016 | 19:24:51] Georg.Dampfnudel hat die Rechnung von Ben.Akaisda ueber 1300 Vero bezahlt.
[09.04.2016 | 19:37:39] Rechnung über 2200 von Ben.Akaisda an Ryan.McMillen
[09.04.2016 | 19:37:40] Ryan.McMillen hat die Rechnung von Ben.Akaisda ueber 2200 Vero bezahlt.
[09.04.2016 | 19:42:51] Rechnung über 2200 von Ben.Akaisda an Jay.Mcmillen
[09.04.2016 | 19:43:00] Jay.Mcmillen hat die Rechnung von Ben.Akaisda ueber 2200 Vero bezahlt.
[09.04.2016 | 19:44:04] Rechnung über 400 von Ben.Akaisda an Ryan.McMillen
[09.04.2016 | 19:44:05] Ryan.McMillen hat die Rechnung von Ben.Akaisda ueber 400 Vero bezahlt.
[09.04.2016 | 19:47:43] Rechnung über 50 von Ben.Akaisda an Jay.Mcmillen
[09.04.2016 | 19:47:52] Jay.Mcmillen hat die Rechnung von Ben.Akaisda ueber 50 Vero bezahlt.
[09.04.2016 | 20:55:40] Rechnung über 250 von Ben.Akaisda an Ryan.McMillen
[09.04.2016 | 20:55:48] Ryan.McMillen hat die Rechnung von Ben.Akaisda ueber 250 Vero bezahlt.
[09.04.2016 | 20:58:05] Rechnung über 500 von Ben.Akaisda an Ryan.McMillen
[09.04.2016 | 20:58:06] Ryan.McMillen hat die Rechnung von Ben.Akaisda ueber 500 Vero bezahlt.
[09.04.2016 | 21:08:12] Rechnung über 250 von Ben.Akaisda an Marcel.Gamer
[09.04.2016 | 21:08:13] Marcel.Gamer hat die Rechnung von Ben.Akaisda ueber 250 Vero bezahlt.
[09.04.2016 | 21:39:32] Rechnung über 150 von Ben.Akaisda an Ryan.McMillen
[09.04.2016 | 21:39:38] Ryan.McMillen hat die Rechnung von Ben.Akaisda ueber 150 Vero bezahlt.
[09.04.2016 | 21:41:34] Rechnung über 150 von Ben.Akaisda an Jay.Mcmillen
[09.04.2016 | 21:41:41] Jay.Mcmillen hat die Rechnung von Ben.Akaisda ueber 150 Vero bezahlt.
[10.04.2016 | 01:06:55] Führerschein über 1500 von Marcel.Gamer an Sebastian.Layer
[10.04.2016 | 01:07:19] Führerschein über 4500 von Marcel.Gamer an Sebastian.Layer
[10.04.2016 | 01:10:40] Führerschein über 1500 von Marcel.Gamer an Dennis.Wagner
[10.04.2016 | 01:15:26] Führerschein über 1500 von Marcel.Gamer an Philipp.Weber
[10.04.2016 | 01:18:57] Führerschein über 1500 von Marcel.Gamer an James.Jefferson
[10.04.2016 | 01:20:18] Führerschein über 2500 von Marcel.Gamer an James.Jefferson
[10.04.2016 | 01:20:41] Führerschein über 4500 von Marcel.Gamer an James.Jefferson
[10.04.2016 | 01:21:31] Führerschein über 3500 von Marcel.Gamer an James.Jefferson
[10.04.2016 | 12:15:50] Rechnung über 2600 von Ben.Akaisda an Sebastian.Layer
[10.04.2016 | 12:16:20] Sebastian.Layer hat die Rechnung von Ben.Akaisda ueber 2600 Vero bezahlt.
[10.04.2016 | 12:20:11] Rechnung über 450 von Ben.Akaisda an Jay.Mcmillen
[10.04.2016 | 12:20:23] Jay.Mcmillen hat die Rechnung von Ben.Akaisda ueber 450 Vero bezahlt.
[10.04.2016 | 13:17:12] Rechnung über 2600 von Ben.Akaisda an Sebastian.Layer
[10.04.2016 | 13:17:17] Sebastian.Layer hat die Rechnung von Ben.Akaisda ueber 2600 Vero bezahlt.
[10.04.2016 | 13:31:04] Rechnung über 450 von Ben.Akaisda an Jay.Mcmillen
[10.04.2016 | 13:31:10] Jay.Mcmillen hat die Rechnung von Ben.Akaisda ueber 450 Vero bezahlt.
[10.04.2016 | 13:36:11] Rechnung über 1200 von Ben.Akaisda an Jay.Mcmillen
[10.04.2016 | 13:36:20] Jay.Mcmillen hat die Rechnung von Ben.Akaisda ueber 1200 Vero bezahlt.
[10.04.2016 | 13:39:31] Rechnung über 1000 von Ben.Akaisda an Ron.Noname
[10.04.2016 | 13:40:06] Ron.Noname hat die Rechnung von Ben.Akaisda ueber 1000 Vero bezahlt.
[10.04.2016 | 13:44:59] Rechnung über 3200 von Ben.Akaisda an Marcel.Gamer
[10.04.2016 | 13:45:05] Marcel.Gamer hat die Rechnung von Ben.Akaisda ueber 3200 Vero bezahlt.
[10.04.2016 | 13:52:26] Rechnung über 800 von Ben.Akaisda an Matze.Gamingtv
[10.04.2016 | 13:52:28] Matze.Gamingtv hat die Rechnung von Ben.Akaisda ueber 800 Vero bezahlt.
[10.04.2016 | 13:53:57] Rechnung über 95 von Ben.Akaisda an Jay.Mcmillen
[10.04.2016 | 13:53:58] Jay.Mcmillen hat die Rechnung von Ben.Akaisda ueber 95 Vero bezahlt.
[10.04.2016 | 13:55:53] Rechnung über 1000 von Ben.Akaisda an Ron.Noname
[10.04.2016 | 13:55:55] Ron.Noname hat die Rechnung von Ben.Akaisda ueber 1000 Vero bezahlt.
[10.04.2016 | 14:08:19] Rechnung über 2750 von Ron.Noname an Sebastian.Layer
[10.04.2016 | 14:08:29] Sebastian.Layer hat die Rechnung von Ron.Noname ueber 2750 Vero bezahlt.
[10.04.2016 | 14:09:31] Rechnung über 900 von Ben.Akaisda an Matze.Gamingtv
[10.04.2016 | 14:09:35] Matze.Gamingtv hat die Rechnung von Ben.Akaisda ueber 900 Vero bezahlt.
[10.04.2016 | 14:19:38] Rechnung über 3000 von Ben.Akaisda an Ron.Noname
[10.04.2016 | 14:19:40] Ron.Noname hat die Rechnung von Ben.Akaisda ueber 3000 Vero bezahlt.
[10.04.2016 | 14:32:08] Rechnung über 500 von Ben.Akaisda an Sebastian.Layer
[10.04.2016 | 14:32:13] Sebastian.Layer hat die Rechnung von Ben.Akaisda ueber 500 Vero bezahlt.
[10.04.2016 | 14:40:47] Rechnung über 500 von Ben.Akaisda an Sebastian.Layer
[10.04.2016 | 14:40:52] Sebastian.Layer hat die Rechnung von Ben.Akaisda ueber 500 Vero bezahlt.
[10.04.2016 | 14:42:53] Rechnung über 500 von Ben.Akaisda an Sebastian.Layer
[10.04.2016 | 14:42:59] Sebastian.Layer hat die Rechnung von Ben.Akaisda ueber 500 Vero bezahlt.
[10.04.2016 | 15:06:16] Rechnung über 5500 von Ben.Akaisda an Jay.Mcmillen
[10.04.2016 | 15:06:34] Jay.Mcmillen hat die Rechnung von Ben.Akaisda ueber 5500 Vero bezahlt.
[10.04.2016 | 15:06:51] Führerschein über 4500 von Florian.Mrpacman an Dennis.Wagner
[10.04.2016 | 15:13:46] Rechnung über 2600 von Ben.Akaisda an Matze.Gamingtv
[10.04.2016 | 15:13:53] Matze.Gamingtv hat die Rechnung von Ben.Akaisda ueber 2600 Vero bezahlt.
[10.04.2016 | 15:16:13] Rechnung über 3200 von Ben.Akaisda an Matze.Gamingtv
[10.04.2016 | 15:16:13] Matze.Gamingtv hat die Rechnung von Ben.Akaisda ueber 3200 Vero bezahlt.
[10.04.2016 | 15:43:20] Rechnung über 372 von Ben.Akaisda an Florian.Mrpacman
[10.04.2016 | 15:43:52] Florian.Mrpacman hat die Rechnung von Ben.Akaisda ueber 372 Vero bezahlt.
[10.04.2016 | 15:51:08] Rechnung über 800 von Ben.Akaisda an Florian.Mrpacman
[10.04.2016 | 15:51:16] Florian.Mrpacman hat die Rechnung von Ben.Akaisda ueber 800 Vero bezahlt.
[10.04.2016 | 15:55:36] Rechnung über 250 von Ben.Akaisda an Florian.Mrpacman
[10.04.2016 | 15:55:47] Florian.Mrpacman hat die Rechnung von Ben.Akaisda ueber 250 Vero bezahlt.
[10.04.2016 | 17:54:25] Rechnung über 5500 von Ben.Akaisda an Jay.Mcmillen
[10.04.2016 | 18:03:54] Jay.Mcmillen hat die Rechnung von Ben.Akaisda ueber 5500 Vero bezahlt.
[10.04.2016 | 18:10:10] Rechnung über 2500 von Ben.Akaisda an Jay.Mcmillen
[10.04.2016 | 18:10:15] Jay.Mcmillen hat die Rechnung von Ben.Akaisda ueber 2500 Vero bezahlt.
[10.04.2016 | 18:23:16] Rechnung über 5500 von Ben.Akaisda an Jay.Mcmillen
[10.04.2016 | 18:28:20] Rechnung über 2600 von Ben.Akaisda an Marcel.Gamer
[10.04.2016 | 18:28:21] Marcel.Gamer hat die Rechnung von Ben.Akaisda ueber 2600 Vero bezahlt.
[10.04.2016 | 19:37:05] Rechnung über 200 von Sebastian.Layer an Dennis.Wagner
[10.04.2016 | 19:39:02] Dennis.Wagner hat die Rechnung von Sebastian.Layer ueber 200 Vero bezahlt.
[10.04.2016 | 20:10:26] Rechnung über 3000 von Ben.Akaisda an Sebastian.Layer
[10.04.2016 | 20:10:33] Sebastian.Layer hat die Rechnung von Ben.Akaisda ueber 3000 Vero bezahlt.
[11.04.2016 | 18:30:53] Rechnung über 3000 von Matze.Gamingtv an Jay.Mcmillen
[11.04.2016 | 18:31:00] Jay.Mcmillen hat die Rechnung von Matze.Gamingtv ueber 3000 Vero bezahlt.
[11.04.2016 | 18:35:40] Rechnung über 1500 von Matze.Gamingtv an Sebastian.Layer
[11.04.2016 | 18:35:46] Sebastian.Layer hat die Rechnung von Matze.Gamingtv ueber 1500 Vero bezahlt.
[11.04.2016 | 18:45:06] Rechnung über 1500 von Matze.Gamingtv an Jay.Mcmillen
[11.04.2016 | 18:45:12] Jay.Mcmillen hat die Rechnung von Matze.Gamingtv ueber 1500 Vero bezahlt.
[11.04.2016 | 18:51:08] Rechnung über 1500 von Matze.Gamingtv an Ryan.McMillen
[11.04.2016 | 18:54:03] Ryan.McMillen hat die Rechnung von Matze.Gamingtv ueber 1500 Vero bezahlt.
[11.04.2016 | 21:09:09] Rechnung über 1250 von Matze.Gamingtv an Dennis.Wagner
[11.04.2016 | 21:09:22] Dennis.Wagner hat die Rechnung von Matze.Gamingtv ueber 1250 Vero bezahlt.
[11.04.2016 | 21:09:24] Führerschein über 0 von Matze.Gamingtv an Webi.Profi
[12.04.2016 | 18:16:30] Rechnung über 1e+82 von Sebastian.Layer an Max.Rundhose
[12.04.2016 | 18:17:16] Rechnung über 1e+24 von Max.Rundhose an Sebastian.Layer
[14.04.2016 | 14:56:07] Führerschein über 0 von Matze.Gamingtv an Jay.Mcmillen
[14.04.2016 | 14:56:16] Führerschein über 0 von Matze.Gamingtv an Jay.Mcmillen
[14.04.2016 | 14:56:30] Führerschein über 0 von Matze.Gamingtv an Jay.Mcmillen
[14.04.2016 | 14:56:36] Führerschein über 0 von Matze.Gamingtv an Jay.Mcmillen
[14.04.2016 | 15:02:25] Führerschein über 0 von Matze.Gamingtv an Matze.Gamingtv
[14.04.2016 | 15:02:37] Führerschein über 0 von Matze.Gamingtv an Matze.Gamingtv
[14.04.2016 | 15:02:40] Führerschein über 0 von Matze.Gamingtv an Matze.Gamingtv
[14.04.2016 | 15:02:44] Führerschein über 0 von Matze.Gamingtv an Matze.Gamingtv
[14.04.2016 | 16:04:53] Führerschein über 0 von Matze.Gamingtv an Sebastian.Wolters
[14.04.2016 | 16:05:18] Führerschein über 0 von Matze.Gamingtv an Sebastian.Wolters
[14.04.2016 | 16:06:00] Führerschein über 0 von Matze.Gamingtv an Sebastian.Wolters
[14.04.2016 | 16:06:04] Führerschein über 0 von Matze.Gamingtv an Sebastian.Wolters
[14.04.2016 | 16:06:17] Führerschein über 0 von Matze.Gamingtv an Sebastian.Wolters
[06.05.2016 | 15:13:49] Führerschein über 1 von Matze.Gamingtv an Florian.Pacman
[06.05.2016 | 15:14:39] Führerschein über 0 von Matze.Gamingtv an Florian.Pacman
[06.05.2016 | 15:15:13] Führerschein über 0 von Matze.Gamingtv an Florian.Pacman
[06.05.2016 | 15:15:28] Führerschein über 0 von Matze.Gamingtv an Florian.Pacman
[06.05.2016 | 15:15:33] Führerschein über 0 von Matze.Gamingtv an Florian.Pacman
[06.05.2016 | 19:16:46] Führerschein über 0 von Matze.Gamingtv an Kevin.Strauss
[06.05.2016 | 19:17:23] Führerschein über 0 von Matze.Gamingtv an Kevin.Strauss
[06.05.2016 | 19:17:42] Führerschein über 0 von Matze.Gamingtv an Kevin.Strauss
[06.05.2016 | 19:17:46] Führerschein über 0 von Matze.Gamingtv an Kevin.Strauss
[06.05.2016 | 19:18:04] Führerschein über 0 von Matze.Gamingtv an Kevin.Strauss
[06.05.2016 | 19:18:05] Führerschein über 0 von Matze.Gamingtv an Kevin.Strauss
[06.05.2016 | 23:00:23] Führerschein über 0 von Ben.Akaisda an Marcel.Zockerhd
[06.05.2016 | 23:01:19] Führerschein über 0 von Ben.Akaisda an Marcel.Zockerhd
[06.05.2016 | 23:02:39] Führerschein über 0 von Ben.Akaisda an Marcel.Zockerhd
[06.05.2016 | 23:02:57] Führerschein über 0 von Ben.Akaisda an Marcel.Zockerhd
[06.05.2016 | 23:03:14] Führerschein über 0 von Ben.Akaisda an Marcel.Zockerhd
[12.06.2016 | 14:01:12] Waffenschein über 1 von Sebastian.Hunter an Sebastian.Hunter
[14.06.2016 | 21:38:05] Führerschein über 0 von Matze.Gamingtv an Florian.Mrpacman
[14.06.2016 | 21:38:27] Führerschein über 0 von Matze.Gamingtv an Florian.Mrpacman
[14.06.2016 | 21:39:14] Führerschein über 0 von Matze.Gamingtv an Florian.Mrpacman
[14.06.2016 | 21:39:19] Führerschein über 0 von Matze.Gamingtv an Florian.Mrpacman
[14.06.2016 | 21:39:23] Führerschein über 0 von Matze.Gamingtv an Florian.Mrpacman
[14.06.2016 | 21:39:26] Führerschein über 0 von Matze.Gamingtv an Florian.Mrpacman
[15.06.2016 | 16:14:05] Führerschein über 0 von Matze.Gamingtv an Gamtv.Gamerhd
[15.06.2016 | 16:14:58] Führerschein über 0 von Matze.Gamingtv an Gamtv.Gamerhd
[15.06.2016 | 16:15:26] Führerschein über 0 von Matze.Gamingtv an Gamtv.Gamerhd
[15.06.2016 | 16:15:48] Führerschein über 0 von Matze.Gamingtv an Gamtv.Gamerhd
[15.06.2016 | 16:15:59] Führerschein über 0 von Matze.Gamingtv an Gamtv.Gamerhd
[23.06.2016 | 18:20:06] Führerschein über 0 von Matze.Gamingtv an Ben.Miller
[23.06.2016 | 18:20:23] Führerschein über 0 von Matze.Gamingtv an Ben.Miller
[23.06.2016 | 18:20:41] Führerschein über 0 von Matze.Gamingtv an Ben.Miller
[23.06.2016 | 18:20:56] Führerschein über 0 von Matze.Gamingtv an Ben.Miller
[23.06.2016 | 18:26:27] Rechnung über 3200 von Ben.Miller an Matze.Gamingtv
[23.06.2016 | 18:26:34] Matze.Gamingtv hat die Rechnung von Ben.Miller ueber 3200 Vero bezahlt.
[23.06.2016 | 19:40:48] Führerschein über 1 von Marcel.Paul an Marcel.Paul
[23.06.2016 | 19:42:27] Führerschein über 1 von Marcel.Paul an Marcel.Paul
[23.06.2016 | 19:42:56] Führerschein über 1 von Marcel.Paul an Marcel.Paul
[23.06.2016 | 19:43:21] Führerschein über 1 von Marcel.Paul an Marcel.Paul
[23.06.2016 | 19:53:24] Rechnung über 2500 von Ben.Miller an Marcel.Paul
[23.06.2016 | 19:54:12] Marcel.Paul hat die Rechnung von Ben.Miller ueber 2500 Vero bezahlt.
[25.06.2016 | 20:39:04] Führerschein über 1 von Florian.Mrpacman an Ron.Noname
[25.06.2016 | 20:40:46] Führerschein über 1 von Florian.Mrpacman an Ron.Noname
[25.06.2016 | 20:41:07] Führerschein über 1 von Florian.Mrpacman an Ron.Noname
[25.06.2016 | 20:41:22] Führerschein über 1 von Florian.Mrpacman an Ron.Noname
[27.06.2016 | 21:23:13] Führerschein über 1 von Florian.Mrpacman an Leon.Schmunk
[27.06.2016 | 21:25:16] Führerschein über 1 von Florian.Mrpacman an Leon.Schmunk
[27.06.2016 | 21:25:47] Führerschein über 1 von Florian.Mrpacman an Leon.Schmunk
[27.06.2016 | 21:28:01] Führerschein über 1 von Florian.Mrpacman an Leon.Schmunk
[29.06.2016 | 17:36:05] Führerschein über 1 von Matze.Gamingtv an Marcel.Redhead
[29.06.2016 | 17:36:07] Führerschein über 0 von Matze.Gamingtv an Marcel.Redhead
[29.06.2016 | 17:38:33] Führerschein über 0 von Matze.Gamingtv an Marcel.Redhead
[29.06.2016 | 17:39:26] Führerschein über 0 von Matze.Gamingtv an Marcel.Redhead
[29.06.2016 | 17:39:48] Führerschein über 0 von Matze.Gamingtv an Marcel.Redhead
[29.06.2016 | 18:28:28] Führerschein über 1 von Florian.Mrpacman an Tom.Reck
[29.06.2016 | 18:28:46] Führerschein über 1 von Florian.Mrpacman an Tom.Reck
[29.06.2016 | 18:28:58] Führerschein über 1 von Florian.Mrpacman an Tom.Reck
[29.06.2016 | 18:29:15] Führerschein über 1 von Florian.Mrpacman an Tom.Reck
[29.06.2016 | 21:41:58] Führerschein über 1600 von Florian.Mrpacman an Holtwiesch.Lucas
[29.06.2016 | 21:44:03] Führerschein über 1600 von Florian.Mrpacman an Holtwiesch.Lucas
[01.07.2016 | 18:40:31] Führerschein über 1800 von Florian.Mrpacman an Leon.Bley
